{"E:\\lambdaschool\\labs\\wowo-be\\index.js": {"path":"E:\\lambdaschool\\labs\\wowo-be\\index.js","statementMap":{"0":{"start":{"line":1,"column":15},"end":{"line":1,"column":41}},"1":{"start":{"line":2,"column":0},"end":{"line":2,"column":27}},"2":{"start":{"line":5,"column":13},"end":{"line":5,"column":37}},"3":{"start":{"line":6,"column":0},"end":{"line":8,"column":3}},"4":{"start":{"line":7,"column":2},"end":{"line":7,"column":62}}},"fnMap":{"0":{"name":"(anonymous_0)","decl":{"start":{"line":6,"column":20},"end":{"line":6,"column":21}},"loc":{"start":{"line":6,"column":26},"end":{"line":8,"column":1}},"line":6}},"branchMap":{"0":{"loc":{"start":{"line":5,"column":13},"end":{"line":5,"column":37}},"type":"binary-expr","locations":[{"start":{"line":5,"column":13},"end":{"line":5,"column":29}},{"start":{"line":5,"column":33},"end":{"line":5,"column":37}}],"line":5}},"s":{"0":0,"1":0,"2":0,"3":0,"4":0},"f":{"0":0},"b":{"0":[0,0]},"hash":"def83de5372eb802450b32a62adaf776d8b782b5"}
,"E:\\lambdaschool\\labs\\wowo-be\\knexfile.js": {"path":"E:\\lambdaschool\\labs\\wowo-be\\knexfile.js","statementMap":{"0":{"start":{"line":1,"column":0},"end":{"line":1,"column":27}},"1":{"start":{"line":3,"column":0},"end":{"line":94,"column":2}}},"fnMap":{},"branchMap":{},"s":{"0":1,"1":1},"f":{},"b":{},"_coverageSchema":"43e27e138ebf9cfc5966b082cf9a028302ed4184","hash":"c7be50489b7a16eba893aa8a7b27361f16c7c7bc"}
,"E:\\lambdaschool\\labs\\wowo-be\\api\\server.js": {"path":"E:\\lambdaschool\\labs\\wowo-be\\api\\server.js","statementMap":{"0":{"start":{"line":1,"column":16},"end":{"line":1,"column":34}},"1":{"start":{"line":2,"column":13},"end":{"line":2,"column":28}},"2":{"start":{"line":3,"column":15},"end":{"line":3,"column":32}},"3":{"start":{"line":4,"column":0},"end":{"line":4,"column":27}},"4":{"start":{"line":10,"column":21},"end":{"line":10,"column":56}},"5":{"start":{"line":11,"column":21},"end":{"line":11,"column":56}},"6":{"start":{"line":12,"column":19},"end":{"line":12,"column":52}},"7":{"start":{"line":13,"column":20},"end":{"line":13,"column":55}},"8":{"start":{"line":14,"column":22},"end":{"line":14,"column":61}},"9":{"start":{"line":16,"column":15},"end":{"line":16,"column":24}},"10":{"start":{"line":18,"column":0},"end":{"line":18,"column":21}},"11":{"start":{"line":19,"column":0},"end":{"line":19,"column":19}},"12":{"start":{"line":20,"column":0},"end":{"line":20,"column":27}},"13":{"start":{"line":24,"column":0},"end":{"line":24,"column":35}},"14":{"start":{"line":25,"column":0},"end":{"line":25,"column":37}},"15":{"start":{"line":26,"column":0},"end":{"line":26,"column":33}},"16":{"start":{"line":27,"column":0},"end":{"line":27,"column":35}},"17":{"start":{"line":28,"column":0},"end":{"line":28,"column":39}},"18":{"start":{"line":30,"column":0},"end":{"line":32,"column":3}},"19":{"start":{"line":31,"column":2},"end":{"line":31,"column":65}},"20":{"start":{"line":35,"column":0},"end":{"line":39,"column":3}},"21":{"start":{"line":36,"column":12},"end":{"line":36,"column":34}},"22":{"start":{"line":37,"column":2},"end":{"line":37,"column":19}},"23":{"start":{"line":38,"column":2},"end":{"line":38,"column":12}},"24":{"start":{"line":42,"column":0},"end":{"line":48,"column":3}},"25":{"start":{"line":43,"column":2},"end":{"line":43,"column":32}},"26":{"start":{"line":44,"column":2},"end":{"line":47,"column":5}},"27":{"start":{"line":50,"column":0},"end":{"line":50,"column":24}}},"fnMap":{"0":{"name":"(anonymous_0)","decl":{"start":{"line":30,"column":16},"end":{"line":30,"column":17}},"loc":{"start":{"line":30,"column":30},"end":{"line":32,"column":1}},"line":30},"1":{"name":"(anonymous_1)","decl":{"start":{"line":35,"column":11},"end":{"line":35,"column":12}},"loc":{"start":{"line":35,"column":37},"end":{"line":39,"column":1}},"line":35},"2":{"name":"(anonymous_2)","decl":{"start":{"line":42,"column":11},"end":{"line":42,"column":12}},"loc":{"start":{"line":42,"column":42},"end":{"line":48,"column":1}},"line":42}},"branchMap":{"0":{"loc":{"start":{"line":43,"column":13},"end":{"line":43,"column":30}},"type":"binary-expr","locations":[{"start":{"line":43,"column":13},"end":{"line":43,"column":23}},{"start":{"line":43,"column":27},"end":{"line":43,"column":30}}],"line":43},"1":{"loc":{"start":{"line":46,"column":11},"end":{"line":46,"column":61}},"type":"cond-expr","locations":[{"start":{"line":46,"column":53},"end":{"line":46,"column":56}},{"start":{"line":46,"column":59},"end":{"line":46,"column":61}}],"line":46}},"s":{"0":0,"1":0,"2":0,"3":0,"4":0,"5":0,"6":0,"7":0,"8":0,"9":0,"10":0,"11":0,"12":0,"13":0,"14":0,"15":0,"16":0,"17":0,"18":0,"19":0,"20":0,"21":0,"22":0,"23":0,"24":0,"25":0,"26":0,"27":0},"f":{"0":0,"1":0,"2":0},"b":{"0":[0,0],"1":[0,0]},"hash":"d91a5e1775ea56a739241def4d6d360d6370f8d0"}
,"E:\\lambdaschool\\labs\\wowo-be\\auth\\auth-middleware.js": {"path":"E:\\lambdaschool\\labs\\wowo-be\\auth\\auth-middleware.js","statementMap":{"0":{"start":{"line":2,"column":14},"end":{"line":2,"column":37}},"1":{"start":{"line":3,"column":0},"end":{"line":6,"column":2}},"2":{"start":{"line":8,"column":2},"end":{"line":16,"column":5}},"3":{"start":{"line":9,"column":4},"end":{"line":15,"column":5}},"4":{"start":{"line":10,"column":6},"end":{"line":10,"column":27}},"5":{"start":{"line":11,"column":6},"end":{"line":11,"column":22}},"6":{"start":{"line":12,"column":6},"end":{"line":12,"column":13}},"7":{"start":{"line":14,"column":6},"end":{"line":14,"column":59}},"8":{"start":{"line":20,"column":2},"end":{"line":26,"column":5}},"9":{"start":{"line":21,"column":4},"end":{"line":25,"column":5}},"10":{"start":{"line":22,"column":6},"end":{"line":22,"column":79}},"11":{"start":{"line":24,"column":6},"end":{"line":24,"column":13}}},"fnMap":{"0":{"name":"validateUserId","decl":{"start":{"line":7,"column":9},"end":{"line":7,"column":23}},"loc":{"start":{"line":7,"column":40},"end":{"line":17,"column":1}},"line":7},"1":{"name":"(anonymous_1)","decl":{"start":{"line":8,"column":37},"end":{"line":8,"column":38}},"loc":{"start":{"line":8,"column":47},"end":{"line":16,"column":3}},"line":8},"2":{"name":"ifWasherExists","decl":{"start":{"line":19,"column":9},"end":{"line":19,"column":23}},"loc":{"start":{"line":19,"column":40},"end":{"line":27,"column":1}},"line":19},"3":{"name":"(anonymous_3)","decl":{"start":{"line":20,"column":41},"end":{"line":20,"column":42}},"loc":{"start":{"line":20,"column":53},"end":{"line":26,"column":3}},"line":20}},"branchMap":{"0":{"loc":{"start":{"line":9,"column":4},"end":{"line":15,"column":5}},"type":"if","locations":[{"start":{"line":9,"column":4},"end":{"line":15,"column":5}},{"start":{"line":9,"column":4},"end":{"line":15,"column":5}}],"line":9},"1":{"loc":{"start":{"line":21,"column":4},"end":{"line":25,"column":5}},"type":"if","locations":[{"start":{"line":21,"column":4},"end":{"line":25,"column":5}},{"start":{"line":21,"column":4},"end":{"line":25,"column":5}}],"line":21}},"s":{"0":1,"1":1,"2":1,"3":1,"4":1,"5":1,"6":1,"7":0,"8":1,"9":1,"10":0,"11":1},"f":{"0":1,"1":1,"2":1,"3":1},"b":{"0":[1,0],"1":[0,1]},"_coverageSchema":"43e27e138ebf9cfc5966b082cf9a028302ed4184","hash":"f8491c9818293fa00c5787b420077ad60e139b18"}
,"E:\\lambdaschool\\labs\\wowo-be\\auth\\auth-modal.js": {"path":"E:\\lambdaschool\\labs\\wowo-be\\auth\\auth-modal.js","statementMap":{"0":{"start":{"line":1,"column":11},"end":{"line":1,"column":42}},"1":{"start":{"line":3,"column":0},"end":{"line":11,"column":2}},"2":{"start":{"line":13,"column":2},"end":{"line":13,"column":23}},"3":{"start":{"line":17,"column":2},"end":{"line":17,"column":21}},"4":{"start":{"line":21,"column":2},"end":{"line":23,"column":28}},"5":{"start":{"line":23,"column":22},"end":{"line":23,"column":26}},"6":{"start":{"line":27,"column":2},"end":{"line":29,"column":28}},"7":{"start":{"line":29,"column":22},"end":{"line":29,"column":26}},"8":{"start":{"line":33,"column":2},"end":{"line":35,"column":24}},"9":{"start":{"line":35,"column":20},"end":{"line":35,"column":22}},"10":{"start":{"line":39,"column":2},"end":{"line":41,"column":24}},"11":{"start":{"line":41,"column":20},"end":{"line":41,"column":22}},"12":{"start":{"line":45,"column":2},"end":{"line":47,"column":32}},"13":{"start":{"line":47,"column":24},"end":{"line":47,"column":30}}},"fnMap":{"0":{"name":"findWasher","decl":{"start":{"line":12,"column":9},"end":{"line":12,"column":19}},"loc":{"start":{"line":12,"column":22},"end":{"line":14,"column":1}},"line":12},"1":{"name":"find","decl":{"start":{"line":16,"column":9},"end":{"line":16,"column":13}},"loc":{"start":{"line":16,"column":16},"end":{"line":18,"column":1}},"line":16},"2":{"name":"findById","decl":{"start":{"line":20,"column":9},"end":{"line":20,"column":17}},"loc":{"start":{"line":20,"column":22},"end":{"line":24,"column":1}},"line":20},"3":{"name":"(anonymous_3)","decl":{"start":{"line":23,"column":10},"end":{"line":23,"column":11}},"loc":{"start":{"line":23,"column":22},"end":{"line":23,"column":26}},"line":23},"4":{"name":"findByEmail","decl":{"start":{"line":26,"column":9},"end":{"line":26,"column":20}},"loc":{"start":{"line":26,"column":28},"end":{"line":30,"column":1}},"line":26},"5":{"name":"(anonymous_5)","decl":{"start":{"line":29,"column":10},"end":{"line":29,"column":11}},"loc":{"start":{"line":29,"column":22},"end":{"line":29,"column":26}},"line":29},"6":{"name":"insert","decl":{"start":{"line":32,"column":9},"end":{"line":32,"column":15}},"loc":{"start":{"line":32,"column":22},"end":{"line":36,"column":1}},"line":32},"7":{"name":"(anonymous_7)","decl":{"start":{"line":35,"column":10},"end":{"line":35,"column":11}},"loc":{"start":{"line":35,"column":20},"end":{"line":35,"column":22}},"line":35},"8":{"name":"insertWasher","decl":{"start":{"line":38,"column":9},"end":{"line":38,"column":21}},"loc":{"start":{"line":38,"column":30},"end":{"line":42,"column":1}},"line":38},"9":{"name":"(anonymous_9)","decl":{"start":{"line":41,"column":10},"end":{"line":41,"column":11}},"loc":{"start":{"line":41,"column":20},"end":{"line":41,"column":22}},"line":41},"10":{"name":"findWasherId","decl":{"start":{"line":44,"column":9},"end":{"line":44,"column":21}},"loc":{"start":{"line":44,"column":30},"end":{"line":48,"column":1}},"line":44},"11":{"name":"(anonymous_11)","decl":{"start":{"line":47,"column":10},"end":{"line":47,"column":11}},"loc":{"start":{"line":47,"column":24},"end":{"line":47,"column":30}},"line":47}},"branchMap":{},"s":{"0":1,"1":1,"2":0,"3":0,"4":0,"5":0,"6":0,"7":0,"8":0,"9":0,"10":0,"11":0,"12":0,"13":0},"f":{"0":0,"1":0,"2":0,"3":0,"4":0,"5":0,"6":0,"7":0,"8":0,"9":0,"10":0,"11":0},"b":{},"_coverageSchema":"43e27e138ebf9cfc5966b082cf9a028302ed4184","hash":"8277040aa302aa101a115dee80259fe741d7ff57"}
,"E:\\lambdaschool\\labs\\wowo-be\\auth\\auth-routerPG.js": {"path":"E:\\lambdaschool\\labs\\wowo-be\\auth\\auth-routerPG.js","statementMap":{"0":{"start":{"line":1,"column":21},"end":{"line":1,"column":48}},"1":{"start":{"line":2,"column":15},"end":{"line":2,"column":34}},"2":{"start":{"line":3,"column":22},"end":{"line":3,"column":63}},"3":{"start":{"line":4,"column":43},"end":{"line":4,"column":71}},"4":{"start":{"line":5,"column":14},"end":{"line":5,"column":37}},"5":{"start":{"line":7,"column":0},"end":{"line":13,"column":3}},"6":{"start":{"line":8,"column":2},"end":{"line":12,"column":42}},"7":{"start":{"line":10,"column":6},"end":{"line":10,"column":34}},"8":{"start":{"line":12,"column":20},"end":{"line":12,"column":40}},"9":{"start":{"line":15,"column":0},"end":{"line":38,"column":3}},"10":{"start":{"line":16,"column":13},"end":{"line":16,"column":21}},"11":{"start":{"line":17,"column":15},"end":{"line":17,"column":25}},"12":{"start":{"line":18,"column":23},"end":{"line":18,"column":27}},"13":{"start":{"line":19,"column":15},"end":{"line":19,"column":49}},"14":{"start":{"line":20,"column":2},"end":{"line":20,"column":23}},"15":{"start":{"line":21,"column":2},"end":{"line":21,"column":35}},"16":{"start":{"line":22,"column":2},"end":{"line":37,"column":7}},"17":{"start":{"line":24,"column":6},"end":{"line":32,"column":9}},"18":{"start":{"line":25,"column":8},"end":{"line":25,"column":29}},"19":{"start":{"line":26,"column":22},"end":{"line":26,"column":41}},"20":{"start":{"line":27,"column":8},"end":{"line":31,"column":11}},"21":{"start":{"line":35,"column":6},"end":{"line":35,"column":25}},"22":{"start":{"line":36,"column":6},"end":{"line":36,"column":34}},"23":{"start":{"line":40,"column":0},"end":{"line":63,"column":2}},"24":{"start":{"line":44,"column":15},"end":{"line":44,"column":26}},"25":{"start":{"line":45,"column":22},"end":{"line":45,"column":57}},"26":{"start":{"line":47,"column":4},"end":{"line":61,"column":9}},"27":{"start":{"line":49,"column":8},"end":{"line":57,"column":13}},"28":{"start":{"line":51,"column":12},"end":{"line":51,"column":69}},"29":{"start":{"line":54,"column":12},"end":{"line":56,"column":74}},"30":{"start":{"line":60,"column":8},"end":{"line":60,"column":66}},"31":{"start":{"line":64,"column":0},"end":{"line":70,"column":3}},"32":{"start":{"line":65,"column":2},"end":{"line":69,"column":80}},"33":{"start":{"line":67,"column":6},"end":{"line":67,"column":35}},"34":{"start":{"line":69,"column":20},"end":{"line":69,"column":78}},"35":{"start":{"line":71,"column":0},"end":{"line":100,"column":3}},"36":{"start":{"line":72,"column":30},"end":{"line":72,"column":38}},"37":{"start":{"line":73,"column":2},"end":{"line":99,"column":11}},"38":{"start":{"line":77,"column":10},"end":{"line":95,"column":11}},"39":{"start":{"line":78,"column":12},"end":{"line":78,"column":33}},"40":{"start":{"line":79,"column":26},"end":{"line":79,"column":45}},"41":{"start":{"line":80,"column":12},"end":{"line":92,"column":13}},"42":{"start":{"line":81,"column":14},"end":{"line":89,"column":19}},"43":{"start":{"line":83,"column":18},"end":{"line":83,"column":64}},"44":{"start":{"line":86,"column":18},"end":{"line":88,"column":69}},"45":{"start":{"line":91,"column":14},"end":{"line":91,"column":52}},"46":{"start":{"line":94,"column":12},"end":{"line":94,"column":66}},"47":{"start":{"line":98,"column":10},"end":{"line":98,"column":76}},"48":{"start":{"line":125,"column":0},"end":{"line":125,"column":30}}},"fnMap":{"0":{"name":"(anonymous_0)","decl":{"start":{"line":7,"column":22},"end":{"line":7,"column":23}},"loc":{"start":{"line":7,"column":36},"end":{"line":13,"column":1}},"line":7},"1":{"name":"(anonymous_1)","decl":{"start":{"line":9,"column":10},"end":{"line":9,"column":11}},"loc":{"start":{"line":9,"column":21},"end":{"line":11,"column":5}},"line":9},"2":{"name":"(anonymous_2)","decl":{"start":{"line":12,"column":11},"end":{"line":12,"column":12}},"loc":{"start":{"line":12,"column":20},"end":{"line":12,"column":40}},"line":12},"3":{"name":"(anonymous_3)","decl":{"start":{"line":15,"column":37},"end":{"line":15,"column":38}},"loc":{"start":{"line":15,"column":57},"end":{"line":38,"column":1}},"line":15},"4":{"name":"(anonymous_4)","decl":{"start":{"line":23,"column":10},"end":{"line":23,"column":11}},"loc":{"start":{"line":23,"column":18},"end":{"line":33,"column":5}},"line":23},"5":{"name":"(anonymous_5)","decl":{"start":{"line":24,"column":30},"end":{"line":24,"column":31}},"loc":{"start":{"line":24,"column":40},"end":{"line":32,"column":7}},"line":24},"6":{"name":"(anonymous_6)","decl":{"start":{"line":34,"column":11},"end":{"line":34,"column":12}},"loc":{"start":{"line":34,"column":22},"end":{"line":37,"column":5}},"line":34},"7":{"name":"(anonymous_7)","decl":{"start":{"line":43,"column":2},"end":{"line":43,"column":3}},"loc":{"start":{"line":43,"column":16},"end":{"line":62,"column":3}},"line":43},"8":{"name":"(anonymous_8)","decl":{"start":{"line":48,"column":12},"end":{"line":48,"column":13}},"loc":{"start":{"line":48,"column":20},"end":{"line":58,"column":7}},"line":48},"9":{"name":"(anonymous_9)","decl":{"start":{"line":50,"column":16},"end":{"line":50,"column":17}},"loc":{"start":{"line":50,"column":28},"end":{"line":52,"column":11}},"line":50},"10":{"name":"(anonymous_10)","decl":{"start":{"line":53,"column":17},"end":{"line":53,"column":18}},"loc":{"start":{"line":53,"column":26},"end":{"line":57,"column":11}},"line":53},"11":{"name":"(anonymous_11)","decl":{"start":{"line":59,"column":13},"end":{"line":59,"column":14}},"loc":{"start":{"line":59,"column":22},"end":{"line":61,"column":7}},"line":59},"12":{"name":"(anonymous_12)","decl":{"start":{"line":64,"column":29},"end":{"line":64,"column":30}},"loc":{"start":{"line":64,"column":43},"end":{"line":70,"column":1}},"line":64},"13":{"name":"(anonymous_13)","decl":{"start":{"line":66,"column":10},"end":{"line":66,"column":11}},"loc":{"start":{"line":66,"column":22},"end":{"line":68,"column":5}},"line":66},"14":{"name":"(anonymous_14)","decl":{"start":{"line":69,"column":11},"end":{"line":69,"column":12}},"loc":{"start":{"line":69,"column":20},"end":{"line":69,"column":78}},"line":69},"15":{"name":"(anonymous_15)","decl":{"start":{"line":71,"column":28},"end":{"line":71,"column":29}},"loc":{"start":{"line":71,"column":42},"end":{"line":100,"column":1}},"line":71},"16":{"name":"(anonymous_16)","decl":{"start":{"line":76,"column":14},"end":{"line":76,"column":15}},"loc":{"start":{"line":76,"column":24},"end":{"line":96,"column":9}},"line":76},"17":{"name":"(anonymous_17)","decl":{"start":{"line":82,"column":22},"end":{"line":82,"column":23}},"loc":{"start":{"line":82,"column":34},"end":{"line":84,"column":17}},"line":82},"18":{"name":"(anonymous_18)","decl":{"start":{"line":85,"column":23},"end":{"line":85,"column":24}},"loc":{"start":{"line":85,"column":32},"end":{"line":89,"column":17}},"line":85},"19":{"name":"(anonymous_19)","decl":{"start":{"line":97,"column":15},"end":{"line":97,"column":16}},"loc":{"start":{"line":97,"column":24},"end":{"line":99,"column":9}},"line":97}},"branchMap":{"0":{"loc":{"start":{"line":73,"column":2},"end":{"line":99,"column":10}},"type":"cond-expr","locations":[{"start":{"line":74,"column":6},"end":{"line":74,"column":75}},{"start":{"line":75,"column":6},"end":{"line":99,"column":10}}],"line":73},"1":{"loc":{"start":{"line":73,"column":2},"end":{"line":73,"column":21}},"type":"binary-expr","locations":[{"start":{"line":73,"column":2},"end":{"line":73,"column":8}},{"start":{"line":73,"column":12},"end":{"line":73,"column":21}}],"line":73},"2":{"loc":{"start":{"line":77,"column":10},"end":{"line":95,"column":11}},"type":"if","locations":[{"start":{"line":77,"column":10},"end":{"line":95,"column":11}},{"start":{"line":77,"column":10},"end":{"line":95,"column":11}}],"line":77},"3":{"loc":{"start":{"line":77,"column":14},"end":{"line":77,"column":65}},"type":"binary-expr","locations":[{"start":{"line":77,"column":14},"end":{"line":77,"column":18}},{"start":{"line":77,"column":22},"end":{"line":77,"column":65}}],"line":77},"4":{"loc":{"start":{"line":80,"column":12},"end":{"line":92,"column":13}},"type":"if","locations":[{"start":{"line":80,"column":12},"end":{"line":92,"column":13}},{"start":{"line":80,"column":12},"end":{"line":92,"column":13}}],"line":80}},"s":{"0":1,"1":1,"2":1,"3":1,"4":1,"5":1,"6":1,"7":1,"8":0,"9":1,"10":1,"11":1,"12":1,"13":1,"14":1,"15":1,"16":1,"17":1,"18":1,"19":1,"20":1,"21":0,"22":0,"23":1,"24":1,"25":1,"26":1,"27":1,"28":1,"29":0,"30":0,"31":1,"32":1,"33":1,"34":0,"35":1,"36":1,"37":1,"38":1,"39":1,"40":1,"41":1,"42":1,"43":1,"44":0,"45":0,"46":0,"47":0,"48":1},"f":{"0":1,"1":1,"2":0,"3":1,"4":1,"5":1,"6":0,"7":1,"8":1,"9":1,"10":0,"11":0,"12":1,"13":1,"14":0,"15":1,"16":1,"17":1,"18":0,"19":0},"b":{"0":[0,1],"1":[1,1],"2":[1,0],"3":[1,1],"4":[1,0]},"_coverageSchema":"43e27e138ebf9cfc5966b082cf9a028302ed4184","hash":"c4f193091f3e3cc1b2616b3eb137e1b8a4ac39a9"}
,"E:\\lambdaschool\\labs\\wowo-be\\cars\\cars-router.js": {"path":"E:\\lambdaschool\\labs\\wowo-be\\cars\\cars-router.js","statementMap":{"0":{"start":{"line":1,"column":19},"end":{"line":1,"column":46}},"1":{"start":{"line":2,"column":11},"end":{"line":2,"column":45}},"2":{"start":{"line":4,"column":0},"end":{"line":9,"column":3}},"3":{"start":{"line":5,"column":19},"end":{"line":5,"column":74}},"4":{"start":{"line":6,"column":18},"end":{"line":6,"column":51}},"5":{"start":{"line":7,"column":17},"end":{"line":7,"column":35}},"6":{"start":{"line":8,"column":4},"end":{"line":8,"column":40}},"7":{"start":{"line":11,"column":0},"end":{"line":15,"column":3}},"8":{"start":{"line":12,"column":21},"end":{"line":12,"column":29}},"9":{"start":{"line":13,"column":17},"end":{"line":13,"column":73}},"10":{"start":{"line":14,"column":4},"end":{"line":14,"column":38}},"11":{"start":{"line":18,"column":0},"end":{"line":22,"column":2}},"12":{"start":{"line":19,"column":28},"end":{"line":19,"column":36}},"13":{"start":{"line":20,"column":18},"end":{"line":20,"column":75}},"14":{"start":{"line":21,"column":4},"end":{"line":21,"column":39}},"15":{"start":{"line":27,"column":0},"end":{"line":33,"column":2}},"16":{"start":{"line":28,"column":47},"end":{"line":28,"column":55}},"17":{"start":{"line":29,"column":24},"end":{"line":29,"column":89}},"18":{"start":{"line":30,"column":22},"end":{"line":30,"column":44}},"19":{"start":{"line":32,"column":4},"end":{"line":32,"column":43}},"20":{"start":{"line":36,"column":0},"end":{"line":36,"column":28}}},"fnMap":{"0":{"name":"(anonymous_0)","decl":{"start":{"line":4,"column":25},"end":{"line":4,"column":26}},"loc":{"start":{"line":4,"column":45},"end":{"line":9,"column":1}},"line":4},"1":{"name":"(anonymous_1)","decl":{"start":{"line":11,"column":27},"end":{"line":11,"column":28}},"loc":{"start":{"line":11,"column":47},"end":{"line":15,"column":1}},"line":11},"2":{"name":"(anonymous_2)","decl":{"start":{"line":18,"column":29},"end":{"line":18,"column":30}},"loc":{"start":{"line":18,"column":49},"end":{"line":22,"column":1}},"line":18},"3":{"name":"(anonymous_3)","decl":{"start":{"line":27,"column":28},"end":{"line":27,"column":29}},"loc":{"start":{"line":27,"column":48},"end":{"line":33,"column":1}},"line":27}},"branchMap":{"0":{"loc":{"start":{"line":20,"column":41},"end":{"line":20,"column":58}},"type":"binary-expr","locations":[{"start":{"line":20,"column":41},"end":{"line":20,"column":47}},{"start":{"line":20,"column":51},"end":{"line":20,"column":58}}],"line":20}},"s":{"0":0,"1":0,"2":0,"3":0,"4":0,"5":0,"6":0,"7":0,"8":0,"9":0,"10":0,"11":0,"12":0,"13":0,"14":0,"15":0,"16":0,"17":0,"18":0,"19":0,"20":0},"f":{"0":0,"1":0,"2":0,"3":0},"b":{"0":[0,0]},"hash":"4e4f049f18f548c52bd08ecbd6677ad09e2d802e"}
,"E:\\lambdaschool\\labs\\wowo-be\\cars\\cars-routerPG.js": {"path":"E:\\lambdaschool\\labs\\wowo-be\\cars\\cars-routerPG.js","statementMap":{"0":{"start":{"line":1,"column":21},"end":{"line":1,"column":48}},"1":{"start":{"line":2,"column":11},"end":{"line":2,"column":45}},"2":{"start":{"line":3,"column":16},"end":{"line":3,"column":49}},"3":{"start":{"line":4,"column":53},"end":{"line":4,"column":86}},"4":{"start":{"line":8,"column":0},"end":{"line":18,"column":3}},"5":{"start":{"line":13,"column":4},"end":{"line":17,"column":46}},"6":{"start":{"line":15,"column":8},"end":{"line":15,"column":43}},"7":{"start":{"line":17,"column":18},"end":{"line":17,"column":45}},"8":{"start":{"line":21,"column":0},"end":{"line":28,"column":3}},"9":{"start":{"line":22,"column":21},"end":{"line":22,"column":29}},"10":{"start":{"line":23,"column":4},"end":{"line":27,"column":47}},"11":{"start":{"line":25,"column":8},"end":{"line":25,"column":44}},"12":{"start":{"line":27,"column":18},"end":{"line":27,"column":45}},"13":{"start":{"line":31,"column":0},"end":{"line":35,"column":2}},"14":{"start":{"line":32,"column":28},"end":{"line":32,"column":36}},"15":{"start":{"line":33,"column":18},"end":{"line":33,"column":75}},"16":{"start":{"line":34,"column":4},"end":{"line":34,"column":39}},"17":{"start":{"line":38,"column":0},"end":{"line":45,"column":2}},"18":{"start":{"line":39,"column":19},"end":{"line":39,"column":27}},"19":{"start":{"line":40,"column":4},"end":{"line":44,"column":45}},"20":{"start":{"line":42,"column":8},"end":{"line":42,"column":46}},"21":{"start":{"line":44,"column":18},"end":{"line":44,"column":43}},"22":{"start":{"line":48,"column":0},"end":{"line":54,"column":2}},"23":{"start":{"line":49,"column":47},"end":{"line":49,"column":55}},"24":{"start":{"line":50,"column":24},"end":{"line":50,"column":89}},"25":{"start":{"line":51,"column":22},"end":{"line":51,"column":44}},"26":{"start":{"line":53,"column":4},"end":{"line":53,"column":43}},"27":{"start":{"line":57,"column":0},"end":{"line":57,"column":30}}},"fnMap":{"0":{"name":"(anonymous_0)","decl":{"start":{"line":8,"column":27},"end":{"line":8,"column":28}},"loc":{"start":{"line":8,"column":47},"end":{"line":18,"column":1}},"line":8},"1":{"name":"(anonymous_1)","decl":{"start":{"line":14,"column":10},"end":{"line":14,"column":11}},"loc":{"start":{"line":14,"column":20},"end":{"line":16,"column":5}},"line":14},"2":{"name":"(anonymous_2)","decl":{"start":{"line":17,"column":11},"end":{"line":17,"column":12}},"loc":{"start":{"line":17,"column":18},"end":{"line":17,"column":45}},"line":17},"3":{"name":"(anonymous_3)","decl":{"start":{"line":21,"column":29},"end":{"line":21,"column":30}},"loc":{"start":{"line":21,"column":49},"end":{"line":28,"column":1}},"line":21},"4":{"name":"(anonymous_4)","decl":{"start":{"line":24,"column":10},"end":{"line":24,"column":11}},"loc":{"start":{"line":24,"column":20},"end":{"line":26,"column":5}},"line":24},"5":{"name":"(anonymous_5)","decl":{"start":{"line":27,"column":11},"end":{"line":27,"column":12}},"loc":{"start":{"line":27,"column":18},"end":{"line":27,"column":45}},"line":27},"6":{"name":"(anonymous_6)","decl":{"start":{"line":31,"column":31},"end":{"line":31,"column":32}},"loc":{"start":{"line":31,"column":51},"end":{"line":35,"column":1}},"line":31},"7":{"name":"(anonymous_7)","decl":{"start":{"line":38,"column":29},"end":{"line":38,"column":30}},"loc":{"start":{"line":38,"column":49},"end":{"line":45,"column":1}},"line":38},"8":{"name":"(anonymous_8)","decl":{"start":{"line":41,"column":10},"end":{"line":41,"column":11}},"loc":{"start":{"line":41,"column":23},"end":{"line":43,"column":5}},"line":41},"9":{"name":"(anonymous_9)","decl":{"start":{"line":44,"column":11},"end":{"line":44,"column":12}},"loc":{"start":{"line":44,"column":18},"end":{"line":44,"column":43}},"line":44},"10":{"name":"(anonymous_10)","decl":{"start":{"line":48,"column":30},"end":{"line":48,"column":31}},"loc":{"start":{"line":48,"column":50},"end":{"line":54,"column":1}},"line":48}},"branchMap":{"0":{"loc":{"start":{"line":33,"column":41},"end":{"line":33,"column":58}},"type":"binary-expr","locations":[{"start":{"line":33,"column":41},"end":{"line":33,"column":47}},{"start":{"line":33,"column":51},"end":{"line":33,"column":58}}],"line":33}},"s":{"0":0,"1":0,"2":0,"3":0,"4":0,"5":0,"6":0,"7":0,"8":0,"9":0,"10":0,"11":0,"12":0,"13":0,"14":0,"15":0,"16":0,"17":0,"18":0,"19":0,"20":0,"21":0,"22":0,"23":0,"24":0,"25":0,"26":0,"27":0},"f":{"0":0,"1":0,"2":0,"3":0,"4":0,"5":0,"6":0,"7":0,"8":0,"9":0,"10":0},"b":{"0":[0,0]},"hash":"a6ec2164dfca11761e6b75576228bba7ceb17f94"}
,"E:\\lambdaschool\\labs\\wowo-be\\coverage\\lcov-report\\block-navigation.js": {"path":"E:\\lambdaschool\\labs\\wowo-be\\coverage\\lcov-report\\block-navigation.js","statementMap":{"0":{"start":{"line":2,"column":17},"end":{"line":78,"column":4}},"1":{"start":{"line":4,"column":33},"end":{"line":4,"column":74}},"2":{"start":{"line":7,"column":30},"end":{"line":7,"column":44}},"3":{"start":{"line":10,"column":22},"end":{"line":10,"column":78}},"4":{"start":{"line":14,"column":8},"end":{"line":17,"column":55}},"5":{"start":{"line":20,"column":34},"end":{"line":20,"column":69}},"6":{"start":{"line":25,"column":8},"end":{"line":27,"column":45}},"7":{"start":{"line":28,"column":8},"end":{"line":28,"column":73}},"8":{"start":{"line":32,"column":8},"end":{"line":32,"column":27}},"9":{"start":{"line":33,"column":8},"end":{"line":33,"column":29}},"10":{"start":{"line":34,"column":8},"end":{"line":38,"column":11}},"11":{"start":{"line":42,"column":24},"end":{"line":42,"column":25}},"12":{"start":{"line":43,"column":8},"end":{"line":47,"column":9}},"13":{"start":{"line":44,"column":12},"end":{"line":44,"column":59}},"14":{"start":{"line":45,"column":15},"end":{"line":47,"column":9}},"15":{"start":{"line":46,"column":12},"end":{"line":46,"column":41}},"16":{"start":{"line":49,"column":8},"end":{"line":49,"column":31}},"17":{"start":{"line":53,"column":24},"end":{"line":53,"column":25}},"18":{"start":{"line":55,"column":8},"end":{"line":60,"column":9}},"19":{"start":{"line":59,"column":12},"end":{"line":59,"column":41}},"20":{"start":{"line":62,"column":8},"end":{"line":62,"column":31}},"21":{"start":{"line":65,"column":4},"end":{"line":77,"column":6}},"22":{"start":{"line":66,"column":8},"end":{"line":76,"column":9}},"23":{"start":{"line":69,"column":16},"end":{"line":69,"column":27}},"24":{"start":{"line":70,"column":16},"end":{"line":70,"column":22}},"25":{"start":{"line":74,"column":16},"end":{"line":74,"column":31}},"26":{"start":{"line":75,"column":16},"end":{"line":75,"column":22}},"27":{"start":{"line":79,"column":0},"end":{"line":79,"column":47}}},"fnMap":{"0":{"name":"init","decl":{"start":{"line":2,"column":27},"end":{"line":2,"column":31}},"loc":{"start":{"line":2,"column":34},"end":{"line":78,"column":1}},"line":2},"1":{"name":"toggleClass","decl":{"start":{"line":24,"column":13},"end":{"line":24,"column":24}},"loc":{"start":{"line":24,"column":32},"end":{"line":29,"column":5}},"line":24},"2":{"name":"makeCurrent","decl":{"start":{"line":31,"column":13},"end":{"line":31,"column":24}},"loc":{"start":{"line":31,"column":32},"end":{"line":39,"column":5}},"line":31},"3":{"name":"goToPrevious","decl":{"start":{"line":41,"column":13},"end":{"line":41,"column":25}},"loc":{"start":{"line":41,"column":28},"end":{"line":50,"column":5}},"line":41},"4":{"name":"goToNext","decl":{"start":{"line":52,"column":13},"end":{"line":52,"column":21}},"loc":{"start":{"line":52,"column":24},"end":{"line":63,"column":5}},"line":52},"5":{"name":"jump","decl":{"start":{"line":65,"column":20},"end":{"line":65,"column":24}},"loc":{"start":{"line":65,"column":32},"end":{"line":77,"column":5}},"line":65}},"branchMap":{"0":{"loc":{"start":{"line":43,"column":8},"end":{"line":47,"column":9}},"type":"if","locations":[{"start":{"line":43,"column":8},"end":{"line":47,"column":9}},{"start":{"line":43,"column":8},"end":{"line":47,"column":9}}],"line":43},"1":{"loc":{"start":{"line":43,"column":12},"end":{"line":43,"column":66}},"type":"binary-expr","locations":[{"start":{"line":43,"column":12},"end":{"line":43,"column":44}},{"start":{"line":43,"column":48},"end":{"line":43,"column":66}}],"line":43},"2":{"loc":{"start":{"line":45,"column":15},"end":{"line":47,"column":9}},"type":"if","locations":[{"start":{"line":45,"column":15},"end":{"line":47,"column":9}},{"start":{"line":45,"column":15},"end":{"line":47,"column":9}}],"line":45},"3":{"loc":{"start":{"line":55,"column":8},"end":{"line":60,"column":9}},"type":"if","locations":[{"start":{"line":55,"column":8},"end":{"line":60,"column":9}},{"start":{"line":55,"column":8},"end":{"line":60,"column":9}}],"line":55},"4":{"loc":{"start":{"line":56,"column":12},"end":{"line":57,"column":61}},"type":"binary-expr","locations":[{"start":{"line":56,"column":12},"end":{"line":56,"column":44}},{"start":{"line":57,"column":12},"end":{"line":57,"column":61}}],"line":56},"5":{"loc":{"start":{"line":66,"column":8},"end":{"line":76,"column":9}},"type":"switch","locations":[{"start":{"line":67,"column":12},"end":{"line":67,"column":20}},{"start":{"line":68,"column":12},"end":{"line":70,"column":22}},{"start":{"line":71,"column":12},"end":{"line":71,"column":20}},{"start":{"line":72,"column":12},"end":{"line":72,"column":20}},{"start":{"line":73,"column":12},"end":{"line":75,"column":22}}],"line":66}},"s":{"0":0,"1":0,"2":0,"3":0,"4":0,"5":0,"6":0,"7":0,"8":0,"9":0,"10":0,"11":0,"12":0,"13":0,"14":0,"15":0,"16":0,"17":0,"18":0,"19":0,"20":0,"21":0,"22":0,"23":0,"24":0,"25":0,"26":0,"27":0},"f":{"0":0,"1":0,"2":0,"3":0,"4":0,"5":0},"b":{"0":[0,0],"1":[0,0],"2":[0,0],"3":[0,0],"4":[0,0],"5":[0,0,0,0,0]},"hash":"9e1a907a199d1393b32572b6c2398fd7e7a15682"}
,"E:\\lambdaschool\\labs\\wowo-be\\coverage\\lcov-report\\prettify.js": {"path":"E:\\lambdaschool\\labs\\wowo-be\\coverage\\lcov-report\\prettify.js","statementMap":{"0":{"start":{"line":2,"column":0},"end":{"line":2,"column":39}},"1":{"start":{"line":2,"column":39},"end":{"line":2,"column":15785}},"2":{"start":{"line":2,"column":57},"end":{"line":2,"column":103}},"3":{"start":{"line":2,"column":110},"end":{"line":2,"column":270}},"4":{"start":{"line":2,"column":277},"end":{"line":2,"column":379}},"5":{"start":{"line":2,"column":386},"end":{"line":2,"column":644}},"6":{"start":{"line":2,"column":651},"end":{"line":2,"column":794}},"7":{"start":{"line":2,"column":801},"end":{"line":2,"column":1069}},"8":{"start":{"line":2,"column":1076},"end":{"line":2,"column":1234}},"9":{"start":{"line":2,"column":1241},"end":{"line":2,"column":1321}},"10":{"start":{"line":2,"column":1328},"end":{"line":2,"column":1504}},"11":{"start":{"line":2,"column":1511},"end":{"line":2,"column":1665}},"12":{"start":{"line":2,"column":1672},"end":{"line":2,"column":1844}},"13":{"start":{"line":2,"column":1851},"end":{"line":2,"column":1917}},"14":{"start":{"line":2,"column":1924},"end":{"line":2,"column":1939}},"15":{"start":{"line":2,"column":1946},"end":{"line":2,"column":2058}},"16":{"start":{"line":2,"column":2065},"end":{"line":2,"column":2070}},"17":{"start":{"line":2,"column":2077},"end":{"line":2,"column":2082}},"18":{"start":{"line":2,"column":2089},"end":{"line":2,"column":2094}},"19":{"start":{"line":2,"column":2101},"end":{"line":2,"column":2106}},"20":{"start":{"line":2,"column":2113},"end":{"line":2,"column":2118}},"21":{"start":{"line":2,"column":2125},"end":{"line":2,"column":2130}},"22":{"start":{"line":2,"column":2137},"end":{"line":2,"column":2142}},"23":{"start":{"line":2,"column":2149},"end":{"line":2,"column":2154}},"24":{"start":{"line":2,"column":2161},"end":{"line":2,"column":2166}},"25":{"start":{"line":2,"column":2173},"end":{"line":2,"column":2178}},"26":{"start":{"line":2,"column":2185},"end":{"line":2,"column":2190}},"27":{"start":{"line":2,"column":2197},"end":{"line":2,"column":2202}},"28":{"start":{"line":2,"column":2209},"end":{"line":2,"column":2217}},"29":{"start":{"line":2,"column":2224},"end":{"line":2,"column":2523}},"30":{"start":{"line":2,"column":2545},"end":{"line":2,"column":2546}},"31":{"start":{"line":2,"column":2553},"end":{"line":2,"column":2558}},"32":{"start":{"line":2,"column":2566},"end":{"line":2,"column":2571}},"33":{"start":{"line":2,"column":2572},"end":{"line":2,"column":2754}},"34":{"start":{"line":2,"column":2582},"end":{"line":2,"column":2583}},"35":{"start":{"line":2,"column":2586},"end":{"line":2,"column":2594}},"36":{"start":{"line":2,"column":2611},"end":{"line":2,"column":2615}},"37":{"start":{"line":2,"column":2616},"end":{"line":2,"column":2753}},"38":{"start":{"line":2,"column":2634},"end":{"line":2,"column":2641}},"39":{"start":{"line":2,"column":2647},"end":{"line":2,"column":2752}},"40":{"start":{"line":2,"column":2730},"end":{"line":2,"column":2737}},"41":{"start":{"line":2,"column":2737},"end":{"line":2,"column":2746}},"42":{"start":{"line":2,"column":2746},"end":{"line":2,"column":2751}},"43":{"start":{"line":2,"column":2760},"end":{"line":2,"column":2789}},"44":{"start":{"line":2,"column":2813},"end":{"line":2,"column":2829}},"45":{"start":{"line":2,"column":2830},"end":{"line":2,"column":2852}},"46":{"start":{"line":2,"column":2842},"end":{"line":2,"column":2851}},"47":{"start":{"line":2,"column":2859},"end":{"line":2,"column":2871}},"48":{"start":{"line":2,"column":2872},"end":{"line":2,"column":2881}},"49":{"start":{"line":2,"column":2881},"end":{"line":2,"column":3054}},"50":{"start":{"line":2,"column":2888},"end":{"line":2,"column":2897}},"51":{"start":{"line":2,"column":2903},"end":{"line":2,"column":3053}},"52":{"start":{"line":2,"column":2924},"end":{"line":2,"column":2958}},"53":{"start":{"line":2,"column":2964},"end":{"line":2,"column":3052}},"54":{"start":{"line":2,"column":2987},"end":{"line":2,"column":3022}},"55":{"start":{"line":2,"column":3028},"end":{"line":2,"column":3051}},"56":{"start":{"line":2,"column":3070},"end":{"line":2,"column":3123}},"57":{"start":{"line":2,"column":3080},"end":{"line":2,"column":3122}},"58":{"start":{"line":2,"column":3130},"end":{"line":2,"column":3153}},"59":{"start":{"line":2,"column":3154},"end":{"line":2,"column":3209}},"60":{"start":{"line":2,"column":3198},"end":{"line":2,"column":3208}},"61":{"start":{"line":2,"column":3209},"end":{"line":2,"column":3218}},"62":{"start":{"line":2,"column":3241},"end":{"line":2,"column":3392}},"63":{"start":{"line":2,"column":3400},"end":{"line":2,"column":3402}},"64":{"start":{"line":2,"column":3410},"end":{"line":2,"column":3412}},"65":{"start":{"line":2,"column":3420},"end":{"line":2,"column":3431}},"66":{"start":{"line":2,"column":3432},"end":{"line":2,"column":3796}},"67":{"start":{"line":2,"column":3443},"end":{"line":2,"column":3449}},"68":{"start":{"line":2,"column":3453},"end":{"line":2,"column":3462}},"69":{"start":{"line":2,"column":3482},"end":{"line":2,"column":3488}},"70":{"start":{"line":2,"column":3489},"end":{"line":2,"column":3795}},"71":{"start":{"line":2,"column":3514},"end":{"line":2,"column":3525}},"72":{"start":{"line":2,"column":3538},"end":{"line":2,"column":3544}},"73":{"start":{"line":2,"column":3552},"end":{"line":2,"column":3613}},"74":{"start":{"line":2,"column":3580},"end":{"line":2,"column":3596}},"75":{"start":{"line":2,"column":3596},"end":{"line":2,"column":3601}},"76":{"start":{"line":2,"column":3607},"end":{"line":2,"column":3612}},"77":{"start":{"line":2,"column":3613},"end":{"line":2,"column":3630}},"78":{"start":{"line":2,"column":3630},"end":{"line":2,"column":3794}},"79":{"start":{"line":2,"column":3651},"end":{"line":2,"column":3720}},"80":{"start":{"line":2,"column":3671},"end":{"line":2,"column":3719}},"81":{"start":{"line":2,"column":3720},"end":{"line":2,"column":3793}},"82":{"start":{"line":2,"column":3741},"end":{"line":2,"column":3792}},"83":{"start":{"line":2,"column":3796},"end":{"line":2,"column":3857}},"84":{"start":{"line":2,"column":3820},"end":{"line":2,"column":3854}},"85":{"start":{"line":2,"column":3864},"end":{"line":2,"column":3866}},"86":{"start":{"line":2,"column":3874},"end":{"line":2,"column":3883}},"87":{"start":{"line":2,"column":3884},"end":{"line":2,"column":3998}},"88":{"start":{"line":2,"column":3895},"end":{"line":2,"column":3896}},"89":{"start":{"line":2,"column":3923},"end":{"line":2,"column":3929}},"90":{"start":{"line":2,"column":3930},"end":{"line":2,"column":3997}},"91":{"start":{"line":2,"column":3949},"end":{"line":2,"column":3976}},"92":{"start":{"line":2,"column":3982},"end":{"line":2,"column":3996}},"93":{"start":{"line":2,"column":4005},"end":{"line":2,"column":4010}},"94":{"start":{"line":2,"column":4011},"end":{"line":2,"column":4031}},"95":{"start":{"line":2,"column":4018},"end":{"line":2,"column":4030}},"96":{"start":{"line":2,"column":4031},"end":{"line":2,"column":4052}},"97":{"start":{"line":2,"column":4052},"end":{"line":2,"column":4182}},"98":{"start":{"line":2,"column":4063},"end":{"line":2,"column":4064}},"99":{"start":{"line":2,"column":4091},"end":{"line":2,"column":4097}},"100":{"start":{"line":2,"column":4098},"end":{"line":2,"column":4116}},"101":{"start":{"line":2,"column":4116},"end":{"line":2,"column":4181}},"102":{"start":{"line":2,"column":4132},"end":{"line":2,"column":4163}},"103":{"start":{"line":2,"column":4150},"end":{"line":2,"column":4162}},"104":{"start":{"line":2,"column":4163},"end":{"line":2,"column":4180}},"105":{"start":{"line":2,"column":4182},"end":{"line":2,"column":4195}},"106":{"start":{"line":2,"column":4195},"end":{"line":2,"column":4213}},"107":{"start":{"line":2,"column":4236},"end":{"line":2,"column":4424}},"108":{"start":{"line":2,"column":4432},"end":{"line":2,"column":4441}},"109":{"start":{"line":2,"column":4449},"end":{"line":2,"column":4451}},"110":{"start":{"line":2,"column":4452},"end":{"line":2,"column":4595}},"111":{"start":{"line":2,"column":4463},"end":{"line":2,"column":4464}},"112":{"start":{"line":2,"column":4468},"end":{"line":2,"column":4469}},"113":{"start":{"line":2,"column":4489},"end":{"line":2,"column":4495}},"114":{"start":{"line":2,"column":4496},"end":{"line":2,"column":4594}},"115":{"start":{"line":2,"column":4509},"end":{"line":2,"column":4513}},"116":{"start":{"line":2,"column":4519},"end":{"line":2,"column":4593}},"117":{"start":{"line":2,"column":4550},"end":{"line":2,"column":4566}},"118":{"start":{"line":2,"column":4567},"end":{"line":2,"column":4592}},"119":{"start":{"line":2,"column":4582},"end":{"line":2,"column":4591}},"120":{"start":{"line":2,"column":4595},"end":{"line":2,"column":4656}},"121":{"start":{"line":2,"column":4606},"end":{"line":2,"column":4607}},"122":{"start":{"line":2,"column":4627},"end":{"line":2,"column":4655}},"123":{"start":{"line":2,"column":4643},"end":{"line":2,"column":4654}},"124":{"start":{"line":2,"column":4656},"end":{"line":2,"column":4845}},"125":{"start":{"line":2,"column":4667},"end":{"line":2,"column":4668}},"126":{"start":{"line":2,"column":4672},"end":{"line":2,"column":4673}},"127":{"start":{"line":2,"column":4693},"end":{"line":2,"column":4699}},"128":{"start":{"line":2,"column":4700},"end":{"line":2,"column":4844}},"129":{"start":{"line":2,"column":4713},"end":{"line":2,"column":4718}},"130":{"start":{"line":2,"column":4718},"end":{"line":2,"column":4754}},"131":{"start":{"line":2,"column":4741},"end":{"line":2,"column":4753}},"132":{"start":{"line":2,"column":4760},"end":{"line":2,"column":4843}},"133":{"start":{"line":2,"column":4791},"end":{"line":2,"column":4807}},"134":{"start":{"line":2,"column":4808},"end":{"line":2,"column":4842}},"135":{"start":{"line":2,"column":4823},"end":{"line":2,"column":4841}},"136":{"start":{"line":2,"column":4845},"end":{"line":2,"column":4919}},"137":{"start":{"line":2,"column":4856},"end":{"line":2,"column":4857}},"138":{"start":{"line":2,"column":4861},"end":{"line":2,"column":4862}},"139":{"start":{"line":2,"column":4875},"end":{"line":2,"column":4918}},"140":{"start":{"line":2,"column":4908},"end":{"line":2,"column":4917}},"141":{"start":{"line":2,"column":4919},"end":{"line":2,"column":5178}},"142":{"start":{"line":2,"column":4940},"end":{"line":2,"column":5177}},"143":{"start":{"line":2,"column":4951},"end":{"line":2,"column":4952}},"144":{"start":{"line":2,"column":4972},"end":{"line":2,"column":4978}},"145":{"start":{"line":2,"column":4986},"end":{"line":2,"column":4998}},"146":{"start":{"line":2,"column":4999},"end":{"line":2,"column":5176}},"147":{"start":{"line":2,"column":5026},"end":{"line":2,"column":5038}},"148":{"start":{"line":2,"column":5044},"end":{"line":2,"column":5175}},"149":{"start":{"line":2,"column":5058},"end":{"line":2,"column":5174}},"150":{"start":{"line":2,"column":5108},"end":{"line":2,"column":5124}},"151":{"start":{"line":2,"column":5125},"end":{"line":2,"column":5172}},"152":{"start":{"line":2,"column":5178},"end":{"line":2,"column":5196}},"153":{"start":{"line":2,"column":5204},"end":{"line":2,"column":5206}},"154":{"start":{"line":2,"column":5207},"end":{"line":2,"column":5327}},"155":{"start":{"line":2,"column":5217},"end":{"line":2,"column":5218}},"156":{"start":{"line":2,"column":5221},"end":{"line":2,"column":5229}},"157":{"start":{"line":2,"column":5246},"end":{"line":2,"column":5250}},"158":{"start":{"line":2,"column":5251},"end":{"line":2,"column":5302}},"159":{"start":{"line":2,"column":5279},"end":{"line":2,"column":5301}},"160":{"start":{"line":2,"column":5302},"end":{"line":2,"column":5326}},"161":{"start":{"line":2,"column":5327},"end":{"line":2,"column":5370}},"162":{"start":{"line":2,"column":5391},"end":{"line":2,"column":5415}},"163":{"start":{"line":2,"column":5422},"end":{"line":2,"column":5424}},"164":{"start":{"line":2,"column":5431},"end":{"line":2,"column":5432}},"165":{"start":{"line":2,"column":5439},"end":{"line":2,"column":5441}},"166":{"start":{"line":2,"column":5448},"end":{"line":2,"column":5449}},"167":{"start":{"line":2,"column":5456},"end":{"line":2,"column":5617}},"168":{"start":{"line":2,"column":5475},"end":{"line":2,"column":5502}},"169":{"start":{"line":2,"column":5508},"end":{"line":2,"column":5616}},"170":{"start":{"line":2,"column":5536},"end":{"line":2,"column":5615}},"171":{"start":{"line":2,"column":5623},"end":{"line":2,"column":5650}},"172":{"start":{"line":2,"column":5667},"end":{"line":2,"column":6045}},"173":{"start":{"line":2,"column":5694},"end":{"line":2,"column":5726}},"174":{"start":{"line":2,"column":5719},"end":{"line":2,"column":5725}},"175":{"start":{"line":2,"column":5726},"end":{"line":2,"column":5780}},"176":{"start":{"line":2,"column":5737},"end":{"line":2,"column":5750}},"177":{"start":{"line":2,"column":5773},"end":{"line":2,"column":5779}},"178":{"start":{"line":2,"column":5787},"end":{"line":2,"column":5798}},"179":{"start":{"line":2,"column":5799},"end":{"line":2,"column":5863}},"180":{"start":{"line":2,"column":5824},"end":{"line":2,"column":5834}},"181":{"start":{"line":2,"column":5834},"end":{"line":2,"column":5846}},"182":{"start":{"line":2,"column":5846},"end":{"line":2,"column":5862}},"183":{"start":{"line":2,"column":5863},"end":{"line":2,"column":5869}},"184":{"start":{"line":2,"column":5890},"end":{"line":2,"column":5902}},"185":{"start":{"line":2,"column":5903},"end":{"line":2,"column":6039}},"186":{"start":{"line":2,"column":5917},"end":{"line":2,"column":5991}},"187":{"start":{"line":2,"column":5924},"end":{"line":2,"column":5956}},"188":{"start":{"line":2,"column":5962},"end":{"line":2,"column":5990}},"189":{"start":{"line":2,"column":5991},"end":{"line":2,"column":5999}},"190":{"start":{"line":2,"column":5999},"end":{"line":2,"column":6009}},"191":{"start":{"line":2,"column":6009},"end":{"line":2,"column":6022}},"192":{"start":{"line":2,"column":6022},"end":{"line":2,"column":6038}},"193":{"start":{"line":2,"column":6039},"end":{"line":2,"column":6044}},"194":{"start":{"line":2,"column":6046},"end":{"line":2,"column":6052}},"195":{"start":{"line":2,"column":6052},"end":{"line":2,"column":6107}},"196":{"start":{"line":2,"column":6128},"end":{"line":2,"column":6142}},"197":{"start":{"line":2,"column":6135},"end":{"line":2,"column":6141}},"198":{"start":{"line":2,"column":6148},"end":{"line":2,"column":6172}},"199":{"start":{"line":2,"column":6173},"end":{"line":2,"column":6178}},"200":{"start":{"line":2,"column":6178},"end":{"line":2,"column":6207}},"201":{"start":{"line":2,"column":6214},"end":{"line":2,"column":6218}},"202":{"start":{"line":2,"column":6239},"end":{"line":2,"column":6248}},"203":{"start":{"line":2,"column":6249},"end":{"line":2,"column":6362}},"204":{"start":{"line":2,"column":6259},"end":{"line":2,"column":6271}},"205":{"start":{"line":2,"column":6297},"end":{"line":2,"column":6307}},"206":{"start":{"line":2,"column":6308},"end":{"line":2,"column":6361}},"207":{"start":{"line":2,"column":6362},"end":{"line":2,"column":6386}},"208":{"start":{"line":2,"column":6409},"end":{"line":2,"column":6411}},"209":{"start":{"line":2,"column":6418},"end":{"line":2,"column":6700}},"210":{"start":{"line":2,"column":6437},"end":{"line":2,"column":6448}},"211":{"start":{"line":2,"column":6456},"end":{"line":2,"column":6458}},"212":{"start":{"line":2,"column":6466},"end":{"line":2,"column":6468}},"213":{"start":{"line":2,"column":6469},"end":{"line":2,"column":6665}},"214":{"start":{"line":2,"column":6480},"end":{"line":2,"column":6481}},"215":{"start":{"line":2,"column":6484},"end":{"line":2,"column":6493}},"216":{"start":{"line":2,"column":6511},"end":{"line":2,"column":6517}},"217":{"start":{"line":2,"column":6525},"end":{"line":2,"column":6529}},"218":{"start":{"line":2,"column":6530},"end":{"line":2,"column":6588}},"219":{"start":{"line":2,"column":6537},"end":{"line":2,"column":6587}},"220":{"start":{"line":2,"column":6548},"end":{"line":2,"column":6557}},"221":{"start":{"line":2,"column":6568},"end":{"line":2,"column":6586}},"222":{"start":{"line":2,"column":6595},"end":{"line":2,"column":6599}},"223":{"start":{"line":2,"column":6607},"end":{"line":2,"column":6612}},"224":{"start":{"line":2,"column":6613},"end":{"line":2,"column":6664}},"225":{"start":{"line":2,"column":6640},"end":{"line":2,"column":6652}},"226":{"start":{"line":2,"column":6652},"end":{"line":2,"column":6663}},"227":{"start":{"line":2,"column":6665},"end":{"line":2,"column":6688}},"228":{"start":{"line":2,"column":6688},"end":{"line":2,"column":6695}},"229":{"start":{"line":2,"column":6706},"end":{"line":2,"column":6714}},"230":{"start":{"line":2,"column":6721},"end":{"line":2,"column":7510}},"231":{"start":{"line":2,"column":6740},"end":{"line":2,"column":6753}},"232":{"start":{"line":2,"column":6756},"end":{"line":2,"column":6766}},"233":{"start":{"line":2,"column":6774},"end":{"line":2,"column":6779}},"234":{"start":{"line":2,"column":6787},"end":{"line":2,"column":6788}},"235":{"start":{"line":2,"column":6796},"end":{"line":2,"column":6810}},"236":{"start":{"line":2,"column":6818},"end":{"line":2,"column":6820}},"237":{"start":{"line":2,"column":6821},"end":{"line":2,"column":7492}},"238":{"start":{"line":2,"column":6832},"end":{"line":2,"column":6833}},"239":{"start":{"line":2,"column":6837},"end":{"line":2,"column":6846}},"240":{"start":{"line":2,"column":6866},"end":{"line":2,"column":6872}},"241":{"start":{"line":2,"column":6880},"end":{"line":2,"column":6886}},"242":{"start":{"line":2,"column":6894},"end":{"line":2,"column":6900}},"243":{"start":{"line":2,"column":6908},"end":{"line":2,"column":7216}},"244":{"start":{"line":2,"column":6933},"end":{"line":2,"column":6941}},"245":{"start":{"line":2,"column":6954},"end":{"line":2,"column":6969}},"246":{"start":{"line":2,"column":6970},"end":{"line":2,"column":7099}},"247":{"start":{"line":2,"column":6977},"end":{"line":2,"column":6996}},"248":{"start":{"line":2,"column":6996},"end":{"line":2,"column":7004}},"249":{"start":{"line":2,"column":7010},"end":{"line":2,"column":7085}},"250":{"start":{"line":2,"column":7021},"end":{"line":2,"column":7022}},"251":{"start":{"line":2,"column":7034},"end":{"line":2,"column":7043}},"252":{"start":{"line":2,"column":7043},"end":{"line":2,"column":7062}},"253":{"start":{"line":2,"column":7062},"end":{"line":2,"column":7084}},"254":{"start":{"line":2,"column":7069},"end":{"line":2,"column":7078}},"255":{"start":{"line":2,"column":7078},"end":{"line":2,"column":7083}},"256":{"start":{"line":2,"column":7085},"end":{"line":2,"column":7098}},"257":{"start":{"line":2,"column":7093},"end":{"line":2,"column":7097}},"258":{"start":{"line":2,"column":7099},"end":{"line":2,"column":7144}},"259":{"start":{"line":2,"column":7144},"end":{"line":2,"column":7197}},"260":{"start":{"line":2,"column":7183},"end":{"line":2,"column":7192}},"261":{"start":{"line":2,"column":7192},"end":{"line":2,"column":7196}},"262":{"start":{"line":2,"column":7197},"end":{"line":2,"column":7215}},"263":{"start":{"line":2,"column":7205},"end":{"line":2,"column":7214}},"264":{"start":{"line":2,"column":7223},"end":{"line":2,"column":7225}},"265":{"start":{"line":2,"column":7226},"end":{"line":2,"column":7240}},"266":{"start":{"line":2,"column":7240},"end":{"line":2,"column":7491}},"267":{"start":{"line":2,"column":7248},"end":{"line":2,"column":7264}},"268":{"start":{"line":2,"column":7277},"end":{"line":2,"column":7282}},"269":{"start":{"line":2,"column":7290},"end":{"line":2,"column":7304}},"270":{"start":{"line":2,"column":7312},"end":{"line":2,"column":7324}},"271":{"start":{"line":2,"column":7325},"end":{"line":2,"column":7377}},"272":{"start":{"line":2,"column":7335},"end":{"line":2,"column":7361}},"273":{"start":{"line":2,"column":7361},"end":{"line":2,"column":7376}},"274":{"start":{"line":2,"column":7384},"end":{"line":2,"column":7399}},"275":{"start":{"line":2,"column":7400},"end":{"line":2,"column":7432}},"276":{"start":{"line":2,"column":7432},"end":{"line":2,"column":7458}},"277":{"start":{"line":2,"column":7458},"end":{"line":2,"column":7490}},"278":{"start":{"line":2,"column":7492},"end":{"line":2,"column":7509}},"279":{"start":{"line":2,"column":7511},"end":{"line":2,"column":7519}},"280":{"start":{"line":2,"column":7540},"end":{"line":2,"column":7542}},"281":{"start":{"line":2,"column":7545},"end":{"line":2,"column":7547}},"282":{"start":{"line":2,"column":7548},"end":{"line":2,"column":8035}},"283":{"start":{"line":2,"column":7574},"end":{"line":2,"column":7781}},"284":{"start":{"line":2,"column":7787},"end":{"line":2,"column":8034}},"285":{"start":{"line":2,"column":7810},"end":{"line":2,"column":7936}},"286":{"start":{"line":2,"column":7942},"end":{"line":2,"column":8033}},"287":{"start":{"line":2,"column":8035},"end":{"line":2,"column":8104}},"288":{"start":{"line":2,"column":8057},"end":{"line":2,"column":8103}},"289":{"start":{"line":2,"column":8110},"end":{"line":2,"column":8124}},"290":{"start":{"line":2,"column":8125},"end":{"line":2,"column":8474}},"291":{"start":{"line":2,"column":8131},"end":{"line":2,"column":8473}},"292":{"start":{"line":2,"column":8152},"end":{"line":2,"column":8346}},"293":{"start":{"line":2,"column":8160},"end":{"line":2,"column":8220}},"294":{"start":{"line":2,"column":8226},"end":{"line":2,"column":8345}},"295":{"start":{"line":2,"column":8346},"end":{"line":2,"column":8433}},"296":{"start":{"line":2,"column":8439},"end":{"line":2,"column":8472}},"297":{"start":{"line":2,"column":8474},"end":{"line":2,"column":8571}},"298":{"start":{"line":2,"column":8495},"end":{"line":2,"column":8528}},"299":{"start":{"line":2,"column":8528},"end":{"line":2,"column":8570}},"300":{"start":{"line":2,"column":8571},"end":{"line":2,"column":8746}},"301":{"start":{"line":2,"column":8598},"end":{"line":2,"column":8693}},"302":{"start":{"line":2,"column":8695},"end":{"line":2,"column":8745}},"303":{"start":{"line":2,"column":8752},"end":{"line":2,"column":8759}},"304":{"start":{"line":2,"column":8760},"end":{"line":2,"column":8780}},"305":{"start":{"line":2,"column":8766},"end":{"line":2,"column":8779}},"306":{"start":{"line":2,"column":8786},"end":{"line":2,"column":8822}},"307":{"start":{"line":2,"column":8823},"end":{"line":2,"column":8904}},"308":{"start":{"line":2,"column":8836},"end":{"line":2,"column":8903}},"309":{"start":{"line":2,"column":8904},"end":{"line":2,"column":8942}},"310":{"start":{"line":2,"column":8942},"end":{"line":2,"column":9257}},"311":{"start":{"line":2,"column":9257},"end":{"line":2,"column":9270}},"312":{"start":{"line":2,"column":9277},"end":{"line":2,"column":9371}},"313":{"start":{"line":2,"column":9395},"end":{"line":2,"column":9419}},"314":{"start":{"line":2,"column":9427},"end":{"line":2,"column":9437}},"315":{"start":{"line":2,"column":9445},"end":{"line":2,"column":9460}},"316":{"start":{"line":2,"column":9467},"end":{"line":2,"column":9622}},"317":{"start":{"line":2,"column":9486},"end":{"line":2,"column":9513}},"318":{"start":{"line":2,"column":9519},"end":{"line":2,"column":9621}},"319":{"start":{"line":2,"column":9547},"end":{"line":2,"column":9620}},"320":{"start":{"line":2,"column":9628},"end":{"line":2,"column":9655}},"321":{"start":{"line":2,"column":9663},"end":{"line":2,"column":9685}},"322":{"start":{"line":2,"column":9686},"end":{"line":2,"column":9735}},"323":{"start":{"line":2,"column":9706},"end":{"line":2,"column":9734}},"324":{"start":{"line":2,"column":9741},"end":{"line":2,"column":9745}},"325":{"start":{"line":2,"column":9762},"end":{"line":2,"column":10258}},"326":{"start":{"line":2,"column":9789},"end":{"line":2,"column":9820}},"327":{"start":{"line":2,"column":9814},"end":{"line":2,"column":9819}},"328":{"start":{"line":2,"column":9820},"end":{"line":2,"column":9959}},"329":{"start":{"line":2,"column":9843},"end":{"line":2,"column":9850}},"330":{"start":{"line":2,"column":9850},"end":{"line":2,"column":9898}},"331":{"start":{"line":2,"column":9868},"end":{"line":2,"column":9897}},"332":{"start":{"line":2,"column":9904},"end":{"line":2,"column":9958}},"333":{"start":{"line":2,"column":9915},"end":{"line":2,"column":9928}},"334":{"start":{"line":2,"column":9951},"end":{"line":2,"column":9957}},"335":{"start":{"line":2,"column":9959},"end":{"line":2,"column":9965}},"336":{"start":{"line":2,"column":9979},"end":{"line":2,"column":10252}},"337":{"start":{"line":2,"column":9992},"end":{"line":2,"column":10004}},"338":{"start":{"line":2,"column":10012},"end":{"line":2,"column":10024}},"339":{"start":{"line":2,"column":10025},"end":{"line":2,"column":10251}},"340":{"start":{"line":2,"column":10039},"end":{"line":2,"column":10063}},"341":{"start":{"line":2,"column":10064},"end":{"line":2,"column":10080}},"342":{"start":{"line":2,"column":10087},"end":{"line":2,"column":10122}},"343":{"start":{"line":2,"column":10123},"end":{"line":2,"column":10205}},"344":{"start":{"line":2,"column":10137},"end":{"line":2,"column":10150}},"345":{"start":{"line":2,"column":10151},"end":{"line":2,"column":10204}},"346":{"start":{"line":2,"column":10205},"end":{"line":2,"column":10212}},"347":{"start":{"line":2,"column":10212},"end":{"line":2,"column":10250}},"348":{"start":{"line":2,"column":10220},"end":{"line":2,"column":10249}},"349":{"start":{"line":2,"column":10252},"end":{"line":2,"column":10257}},"350":{"start":{"line":2,"column":10275},"end":{"line":2,"column":10331}},"351":{"start":{"line":2,"column":10298},"end":{"line":2,"column":10315}},"352":{"start":{"line":2,"column":10315},"end":{"line":2,"column":10330}},"353":{"start":{"line":2,"column":10323},"end":{"line":2,"column":10329}},"354":{"start":{"line":2,"column":10357},"end":{"line":2,"column":10382}},"355":{"start":{"line":2,"column":10390},"end":{"line":2,"column":10403}},"356":{"start":{"line":2,"column":10404},"end":{"line":2,"column":10530}},"357":{"start":{"line":2,"column":10418},"end":{"line":2,"column":10426}},"358":{"start":{"line":2,"column":10434},"end":{"line":2,"column":10448}},"359":{"start":{"line":2,"column":10449},"end":{"line":2,"column":10468}},"360":{"start":{"line":2,"column":10468},"end":{"line":2,"column":10529}},"361":{"start":{"line":2,"column":10479},"end":{"line":2,"column":10481}},"362":{"start":{"line":2,"column":10492},"end":{"line":2,"column":10510}},"363":{"start":{"line":2,"column":10510},"end":{"line":2,"column":10528}},"364":{"start":{"line":2,"column":10530},"end":{"line":2,"column":10539}},"365":{"start":{"line":2,"column":10547},"end":{"line":2,"column":10567}},"366":{"start":{"line":2,"column":10568},"end":{"line":2,"column":10623}},"367":{"start":{"line":2,"column":10617},"end":{"line":2,"column":10622}},"368":{"start":{"line":2,"column":10623},"end":{"line":2,"column":10633}},"369":{"start":{"line":2,"column":10634},"end":{"line":2,"column":10671}},"370":{"start":{"line":2,"column":10644},"end":{"line":2,"column":10645}},"371":{"start":{"line":2,"column":10662},"end":{"line":2,"column":10670}},"372":{"start":{"line":2,"column":10671},"end":{"line":2,"column":10717}},"373":{"start":{"line":2,"column":10687},"end":{"line":2,"column":10716}},"374":{"start":{"line":2,"column":10724},"end":{"line":2,"column":10746}},"375":{"start":{"line":2,"column":10747},"end":{"line":2,"column":10771}},"376":{"start":{"line":2,"column":10777},"end":{"line":2,"column":10802}},"377":{"start":{"line":2,"column":10803},"end":{"line":2,"column":10951}},"378":{"start":{"line":2,"column":10813},"end":{"line":2,"column":10814}},"379":{"start":{"line":2,"column":10817},"end":{"line":2,"column":10825}},"380":{"start":{"line":2,"column":10835},"end":{"line":2,"column":10843}},"381":{"start":{"line":2,"column":10843},"end":{"line":2,"column":10871}},"382":{"start":{"line":2,"column":10871},"end":{"line":2,"column":10932}},"383":{"start":{"line":2,"column":10890},"end":{"line":2,"column":10931}},"384":{"start":{"line":2,"column":10932},"end":{"line":2,"column":10950}},"385":{"start":{"line":2,"column":10951},"end":{"line":2,"column":10968}},"386":{"start":{"line":2,"column":10991},"end":{"line":2,"column":11027}},"387":{"start":{"line":2,"column":11035},"end":{"line":2,"column":11040}},"388":{"start":{"line":2,"column":11048},"end":{"line":2,"column":11061}},"389":{"start":{"line":2,"column":11069},"end":{"line":2,"column":11078}},"390":{"start":{"line":2,"column":11085},"end":{"line":2,"column":11086}},"391":{"start":{"line":2,"column":11094},"end":{"line":2,"column":11102}},"392":{"start":{"line":2,"column":11109},"end":{"line":2,"column":11118}},"393":{"start":{"line":2,"column":11126},"end":{"line":2,"column":11127}},"394":{"start":{"line":2,"column":11134},"end":{"line":2,"column":11148}},"395":{"start":{"line":2,"column":11155},"end":{"line":2,"column":11163}},"396":{"start":{"line":2,"column":11170},"end":{"line":2,"column":11171}},"397":{"start":{"line":2,"column":11172},"end":{"line":2,"column":11180}},"398":{"start":{"line":2,"column":11190},"end":{"line":2,"column":11273}},"399":{"start":{"line":2,"column":11209},"end":{"line":2,"column":11272}},"400":{"start":{"line":2,"column":11229},"end":{"line":2,"column":11245}},"401":{"start":{"line":2,"column":11245},"end":{"line":2,"column":11260}},"402":{"start":{"line":2,"column":11266},"end":{"line":2,"column":11271}},"403":{"start":{"line":2,"column":11273},"end":{"line":2,"column":11278}},"404":{"start":{"line":2,"column":11278},"end":{"line":2,"column":11395}},"405":{"start":{"line":2,"column":11304},"end":{"line":2,"column":11309}},"406":{"start":{"line":2,"column":11317},"end":{"line":2,"column":11324}},"407":{"start":{"line":2,"column":11331},"end":{"line":2,"column":11335}},"408":{"start":{"line":2,"column":11336},"end":{"line":2,"column":11368}},"409":{"start":{"line":2,"column":11363},"end":{"line":2,"column":11367}},"410":{"start":{"line":2,"column":11368},"end":{"line":2,"column":11379}},"411":{"start":{"line":2,"column":11379},"end":{"line":2,"column":11390}},"412":{"start":{"line":2,"column":11390},"end":{"line":2,"column":11394}},"413":{"start":{"line":2,"column":11395},"end":{"line":2,"column":11409}},"414":{"start":{"line":2,"column":11416},"end":{"line":2,"column":11420}},"415":{"start":{"line":2,"column":11421},"end":{"line":2,"column":11892}},"416":{"start":{"line":2,"column":11440},"end":{"line":2,"column":11446}},"417":{"start":{"line":2,"column":11453},"end":{"line":2,"column":11465}},"418":{"start":{"line":2,"column":11473},"end":{"line":2,"column":11477}},"419":{"start":{"line":2,"column":11485},"end":{"line":2,"column":11495}},"420":{"start":{"line":2,"column":11502},"end":{"line":2,"column":11516}},"421":{"start":{"line":2,"column":11524},"end":{"line":2,"column":11532}},"422":{"start":{"line":2,"column":11539},"end":{"line":2,"column":11857}},"423":{"start":{"line":2,"column":11582},"end":{"line":2,"column":11610}},"424":{"start":{"line":2,"column":11589},"end":{"line":2,"column":11609}},"425":{"start":{"line":2,"column":11610},"end":{"line":2,"column":11625}},"426":{"start":{"line":2,"column":11632},"end":{"line":2,"column":11648}},"427":{"start":{"line":2,"column":11656},"end":{"line":2,"column":11680}},"428":{"start":{"line":2,"column":11681},"end":{"line":2,"column":11701}},"429":{"start":{"line":2,"column":11708},"end":{"line":2,"column":11721}},"430":{"start":{"line":2,"column":11722},"end":{"line":2,"column":11745}},"431":{"start":{"line":2,"column":11745},"end":{"line":2,"column":11764}},"432":{"start":{"line":2,"column":11764},"end":{"line":2,"column":11856}},"433":{"start":{"line":2,"column":11772},"end":{"line":2,"column":11821}},"434":{"start":{"line":2,"column":11821},"end":{"line":2,"column":11855}},"435":{"start":{"line":2,"column":11857},"end":{"line":2,"column":11861}},"436":{"start":{"line":2,"column":11861},"end":{"line":2,"column":11876}},"437":{"start":{"line":2,"column":11870},"end":{"line":2,"column":11875}},"438":{"start":{"line":2,"column":11876},"end":{"line":2,"column":11891}},"439":{"start":{"line":2,"column":11886},"end":{"line":2,"column":11890}},"440":{"start":{"line":2,"column":11899},"end":{"line":2,"column":11901}},"441":{"start":{"line":2,"column":11918},"end":{"line":2,"column":12069}},"442":{"start":{"line":2,"column":11928},"end":{"line":2,"column":11936}},"443":{"start":{"line":2,"column":11952},"end":{"line":2,"column":11956}},"444":{"start":{"line":2,"column":11957},"end":{"line":2,"column":12068}},"445":{"start":{"line":2,"column":11982},"end":{"line":2,"column":11988}},"446":{"start":{"line":2,"column":11994},"end":{"line":2,"column":12067}},"447":{"start":{"line":2,"column":12013},"end":{"line":2,"column":12066}},"448":{"start":{"line":2,"column":12086},"end":{"line":2,"column":12166}},"449":{"start":{"line":2,"column":12116},"end":{"line":2,"column":12165}},"450":{"start":{"line":2,"column":12166},"end":{"line":2,"column":12177}},"451":{"start":{"line":2,"column":12178},"end":{"line":2,"column":12200}},"452":{"start":{"line":2,"column":12200},"end":{"line":2,"column":12643}},"453":{"start":{"line":2,"column":12643},"end":{"line":2,"column":13152}},"454":{"start":{"line":2,"column":13152},"end":{"line":2,"column":13189}},"455":{"start":{"line":2,"column":13189},"end":{"line":2,"column":13287}},"456":{"start":{"line":2,"column":13287},"end":{"line":2,"column":13331}},"457":{"start":{"line":2,"column":13331},"end":{"line":2,"column":13424}},"458":{"start":{"line":2,"column":13424},"end":{"line":2,"column":13472}},"459":{"start":{"line":2,"column":13472},"end":{"line":2,"column":13550}},"460":{"start":{"line":2,"column":13550},"end":{"line":2,"column":13646}},"461":{"start":{"line":2,"column":13646},"end":{"line":2,"column":13743}},"462":{"start":{"line":2,"column":13743},"end":{"line":2,"column":13828}},"463":{"start":{"line":2,"column":13828},"end":{"line":2,"column":13893}},"464":{"start":{"line":2,"column":13893},"end":{"line":2,"column":14024}},"465":{"start":{"line":2,"column":14024},"end":{"line":2,"column":14060}},"466":{"start":{"line":2,"column":14080},"end":{"line":2,"column":14095}},"467":{"start":{"line":2,"column":14096},"end":{"line":2,"column":14267}},"468":{"start":{"line":2,"column":14106},"end":{"line":2,"column":14121}},"469":{"start":{"line":2,"column":14128},"end":{"line":2,"column":14140}},"470":{"start":{"line":2,"column":14141},"end":{"line":2,"column":14156}},"471":{"start":{"line":2,"column":14156},"end":{"line":2,"column":14172}},"472":{"start":{"line":2,"column":14172},"end":{"line":2,"column":14184}},"473":{"start":{"line":2,"column":14184},"end":{"line":2,"column":14194}},"474":{"start":{"line":2,"column":14194},"end":{"line":2,"column":14198}},"475":{"start":{"line":2,"column":14208},"end":{"line":2,"column":14266}},"476":{"start":{"line":2,"column":14232},"end":{"line":2,"column":14265}},"477":{"start":{"line":2,"column":14292},"end":{"line":2,"column":14321}},"478":{"start":{"line":2,"column":14322},"end":{"line":2,"column":14336}},"479":{"start":{"line":2,"column":14336},"end":{"line":2,"column":14349}},"480":{"start":{"line":2,"column":14342},"end":{"line":2,"column":14348}},"481":{"start":{"line":2,"column":14355},"end":{"line":2,"column":14399}},"482":{"start":{"line":2,"column":14400},"end":{"line":2,"column":14405}},"483":{"start":{"line":2,"column":14405},"end":{"line":2,"column":14423}},"484":{"start":{"line":2,"column":14454},"end":{"line":2,"column":14494}},"485":{"start":{"line":2,"column":14502},"end":{"line":2,"column":14531}},"486":{"start":{"line":2,"column":14538},"end":{"line":2,"column":14540}},"487":{"start":{"line":2,"column":14541},"end":{"line":2,"column":14629}},"488":{"start":{"line":2,"column":14552},"end":{"line":2,"column":14553}},"489":{"start":{"line":2,"column":14573},"end":{"line":2,"column":14628}},"490":{"start":{"line":2,"column":14583},"end":{"line":2,"column":14584}},"491":{"start":{"line":2,"column":14587},"end":{"line":2,"column":14600}},"492":{"start":{"line":2,"column":14610},"end":{"line":2,"column":14627}},"493":{"start":{"line":2,"column":14629},"end":{"line":2,"column":14637}},"494":{"start":{"line":2,"column":14643},"end":{"line":2,"column":14647}},"495":{"start":{"line":2,"column":14648},"end":{"line":2,"column":14698}},"496":{"start":{"line":2,"column":14659},"end":{"line":2,"column":14697}},"497":{"start":{"line":2,"column":14677},"end":{"line":2,"column":14695}},"498":{"start":{"line":2,"column":14704},"end":{"line":2,"column":14705}},"499":{"start":{"line":2,"column":14719},"end":{"line":2,"column":14751}},"500":{"start":{"line":2,"column":14759},"end":{"line":2,"column":14776}},"501":{"start":{"line":2,"column":14798},"end":{"line":2,"column":14852}},"502":{"start":{"line":2,"column":14854},"end":{"line":2,"column":15434}},"503":{"start":{"line":2,"column":14894},"end":{"line":2,"column":14898}},"504":{"start":{"line":2,"column":14906},"end":{"line":2,"column":14918}},"505":{"start":{"line":2,"column":14919},"end":{"line":2,"column":15433}},"506":{"start":{"line":2,"column":14959},"end":{"line":2,"column":14971}},"507":{"start":{"line":2,"column":14979},"end":{"line":2,"column":15046}},"508":{"start":{"line":2,"column":15020},"end":{"line":2,"column":15045}},"509":{"start":{"line":2,"column":15046},"end":{"line":2,"column":15062}},"510":{"start":{"line":2,"column":15053},"end":{"line":2,"column":15061}},"511":{"start":{"line":2,"column":15069},"end":{"line":2,"column":15074}},"512":{"start":{"line":2,"column":15075},"end":{"line":2,"column":15256}},"513":{"start":{"line":2,"column":15086},"end":{"line":2,"column":15099}},"514":{"start":{"line":2,"column":15121},"end":{"line":2,"column":15255}},"515":{"start":{"line":2,"column":15241},"end":{"line":2,"column":15249}},"516":{"start":{"line":2,"column":15249},"end":{"line":2,"column":15254}},"517":{"start":{"line":2,"column":15256},"end":{"line":2,"column":15432}},"518":{"start":{"line":2,"column":15271},"end":{"line":2,"column":15316}},"519":{"start":{"line":2,"column":15317},"end":{"line":2,"column":15361}},"520":{"start":{"line":2,"column":15361},"end":{"line":2,"column":15377}},"521":{"start":{"line":2,"column":15368},"end":{"line":2,"column":15376}},"522":{"start":{"line":2,"column":15377},"end":{"line":2,"column":15427}},"523":{"start":{"line":2,"column":15427},"end":{"line":2,"column":15431}},"524":{"start":{"line":2,"column":15434},"end":{"line":2,"column":15485}},"525":{"start":{"line":2,"column":15449},"end":{"line":2,"column":15466}},"526":{"start":{"line":2,"column":15472},"end":{"line":2,"column":15484}},"527":{"start":{"line":2,"column":15479},"end":{"line":2,"column":15483}},"528":{"start":{"line":2,"column":15486},"end":{"line":2,"column":15489}},"529":{"start":{"line":2,"column":15490},"end":{"line":2,"column":15514}},"530":{"start":{"line":2,"column":15514},"end":{"line":2,"column":15535}},"531":{"start":{"line":2,"column":15535},"end":{"line":2,"column":15780}},"532":{"start":{"line":2,"column":15785},"end":{"line":2,"column":16550}},"533":{"start":{"line":2,"column":16550},"end":{"line":2,"column":17330}},"534":{"start":{"line":2,"column":17330},"end":{"line":2,"column":17476}},"535":{"start":{"line":2,"column":17476},"end":{"line":2,"column":17568}}},"fnMap":{"0":{"name":"(anonymous_0)","decl":{"start":{"line":2,"column":40},"end":{"line":2,"column":41}},"loc":{"start":{"line":2,"column":50},"end":{"line":2,"column":15781}},"line":2},"1":{"name":"k","decl":{"start":{"line":2,"column":2533},"end":{"line":2,"column":2534}},"loc":{"start":{"line":2,"column":2537},"end":{"line":2,"column":5371}},"line":2},"2":{"name":"ab","decl":{"start":{"line":2,"column":2799},"end":{"line":2,"column":2801}},"loc":{"start":{"line":2,"column":2805},"end":{"line":2,"column":3055}},"line":2},"3":{"name":"T","decl":{"start":{"line":2,"column":3064},"end":{"line":2,"column":3065}},"loc":{"start":{"line":2,"column":3069},"end":{"line":2,"column":3219}},"line":2},"4":{"name":"X","decl":{"start":{"line":2,"column":3228},"end":{"line":2,"column":3229}},"loc":{"start":{"line":2,"column":3233},"end":{"line":2,"column":4214}},"line":2},"5":{"name":"(anonymous_5)","decl":{"start":{"line":2,"column":3804},"end":{"line":2,"column":3805}},"loc":{"start":{"line":2,"column":3819},"end":{"line":2,"column":3855}},"line":2},"6":{"name":"W","decl":{"start":{"line":2,"column":4223},"end":{"line":2,"column":4224}},"loc":{"start":{"line":2,"column":4228},"end":{"line":2,"column":5197}},"line":2},"7":{"name":"(anonymous_7)","decl":{"start":{"line":2,"column":5088},"end":{"line":2,"column":5089}},"loc":{"start":{"line":2,"column":5100},"end":{"line":2,"column":5173}},"line":2},"8":{"name":"a","decl":{"start":{"line":2,"column":5380},"end":{"line":2,"column":5381}},"loc":{"start":{"line":2,"column":5384},"end":{"line":2,"column":6108}},"line":2},"9":{"name":"aa","decl":{"start":{"line":2,"column":5660},"end":{"line":2,"column":5662}},"loc":{"start":{"line":2,"column":5666},"end":{"line":2,"column":6046}},"line":2},"10":{"name":"B","decl":{"start":{"line":2,"column":6117},"end":{"line":2,"column":6118}},"loc":{"start":{"line":2,"column":6127},"end":{"line":2,"column":6208}},"line":2},"11":{"name":"o","decl":{"start":{"line":2,"column":6228},"end":{"line":2,"column":6229}},"loc":{"start":{"line":2,"column":6232},"end":{"line":2,"column":6387}},"line":2},"12":{"name":"g","decl":{"start":{"line":2,"column":6396},"end":{"line":2,"column":6397}},"loc":{"start":{"line":2,"column":6402},"end":{"line":2,"column":7520}},"line":2},"13":{"name":"(anonymous_13)","decl":{"start":{"line":2,"column":6419},"end":{"line":2,"column":6420}},"loc":{"start":{"line":2,"column":6429},"end":{"line":2,"column":6696}},"line":2},"14":{"name":"(anonymous_14)","decl":{"start":{"line":2,"column":6721},"end":{"line":2,"column":6722}},"loc":{"start":{"line":2,"column":6733},"end":{"line":2,"column":7510}},"line":2},"15":{"name":"i","decl":{"start":{"line":2,"column":7529},"end":{"line":2,"column":7530}},"loc":{"start":{"line":2,"column":7533},"end":{"line":2,"column":9271}},"line":2},"16":{"name":"Q","decl":{"start":{"line":2,"column":9381},"end":{"line":2,"column":9382}},"loc":{"start":{"line":2,"column":9388},"end":{"line":2,"column":10969}},"line":2},"17":{"name":"ae","decl":{"start":{"line":2,"column":9755},"end":{"line":2,"column":9757}},"loc":{"start":{"line":2,"column":9761},"end":{"line":2,"column":10259}},"line":2},"18":{"name":"ad","decl":{"start":{"line":2,"column":10268},"end":{"line":2,"column":10270}},"loc":{"start":{"line":2,"column":10274},"end":{"line":2,"column":10634}},"line":2},"19":{"name":"ai","decl":{"start":{"line":2,"column":10340},"end":{"line":2,"column":10342}},"loc":{"start":{"line":2,"column":10349},"end":{"line":2,"column":10540}},"line":2},"20":{"name":"D","decl":{"start":{"line":2,"column":10978},"end":{"line":2,"column":10979}},"loc":{"start":{"line":2,"column":10983},"end":{"line":2,"column":11893}},"line":2},"21":{"name":"c","decl":{"start":{"line":2,"column":11911},"end":{"line":2,"column":11912}},"loc":{"start":{"line":2,"column":11917},"end":{"line":2,"column":12070}},"line":2},"22":{"name":"q","decl":{"start":{"line":2,"column":12079},"end":{"line":2,"column":12080}},"loc":{"start":{"line":2,"column":12085},"end":{"line":2,"column":12178}},"line":2},"23":{"name":"d","decl":{"start":{"line":2,"column":14069},"end":{"line":2,"column":14070}},"loc":{"start":{"line":2,"column":14073},"end":{"line":2,"column":14268}},"line":2},"24":{"name":"y","decl":{"start":{"line":2,"column":14277},"end":{"line":2,"column":14278}},"loc":{"start":{"line":2,"column":14285},"end":{"line":2,"column":14424}},"line":2},"25":{"name":"b","decl":{"start":{"line":2,"column":14433},"end":{"line":2,"column":14434}},"loc":{"start":{"line":2,"column":14438},"end":{"line":2,"column":15490}},"line":2},"26":{"name":"Y","decl":{"start":{"line":2,"column":14448},"end":{"line":2,"column":14449}},"loc":{"start":{"line":2,"column":14453},"end":{"line":2,"column":14495}},"line":2},"27":{"name":"(anonymous_27)","decl":{"start":{"line":2,"column":14666},"end":{"line":2,"column":14667}},"loc":{"start":{"line":2,"column":14676},"end":{"line":2,"column":14696}},"line":2},"28":{"name":"U","decl":{"start":{"line":2,"column":14786},"end":{"line":2,"column":14787}},"loc":{"start":{"line":2,"column":14789},"end":{"line":2,"column":15486}},"line":2}},"branchMap":{"0":{"loc":{"start":{"line":2,"column":2616},"end":{"line":2,"column":2753}},"type":"if","locations":[{"start":{"line":2,"column":2616},"end":{"line":2,"column":2753}},{"start":{"line":2,"column":2616},"end":{"line":2,"column":2753}}],"line":2},"1":{"loc":{"start":{"line":2,"column":2647},"end":{"line":2,"column":2752}},"type":"if","locations":[{"start":{"line":2,"column":2647},"end":{"line":2,"column":2752}},{"start":{"line":2,"column":2647},"end":{"line":2,"column":2752}}],"line":2},"2":{"loc":{"start":{"line":2,"column":2830},"end":{"line":2,"column":2852}},"type":"if","locations":[{"start":{"line":2,"column":2830},"end":{"line":2,"column":2852}},{"start":{"line":2,"column":2830},"end":{"line":2,"column":2852}}],"line":2},"3":{"loc":{"start":{"line":2,"column":2881},"end":{"line":2,"column":3054}},"type":"if","locations":[{"start":{"line":2,"column":2881},"end":{"line":2,"column":3054}},{"start":{"line":2,"column":2881},"end":{"line":2,"column":3054}}],"line":2},"4":{"loc":{"start":{"line":2,"column":2903},"end":{"line":2,"column":3053}},"type":"if","locations":[{"start":{"line":2,"column":2903},"end":{"line":2,"column":3053}},{"start":{"line":2,"column":2903},"end":{"line":2,"column":3053}}],"line":2},"5":{"loc":{"start":{"line":2,"column":2906},"end":{"line":2,"column":2922}},"type":"binary-expr","locations":[{"start":{"line":2,"column":2906},"end":{"line":2,"column":2913}},{"start":{"line":2,"column":2915},"end":{"line":2,"column":2922}}],"line":2},"6":{"loc":{"start":{"line":2,"column":2964},"end":{"line":2,"column":3052}},"type":"if","locations":[{"start":{"line":2,"column":2964},"end":{"line":2,"column":3052}},{"start":{"line":2,"column":2964},"end":{"line":2,"column":3052}}],"line":2},"7":{"loc":{"start":{"line":2,"column":2967},"end":{"line":2,"column":2985}},"type":"binary-expr","locations":[{"start":{"line":2,"column":2967},"end":{"line":2,"column":2975}},{"start":{"line":2,"column":2977},"end":{"line":2,"column":2985}}],"line":2},"8":{"loc":{"start":{"line":2,"column":3070},"end":{"line":2,"column":3123}},"type":"if","locations":[{"start":{"line":2,"column":3070},"end":{"line":2,"column":3123}},{"start":{"line":2,"column":3070},"end":{"line":2,"column":3123}}],"line":2},"9":{"loc":{"start":{"line":2,"column":3087},"end":{"line":2,"column":3105}},"type":"cond-expr","locations":[{"start":{"line":2,"column":3093},"end":{"line":2,"column":3099}},{"start":{"line":2,"column":3100},"end":{"line":2,"column":3105}}],"line":2},"10":{"loc":{"start":{"line":2,"column":3154},"end":{"line":2,"column":3209}},"type":"if","locations":[{"start":{"line":2,"column":3154},"end":{"line":2,"column":3209}},{"start":{"line":2,"column":3154},"end":{"line":2,"column":3209}}],"line":2},"11":{"loc":{"start":{"line":2,"column":3157},"end":{"line":2,"column":3196}},"type":"binary-expr","locations":[{"start":{"line":2,"column":3157},"end":{"line":2,"column":3166}},{"start":{"line":2,"column":3168},"end":{"line":2,"column":3176}},{"start":{"line":2,"column":3178},"end":{"line":2,"column":3186}},{"start":{"line":2,"column":3188},"end":{"line":2,"column":3196}}],"line":2},"12":{"loc":{"start":{"line":2,"column":3443},"end":{"line":2,"column":3449}},"type":"cond-expr","locations":[{"start":{"line":2,"column":3446},"end":{"line":2,"column":3447}},{"start":{"line":2,"column":3448},"end":{"line":2,"column":3449}}],"line":2},"13":{"loc":{"start":{"line":2,"column":3489},"end":{"line":2,"column":3795}},"type":"if","locations":[{"start":{"line":2,"column":3489},"end":{"line":2,"column":3795}},{"start":{"line":2,"column":3489},"end":{"line":2,"column":3795}}],"line":2},"14":{"loc":{"start":{"line":2,"column":3552},"end":{"line":2,
[...]
,"decl":{"start":{"line":48,"column":10},"end":{"line":48,"column":11}},"loc":{"start":{"line":48,"column":21},"end":{"line":50,"column":5}},"line":48},"13":{"name":"(anonymous_13)","decl":{"start":{"line":51,"column":11},"end":{"line":51,"column":12}},"loc":{"start":{"line":51,"column":18},"end":{"line":51,"column":43}},"line":51},"14":{"name":"(anonymous_14)","decl":{"start":{"line":55,"column":28},"end":{"line":55,"column":29}},"loc":{"start":{"line":55,"column":48},"end":{"line":63,"column":1}},"line":55},"15":{"name":"(anonymous_15)","decl":{"start":{"line":58,"column":10},"end":{"line":58,"column":11}},"loc":{"start":{"line":58,"column":20},"end":{"line":61,"column":5}},"line":58},"16":{"name":"(anonymous_16)","decl":{"start":{"line":62,"column":11},"end":{"line":62,"column":12}},"loc":{"start":{"line":62,"column":18},"end":{"line":62,"column":43}},"line":62},"17":{"name":"(anonymous_17)","decl":{"start":{"line":66,"column":34},"end":{"line":66,"column":35}},"loc":{"start":{"line":66,"column":54},"end":{"line":74,"column":1}},"line":66},"18":{"name":"(anonymous_18)","decl":{"start":{"line":69,"column":10},"end":{"line":69,"column":11}},"loc":{"start":{"line":69,"column":20},"end":{"line":72,"column":5}},"line":69},"19":{"name":"(anonymous_19)","decl":{"start":{"line":73,"column":11},"end":{"line":73,"column":12}},"loc":{"start":{"line":73,"column":18},"end":{"line":73,"column":43}},"line":73},"20":{"name":"(anonymous_20)","decl":{"start":{"line":77,"column":33},"end":{"line":77,"column":34}},"loc":{"start":{"line":77,"column":53},"end":{"line":94,"column":1}},"line":77},"21":{"name":"(anonymous_21)","decl":{"start":{"line":80,"column":10},"end":{"line":80,"column":11}},"loc":{"start":{"line":80,"column":20},"end":{"line":89,"column":5}},"line":80},"22":{"name":"(anonymous_22)","decl":{"start":{"line":90,"column":11},"end":{"line":90,"column":12}},"loc":{"start":{"line":90,"column":18},"end":{"line":93,"column":5}},"line":90},"23":{"name":"(anonymous_23)","decl":{"start":{"line":97,"column":29},"end":{"line":97,"column":30}},"loc":{"start":{"line":97,"column":49},"end":{"line":112,"column":1}},"line":97},"24":{"name":"(anonymous_24)","decl":{"start":{"line":101,"column":10},"end":{"line":101,"column":11}},"loc":{"start":{"line":101,"column":20},"end":{"line":110,"column":5}},"line":101},"25":{"name":"(anonymous_25)","decl":{"start":{"line":104,"column":18},"end":{"line":104,"column":19}},"loc":{"start":{"line":104,"column":25},"end":{"line":106,"column":13}},"line":104},"26":{"name":"(anonymous_26)","decl":{"start":{"line":111,"column":11},"end":{"line":111,"column":12}},"loc":{"start":{"line":111,"column":18},"end":{"line":111,"column":43}},"line":111},"27":{"name":"(anonymous_27)","decl":{"start":{"line":115,"column":37},"end":{"line":115,"column":38}},"loc":{"start":{"line":115,"column":57},"end":{"line":124,"column":1}},"line":115},"28":{"name":"(anonymous_28)","decl":{"start":{"line":119,"column":10},"end":{"line":119,"column":11}},"loc":{"start":{"line":119,"column":20},"end":{"line":122,"column":5}},"line":119},"29":{"name":"(anonymous_29)","decl":{"start":{"line":123,"column":11},"end":{"line":123,"column":12}},"loc":{"start":{"line":123,"column":18},"end":{"line":123,"column":43}},"line":123}},"branchMap":{"0":{"loc":{"start":{"line":82,"column":8},"end":{"line":88,"column":9}},"type":"if","locations":[{"start":{"line":82,"column":8},"end":{"line":88,"column":9}},{"start":{"line":82,"column":8},"end":{"line":88,"column":9}}],"line":82},"1":{"loc":{"start":{"line":102,"column":8},"end":{"line":109,"column":9}},"type":"if","locations":[{"start":{"line":102,"column":8},"end":{"line":109,"column":9}},{"start":{"line":102,"column":8},"end":{"line":109,"column":9}}],"line":102}},"s":{"0":0,"1":0,"2":0,"3":0,"4":0,"5":0,"6":0,"7":0,"8":0,"9":0,"10":0,"11":0,"12":0,"13":0,"14":0,"15":0,"16":0,"17":0,"18":0,"19":0,"20":0,"21":0,"22":0,"23":0,"24":0,"25":0,"26":0,"27":0,"28":0,"29":0,"30":0,"31":0,"32":0,"33":0,"34":0,"35":0,"36":0,"37":0,"38":0,"39":0,"40":0,"41":0,"42":0,"43":0,"44":0,"45":0,"46":0,"47":0,"48":0,"49":0,"50":0,"51":0,"52":0,"53":0,"54":0,"55":0,"56":0,"57":0,"58":0,"59":0,"60":0,"61":0,"62":0,"63":0},"f":{"0":0,"1":0,"2":0,"3":0,"4":0,"5":0,"6":0,"7":0,"8":0,"9":0,"10":0,"11":0,"12":0,"13":0,"14":0,"15":0,"16":0,"17":0,"18":0,"19":0,"20":0,"21":0,"22":0,"23":0,"24":0,"25":0,"26":0,"27":0,"28":0,"29":0},"b":{"0":[0,0],"1":[0,0]},"hash":"5e0a3e59951c139bbe5f0e33bf8c1ac4283f34c8"}
,"E:\\lambdaschool\\labs\\wowo-be\\middleware\\generateToken.js": {"path":"E:\\lambdaschool\\labs\\wowo-be\\middleware\\generateToken.js","statementMap":{"0":{"start":{"line":1,"column":12},"end":{"line":1,"column":35}},"1":{"start":{"line":8,"column":18},"end":{"line":13,"column":3}},"2":{"start":{"line":15,"column":18},"end":{"line":17,"column":3}},"3":{"start":{"line":19,"column":2},"end":{"line":19,"column":60}},"4":{"start":{"line":22,"column":0},"end":{"line":22,"column":31}}},"fnMap":{"0":{"name":"generateToken","decl":{"start":{"line":3,"column":9},"end":{"line":3,"column":22}},"loc":{"start":{"line":3,"column":29},"end":{"line":20,"column":1}},"line":3}},"branchMap":{},"s":{"0":1,"1":2,"2":2,"3":2,"4":1},"f":{"0":2},"b":{},"_coverageSchema":"43e27e138ebf9cfc5966b082cf9a028302ed4184","hash":"aa453bb8d933e2f73c39fc258ec254a8035832fd"}
,"E:\\lambdaschool\\labs\\wowo-be\\middleware\\restricted.js": {"path":"E:\\lambdaschool\\labs\\wowo-be\\middleware\\restricted.js","statementMap":{"0":{"start":{"line":1,"column":12},"end":{"line":1,"column":35}},"1":{"start":{"line":3,"column":0},"end":{"line":28,"column":2}},"2":{"start":{"line":4,"column":16},"end":{"line":4,"column":41}},"3":{"start":{"line":10,"column":2},"end":{"line":27,"column":3}},"4":{"start":{"line":11,"column":4},"end":{"line":22,"column":6}},"5":{"start":{"line":12,"column":6},"end":{"line":21,"column":7}},"6":{"start":{"line":13,"column":8},"end":{"line":13,"column":42}},"7":{"start":{"line":14,"column":8},"end":{"line":16,"column":10}},"8":{"start":{"line":19,"column":8},"end":{"line":19,"column":40}},"9":{"start":{"line":20,"column":8},"end":{"line":20,"column":15}},"10":{"start":{"line":24,"column":4},"end":{"line":26,"column":6}}},"fnMap":{"0":{"name":"(anonymous_0)","decl":{"start":{"line":3,"column":17},"end":{"line":3,"column":18}},"loc":{"start":{"line":3,"column":37},"end":{"line":28,"column":1}},"line":3},"1":{"name":"(anonymous_1)","decl":{"start":{"line":11,"column":46},"end":{"line":11,"column":47}},"loc":{"start":{"line":11,"column":69},"end":{"line":22,"column":5}},"line":11}},"branchMap":{"0":{"loc":{"start":{"line":10,"column":2},"end":{"line":27,"column":3}},"type":"if","locations":[{"start":{"line":10,"column":2},"end":{"line":27,"column":3}},{"start":{"line":10,"column":2},"end":{"line":27,"column":3}}],"line":10},"1":{"loc":{"start":{"line":12,"column":6},"end":{"line":21,"column":7}},"type":"if","locations":[{"start":{"line":12,"column":6},"end":{"line":21,"column":7}},{"start":{"line":12,"column":6},"end":{"line":21,"column":7}}],"line":12}},"s":{"0":0,"1":0,"2":0,"3":0,"4":0,"5":0,"6":0,"7":0,"8":0,"9":0,"10":0},"f":{"0":0,"1":0},"b":{"0":[0,0],"1":[0,0]},"hash":"62a77c5d7fc1a0ec9f505fd7060cc34a8a298762"}
,"E:\\lambdaschool\\labs\\wowo-be\\ratings\\ratings-router.js": {"path":"E:\\lambdaschool\\labs\\wowo-be\\ratings\\ratings-router.js","statementMap":{"0":{"start":{"line":1,"column":22},"end":{"line":1,"column":49}},"1":{"start":{"line":2,"column":16},"end":{"line":2,"column":49}},"2":{"start":{"line":3,"column":71},"end":{"line":3,"column":104}},"3":{"start":{"line":6,"column":0},"end":{"line":26,"column":3}},"4":{"start":{"line":7,"column":19},"end":{"line":7,"column":27}},"5":{"start":{"line":8,"column":4},"end":{"line":25,"column":44}},"6":{"start":{"line":11,"column":29},"end":{"line":11,"column":31}},"7":{"start":{"line":12,"column":8},"end":{"line":14,"column":10}},"8":{"start":{"line":13,"column":12},"end":{"line":13,"column":44}},"9":{"start":{"line":17,"column":20},"end":{"line":17,"column":21}},"10":{"start":{"line":18,"column":8},"end":{"line":20,"column":9}},"11":{"start":{"line":18,"column":20},"end":{"line":18,"column":21}},"12":{"start":{"line":19,"column":8},"end":{"line":19,"column":33}},"13":{"start":{"line":21,"column":18},"end":{"line":21,"column":45}},"14":{"start":{"line":23,"column":8},"end":{"line":23,"column":33}},"15":{"start":{"line":25,"column":18},"end":{"line":25,"column":43}},"16":{"start":{"line":29,"column":0},"end":{"line":49,"column":3}},"17":{"start":{"line":30,"column":19},"end":{"line":30,"column":27}},"18":{"start":{"line":31,"column":4},"end":{"line":48,"column":44}},"19":{"start":{"line":34,"column":29},"end":{"line":34,"column":31}},"20":{"start":{"line":35,"column":8},"end":{"line":37,"column":10}},"21":{"start":{"line":36,"column":12},"end":{"line":36,"column":44}},"22":{"start":{"line":40,"column":20},"end":{"line":40,"column":21}},"23":{"start":{"line":41,"column":8},"end":{"line":43,"column":9}},"24":{"start":{"line":41,"column":20},"end":{"line":41,"column":21}},"25":{"start":{"line":42,"column":8},"end":{"line":42,"column":33}},"26":{"start":{"line":44,"column":18},"end":{"line":44,"column":45}},"27":{"start":{"line":46,"column":8},"end":{"line":46,"column":33}},"28":{"start":{"line":48,"column":18},"end":{"line":48,"column":43}},"29":{"start":{"line":52,"column":0},"end":{"line":62,"column":3}},"30":{"start":{"line":53,"column":34},"end":{"line":53,"column":42}},"31":{"start":{"line":54,"column":25},"end":{"line":54,"column":46}},"32":{"start":{"line":56,"column":4},"end":{"line":61,"column":44}},"33":{"start":{"line":59,"column":8},"end":{"line":59,"column":76}},"34":{"start":{"line":61,"column":18},"end":{"line":61,"column":43}},"35":{"start":{"line":65,"column":0},"end":{"line":74,"column":3}},"36":{"start":{"line":66,"column":34},"end":{"line":66,"column":42}},"37":{"start":{"line":67,"column":25},"end":{"line":67,"column":46}},"38":{"start":{"line":68,"column":4},"end":{"line":73,"column":44}},"39":{"start":{"line":71,"column":8},"end":{"line":71,"column":76}},"40":{"start":{"line":73,"column":18},"end":{"line":73,"column":43}},"41":{"start":{"line":76,"column":0},"end":{"line":76,"column":31}}},"fnMap":{"0":{"name":"(anonymous_0)","decl":{"start":{"line":6,"column":37},"end":{"line":6,"column":38}},"loc":{"start":{"line":6,"column":57},"end":{"line":26,"column":1}},"line":6},"1":{"name":"(anonymous_1)","decl":{"start":{"line":9,"column":10},"end":{"line":9,"column":11}},"loc":{"start":{"line":9,"column":20},"end":{"line":24,"column":5}},"line":9},"2":{"name":"(anonymous_2)","decl":{"start":{"line":12,"column":23},"end":{"line":12,"column":24}},"loc":{"start":{"line":12,"column":33},"end":{"line":14,"column":9}},"line":12},"3":{"name":"(anonymous_3)","decl":{"start":{"line":25,"column":11},"end":{"line":25,"column":12}},"loc":{"start":{"line":25,"column":18},"end":{"line":25,"column":43}},"line":25},"4":{"name":"(anonymous_4)","decl":{"start":{"line":29,"column":37},"end":{"line":29,"column":38}},"loc":{"start":{"line":29,"column":57},"end":{"line":49,"column":1}},"line":29},"5":{"name":"(anonymous_5)","decl":{"start":{"line":32,"column":10},"end":{"line":32,"column":11}},"loc":{"start":{"line":32,"column":20},"end":{"line":47,"column":5}},"line":32},"6":{"name":"(anonymous_6)","decl":{"start":{"line":35,"column":23},"end":{"line":35,"column":24}},"loc":{"start":{"line":35,"column":33},"end":{"line":37,"column":9}},"line":35},"7":{"name":"(anonymous_7)","decl":{"start":{"line":48,"column":11},"end":{"line":48,"column":12}},"loc":{"start":{"line":48,"column":18},"end":{"line":48,"column":43}},"line":48},"8":{"name":"(anonymous_8)","decl":{"start":{"line":52,"column":34},"end":{"line":52,"column":35}},"loc":{"start":{"line":52,"column":54},"end":{"line":62,"column":1}},"line":52},"9":{"name":"(anonymous_9)","decl":{"start":{"line":57,"column":10},"end":{"line":57,"column":11}},"loc":{"start":{"line":57,"column":22},"end":{"line":60,"column":5}},"line":57},"10":{"name":"(anonymous_10)","decl":{"start":{"line":61,"column":11},"end":{"line":61,"column":12}},"loc":{"start":{"line":61,"column":18},"end":{"line":61,"column":43}},"line":61},"11":{"name":"(anonymous_11)","decl":{"start":{"line":65,"column":34},"end":{"line":65,"column":35}},"loc":{"start":{"line":65,"column":54},"end":{"line":74,"column":1}},"line":65},"12":{"name":"(anonymous_12)","decl":{"start":{"line":69,"column":10},"end":{"line":69,"column":11}},"loc":{"start":{"line":69,"column":20},"end":{"line":72,"column":5}},"line":69},"13":{"name":"(anonymous_13)","decl":{"start":{"line":73,"column":11},"end":{"line":73,"column":12}},"loc":{"start":{"line":73,"column":18},"end":{"line":73,"column":43}},"line":73}},"branchMap":{},"s":{"0":0,"1":0,"2":0,"3":0,"4":0,"5":0,"6":0,"7":0,"8":0,"9":0,"10":0,"11":0,"12":0,"13":0,"14":0,"15":0,"16":0,"17":0,"18":0,"19":0,"20":0,"21":0,"22":0,"23":0,"24":0,"25":0,"26":0,"27":0,"28":0,"29":0,"30":0,"31":0,"32":0,"33":0,"34":0,"35":0,"36":0,"37":0,"38":0,"39":0,"40":0,"41":0},"f":{"0":0,"1":0,"2":0,"3":0,"4":0,"5":0,"6":0,"7":0,"8":0,"9":0,"10":0,"11":0,"12":0,"13":0},"b":{},"hash":"b7c110398b90d79294d1d07be60c22268e2e7c92"}
,"E:\\lambdaschool\\labs\\wowo-be\\users\\users-model.js": {"path":"E:\\lambdaschool\\labs\\wowo-be\\users\\users-model.js","statementMap":{"0":{"start":{"line":1,"column":11},"end":{"line":1,"column":42}},"1":{"start":{"line":3,"column":0},"end":{"line":8,"column":2}},"2":{"start":{"line":11,"column":2},"end":{"line":11,"column":33}},"3":{"start":{"line":15,"column":2},"end":{"line":18,"column":13}},"4":{"start":{"line":22,"column":2},"end":{"line":22,"column":41}},"5":{"start":{"line":26,"column":2},"end":{"line":26,"column":56}}},"fnMap":{"0":{"name":"find","decl":{"start":{"line":10,"column":9},"end":{"line":10,"column":13}},"loc":{"start":{"line":10,"column":16},"end":{"line":12,"column":1}},"line":10},"1":{"name":"findById","decl":{"start":{"line":14,"column":9},"end":{"line":14,"column":17}},"loc":{"start":{"line":14,"column":22},"end":{"line":19,"column":1}},"line":14},"2":{"name":"del","decl":{"start":{"line":21,"column":9},"end":{"line":21,"column":12}},"loc":{"start":{"line":21,"column":17},"end":{"line":23,"column":1}},"line":21},"3":{"name":"update","decl":{"start":{"line":25,"column":9},"end":{"line":25,"column":15}},"loc":{"start":{"line":25,"column":29},"end":{"line":27,"column":1}},"line":25}},"branchMap":{},"s":{"0":0,"1":0,"2":0,"3":0,"4":0,"5":0},"f":{"0":0,"1":0,"2":0,"3":0},"b":{},"hash":"5ef8662fd51ae7259b801ef5c25b75eeaa6790bf"}
,"E:\\lambdaschool\\labs\\wowo-be\\users\\users-router.js": {"path":"E:\\lambdaschool\\labs\\wowo-be\\users\\users-router.js","statementMap":{"0":{"start":{"line":1,"column":20},"end":{"line":1,"column":47}},"1":{"start":{"line":3,"column":14},"end":{"line":3,"column":48}},"2":{"start":{"line":6,"column":0},"end":{"line":15,"column":3}},"3":{"start":{"line":7,"column":2},"end":{"line":14,"column":7}},"4":{"start":{"line":9,"column":6},"end":{"line":9,"column":34}},"5":{"start":{"line":12,"column":6},"end":{"line":12,"column":48}},"6":{"start":{"line":13,"column":6},"end":{"line":13,"column":32}},"7":{"start":{"line":18,"column":0},"end":{"line":20,"column":3}},"8":{"start":{"line":19,"column":2},"end":{"line":19,"column":33}},"9":{"start":{"line":23,"column":0},"end":{"line":35,"column":3}},"10":{"start":{"line":24,"column":17},"end":{"line":24,"column":27}},"11":{"start":{"line":25,"column":19},"end":{"line":25,"column":27}},"12":{"start":{"line":26,"column":2},"end":{"line":34,"column":7}},"13":{"start":{"line":28,"column":6},"end":{"line":30,"column":9}},"14":{"start":{"line":33,"column":6},"end":{"line":33,"column":55}},"15":{"start":{"line":38,"column":0},"end":{"line":54,"column":3}},"16":{"start":{"line":39,"column":2},"end":{"line":53,"column":7}},"17":{"start":{"line":41,"column":6},"end":{"line":47,"column":7}},"18":{"start":{"line":42,"column":8},"end":{"line":42,"column":35}},"19":{"start":{"line":44,"column":8},"end":{"line":46,"column":11}},"20":{"start":{"line":50,"column":6},"end":{"line":52,"column":9}},"21":{"start":{"line":58,"column":17},"end":{"line":58,"column":27}},"22":{"start":{"line":59,"column":2},"end":{"line":76,"column":7}},"23":{"start":{"line":61,"column":6},"end":{"line":61,"column":24}},"24":{"start":{"line":62,"column":6},"end":{"line":69,"column":7}},"25":{"start":{"line":63,"column":8},"end":{"line":63,"column":24}},"26":{"start":{"line":64,"column":8},"end":{"line":64,"column":15}},"27":{"start":{"line":66,"column":8},"end":{"line":68,"column":11}},"28":{"start":{"line":72,"column":6},"end":{"line":72,"column":50}},"29":{"start":{"line":73,"column":6},"end":{"line":75,"column":9}},"30":{"start":{"line":79,"column":0},"end":{"line":79,"column":29}}},"fnMap":{"0":{"name":"(anonymous_0)","decl":{"start":{"line":6,"column":21},"end":{"line":6,"column":22}},"loc":{"start":{"line":6,"column":35},"end":{"line":15,"column":1}},"line":6},"1":{"name":"(anonymous_1)","decl":{"start":{"line":8,"column":10},"end":{"line":8,"column":11}},"loc":{"start":{"line":8,"column":21},"end":{"line":10,"column":5}},"line":8},"2":{"name":"(anonymous_2)","decl":{"start":{"line":11,"column":11},"end":{"line":11,"column":12}},"loc":{"start":{"line":11,"column":20},"end":{"line":14,"column":5}},"line":11},"3":{"name":"(anonymous_3)","decl":{"start":{"line":18,"column":33},"end":{"line":18,"column":34}},"loc":{"start":{"line":18,"column":47},"end":{"line":20,"column":1}},"line":18},"4":{"name":"(anonymous_4)","decl":{"start":{"line":23,"column":36},"end":{"line":23,"column":37}},"loc":{"start":{"line":23,"column":50},"end":{"line":35,"column":1}},"line":23},"5":{"name":"(anonymous_5)","decl":{"start":{"line":27,"column":10},"end":{"line":27,"column":11}},"loc":{"start":{"line":27,"column":23},"end":{"line":31,"column":5}},"line":27},"6":{"name":"(anonymous_6)","decl":{"start":{"line":32,"column":11},"end":{"line":32,"column":12}},"loc":{"start":{"line":32,"column":22},"end":{"line":34,"column":5}},"line":32},"7":{"name":"(anonymous_7)","decl":{"start":{"line":38,"column":33},"end":{"line":38,"column":34}},"loc":{"start":{"line":38,"column":47},"end":{"line":54,"column":1}},"line":38},"8":{"name":"(anonymous_8)","decl":{"start":{"line":40,"column":10},"end":{"line":40,"column":11}},"loc":{"start":{"line":40,"column":20},"end":{"line":48,"column":5}},"line":40},"9":{"name":"(anonymous_9)","decl":{"start":{"line":49,"column":11},"end":{"line":49,"column":12}},"loc":{"start":{"line":49,"column":20},"end":{"line":53,"column":5}},"line":49},"10":{"name":"checkId","decl":{"start":{"line":57,"column":9},"end":{"line":57,"column":16}},"loc":{"start":{"line":57,"column":33},"end":{"line":77,"column":1}},"line":57},"11":{"name":"(anonymous_11)","decl":{"start":{"line":60,"column":10},"end":{"line":60,"column":11}},"loc":{"start":{"line":60,"column":20},"end":{"line":70,"column":5}},"line":60},"12":{"name":"(anonymous_12)","decl":{"start":{"line":71,"column":11},"end":{"line":71,"column":12}},"loc":{"start":{"line":71,"column":20},"end":{"line":76,"column":5}},"line":71}},"branchMap":{"0":{"loc":{"start":{"line":41,"column":6},"end":{"line":47,"column":7}},"type":"if","locations":[{"start":{"line":41,"column":6},"end":{"line":47,"column":7}},{"start":{"line":41,"column":6},"end":{"line":47,"column":7}}],"line":41},"1":{"loc":{"start":{"line":62,"column":6},"end":{"line":69,"column":7}},"type":"if","locations":[{"start":{"line":62,"column":6},"end":{"line":69,"column":7}},{"start":{"line":62,"column":6},"end":{"line":69,"column":7}}],"line":62}},"s":{"0":0,"1":0,"2":0,"3":0,"4":0,"5":0,"6":0,"7":0,"8":0,"9":0,"10":0,"11":0,"12":0,"13":0,"14":0,"15":0,"16":0,"17":0,"18":0,"19":0,"20":0,"21":0,"22":0,"23":0,"24":0,"25":0,"26":0,"27":0,"28":0,"29":0,"30":0},"f":{"0":0,"1":0,"2":0,"3":0,"4":0,"5":0,"6":0,"7":0,"8":0,"9":0,"10":0,"11":0,"12":0},"b":{"0":[0,0],"1":[0,0]},"hash":"fc0d8f6ffdc2ee3bf42fb6ae3d70fa023d9307fc"}
}
