{"E:\\lambdaschool\\labs\\wowo-be\\index.js": {"path":"E:\\lambdaschool\\labs\\wowo-be\\index.js","statementMap":{"0":{"start":{"line":1,"column":15},"end":{"line":1,"column":41}},"1":{"start":{"line":2,"column":0},"end":{"line":2,"column":27}},"2":{"start":{"line":5,"column":13},"end":{"line":5,"column":37}},"3":{"start":{"line":6,"column":0},"end":{"line":8,"column":3}},"4":{"start":{"line":7,"column":2},"end":{"line":7,"column":62}}},"fnMap":{"0":{"name":"(anonymous_0)","decl":{"start":{"line":6,"column":20},"end":{"line":6,"column":21}},"loc":{"start":{"line":6,"column":26},"end":{"line":8,"column":1}},"line":6}},"branchMap":{"0":{"loc":{"start":{"line":5,"column":13},"end":{"line":5,"column":37}},"type":"binary-expr","locations":[{"start":{"line":5,"column":13},"end":{"line":5,"column":29}},{"start":{"line":5,"column":33},"end":{"line":5,"column":37}}],"line":5}},"s":{"0":0,"1":0,"2":0,"3":0,"4":0},"f":{"0":0},"b":{"0":[0,0]},"hash":"def83de5372eb802450b32a62adaf776d8b782b5"}
,"E:\\lambdaschool\\labs\\wowo-be\\knexfile.js": {"path":"E:\\lambdaschool\\labs\\wowo-be\\knexfile.js","statementMap":{"0":{"start":{"line":1,"column":0},"end":{"line":1,"column":27}},"1":{"start":{"line":3,"column":0},"end":{"line":94,"column":2}}},"fnMap":{},"branchMap":{},"s":{"0":0,"1":0},"f":{},"b":{},"hash":"c7be50489b7a16eba893aa8a7b27361f16c7c7bc"}
,"E:\\lambdaschool\\labs\\wowo-be\\api\\server.js": {"path":"E:\\lambdaschool\\labs\\wowo-be\\api\\server.js","statementMap":{"0":{"start":{"line":1,"column":16},"end":{"line":1,"column":34}},"1":{"start":{"line":2,"column":13},"end":{"line":2,"column":28}},"2":{"start":{"line":3,"column":15},"end":{"line":3,"column":32}},"3":{"start":{"line":4,"column":0},"end":{"line":4,"column":27}},"4":{"start":{"line":10,"column":21},"end":{"line":10,"column":56}},"5":{"start":{"line":11,"column":21},"end":{"line":11,"column":56}},"6":{"start":{"line":12,"column":19},"end":{"line":12,"column":52}},"7":{"start":{"line":13,"column":20},"end":{"line":13,"column":55}},"8":{"start":{"line":14,"column":22},"end":{"line":14,"column":61}},"9":{"start":{"line":16,"column":15},"end":{"line":16,"column":24}},"10":{"start":{"line":18,"column":0},"end":{"line":18,"column":21}},"11":{"start":{"line":19,"column":0},"end":{"line":19,"column":19}},"12":{"start":{"line":20,"column":0},"end":{"line":20,"column":27}},"13":{"start":{"line":24,"column":0},"end":{"line":24,"column":35}},"14":{"start":{"line":25,"column":0},"end":{"line":25,"column":37}},"15":{"start":{"line":26,"column":0},"end":{"line":26,"column":33}},"16":{"start":{"line":27,"column":0},"end":{"line":27,"column":35}},"17":{"start":{"line":28,"column":0},"end":{"line":28,"column":39}},"18":{"start":{"line":30,"column":0},"end":{"line":32,"column":3}},"19":{"start":{"line":31,"column":2},"end":{"line":31,"column":65}},"20":{"start":{"line":35,"column":0},"end":{"line":39,"column":3}},"21":{"start":{"line":36,"column":12},"end":{"line":36,"column":34}},"22":{"start":{"line":37,"column":2},"end":{"line":37,"column":19}},"23":{"start":{"line":38,"column":2},"end":{"line":38,"column":12}},"24":{"start":{"line":42,"column":0},"end":{"line":48,"column":3}},"25":{"start":{"line":43,"column":2},"end":{"line":43,"column":32}},"26":{"start":{"line":44,"column":2},"end":{"line":47,"column":5}},"27":{"start":{"line":50,"column":0},"end":{"line":50,"column":24}}},"fnMap":{"0":{"name":"(anonymous_0)","decl":{"start":{"line":30,"column":16},"end":{"line":30,"column":17}},"loc":{"start":{"line":30,"column":30},"end":{"line":32,"column":1}},"line":30},"1":{"name":"(anonymous_1)","decl":{"start":{"line":35,"column":11},"end":{"line":35,"column":12}},"loc":{"start":{"line":35,"column":37},"end":{"line":39,"column":1}},"line":35},"2":{"name":"(anonymous_2)","decl":{"start":{"line":42,"column":11},"end":{"line":42,"column":12}},"loc":{"start":{"line":42,"column":42},"end":{"line":48,"column":1}},"line":42}},"branchMap":{"0":{"loc":{"start":{"line":43,"column":13},"end":{"line":43,"column":30}},"type":"binary-expr","locations":[{"start":{"line":43,"column":13},"end":{"line":43,"column":23}},{"start":{"line":43,"column":27},"end":{"line":43,"column":30}}],"line":43},"1":{"loc":{"start":{"line":46,"column":11},"end":{"line":46,"column":61}},"type":"cond-expr","locations":[{"start":{"line":46,"column":53},"end":{"line":46,"column":56}},{"start":{"line":46,"column":59},"end":{"line":46,"column":61}}],"line":46}},"s":{"0":0,"1":0,"2":0,"3":0,"4":0,"5":0,"6":0,"7":0,"8":0,"9":0,"10":0,"11":0,"12":0,"13":0,"14":0,"15":0,"16":0,"17":0,"18":0,"19":0,"20":0,"21":0,"22":0,"23":0,"24":0,"25":0,"26":0,"27":0},"f":{"0":0,"1":0,"2":0},"b":{"0":[0,0],"1":[0,0]},"hash":"d91a5e1775ea56a739241def4d6d360d6370f8d0"}
,"E:\\lambdaschool\\labs\\wowo-be\\auth\\auth-modal.js": {"path":"E:\\lambdaschool\\labs\\wowo-be\\auth\\auth-modal.js","statementMap":{"0":{"start":{"line":1,"column":11},"end":{"line":1,"column":42}},"1":{"start":{"line":3,"column":0},"end":{"line":8,"column":2}},"2":{"start":{"line":11,"column":2},"end":{"line":11,"column":21}},"3":{"start":{"line":15,"column":2},"end":{"line":17,"column":28}},"4":{"start":{"line":17,"column":22},"end":{"line":17,"column":26}},"5":{"start":{"line":21,"column":2},"end":{"line":23,"column":24}},"6":{"start":{"line":23,"column":20},"end":{"line":23,"column":22}},"7":{"start":{"line":27,"column":2},"end":{"line":27,"column":38}}},"fnMap":{"0":{"name":"find","decl":{"start":{"line":10,"column":9},"end":{"line":10,"column":13}},"loc":{"start":{"line":10,"column":16},"end":{"line":12,"column":1}},"line":10},"1":{"name":"findById","decl":{"start":{"line":14,"column":9},"end":{"line":14,"column":17}},"loc":{"start":{"line":14,"column":22},"end":{"line":18,"column":1}},"line":14},"2":{"name":"(anonymous_2)","decl":{"start":{"line":17,"column":10},"end":{"line":17,"column":11}},"loc":{"start":{"line":17,"column":22},"end":{"line":17,"column":26}},"line":17},"3":{"name":"insert","decl":{"start":{"line":20,"column":9},"end":{"line":20,"column":15}},"loc":{"start":{"line":20,"column":22},"end":{"line":24,"column":1}},"line":20},"4":{"name":"(anonymous_4)","decl":{"start":{"line":23,"column":10},"end":{"line":23,"column":11}},"loc":{"start":{"line":23,"column":20},"end":{"line":23,"column":22}},"line":23},"5":{"name":"insertWasher","decl":{"start":{"line":26,"column":9},"end":{"line":26,"column":21}},"loc":{"start":{"line":26,"column":30},"end":{"line":28,"column":1}},"line":26}},"branchMap":{},"s":{"0":0,"1":0,"2":0,"3":0,"4":0,"5":0,"6":0,"7":0},"f":{"0":0,"1":0,"2":0,"3":0,"4":0,"5":0},"b":{},"hash":"4e7597a4141ef03c59ed08c14ca2ccf8e2429fd3"}
,"E:\\lambdaschool\\labs\\wowo-be\\auth\\auth-router.js": {"path":"E:\\lambdaschool\\labs\\wowo-be\\auth\\auth-router.js","statementMap":{"0":{"start":{"line":1,"column":19},"end":{"line":1,"column":46}},"1":{"start":{"line":2,"column":15},"end":{"line":2,"column":34}},"2":{"start":{"line":4,"column":11},"end":{"line":4,"column":45}},"3":{"start":{"line":5,"column":22},"end":{"line":5,"column":63}},"4":{"start":{"line":13,"column":0},"end":{"line":37,"column":7}},"5":{"start":{"line":14,"column":17},"end":{"line":14,"column":25}},"6":{"start":{"line":15,"column":24},"end":{"line":15,"column":32}},"7":{"start":{"line":16,"column":17},"end":{"line":16,"column":27}},"8":{"start":{"line":17,"column":25},"end":{"line":17,"column":29}},"9":{"start":{"line":18,"column":17},"end":{"line":18,"column":53}},"10":{"start":{"line":20,"column":4},"end":{"line":20,"column":27}},"11":{"start":{"line":21,"column":4},"end":{"line":21,"column":54}},"12":{"start":{"line":23,"column":4},"end":{"line":36,"column":9}},"13":{"start":{"line":26,"column":22},"end":{"line":26,"column":42}},"14":{"start":{"line":27,"column":8},"end":{"line":30,"column":11}},"15":{"start":{"line":33,"column":8},"end":{"line":33,"column":27}},"16":{"start":{"line":34,"column":8},"end":{"line":34,"column":36}},"17":{"start":{"line":40,"column":0},"end":{"line":64,"column":3}},"18":{"start":{"line":41,"column":15},"end":{"line":41,"column":23}},"19":{"start":{"line":42,"column":22},"end":{"line":42,"column":30}},"20":{"start":{"line":43,"column":15},"end":{"line":43,"column":25}},"21":{"start":{"line":44,"column":23},"end":{"line":44,"column":27}},"22":{"start":{"line":45,"column":15},"end":{"line":45,"column":51}},"23":{"start":{"line":47,"column":2},"end":{"line":47,"column":25}},"24":{"start":{"line":48,"column":2},"end":{"line":48,"column":52}},"25":{"start":{"line":50,"column":2},"end":{"line":63,"column":7}},"26":{"start":{"line":54,"column":20},"end":{"line":54,"column":40}},"27":{"start":{"line":55,"column":6},"end":{"line":58,"column":9}},"28":{"start":{"line":61,"column":6},"end":{"line":61,"column":25}},"29":{"start":{"line":62,"column":6},"end":{"line":62,"column":34}},"30":{"start":{"line":92,"column":0},"end":{"line":123,"column":3}},"31":{"start":{"line":93,"column":28},"end":{"line":93,"column":36}},"32":{"start":{"line":96,"column":2},"end":{"line":122,"column":7}},"33":{"start":{"line":100,"column":6},"end":{"line":117,"column":7}},"34":{"start":{"line":102,"column":22},"end":{"line":102,"column":41}},"35":{"start":{"line":104,"column":8},"end":{"line":114,"column":11}},"36":{"start":{"line":116,"column":8},"end":{"line":116,"column":65}},"37":{"start":{"line":120,"column":6},"end":{"line":120,"column":25}},"38":{"start":{"line":121,"column":6},"end":{"line":121,"column":34}},"39":{"start":{"line":143,"column":0},"end":{"line":143,"column":28}}},"fnMap":{"0":{"name":"(anonymous_0)","decl":{"start":{"line":13,"column":35},"end":{"line":13,"column":36}},"loc":{"start":{"line":13,"column":55},"end":{"line":37,"column":5}},"line":13},"1":{"name":"(anonymous_1)","decl":{"start":{"line":24,"column":12},"end":{"line":24,"column":13}},"loc":{"start":{"line":24,"column":21},"end":{"line":31,"column":7}},"line":24},"2":{"name":"(anonymous_2)","decl":{"start":{"line":32,"column":13},"end":{"line":32,"column":14}},"loc":{"start":{"line":32,"column":22},"end":{"line":36,"column":7}},"line":32},"3":{"name":"(anonymous_3)","decl":{"start":{"line":40,"column":35},"end":{"line":40,"column":36}},"loc":{"start":{"line":40,"column":55},"end":{"line":64,"column":1}},"line":40},"4":{"name":"(anonymous_4)","decl":{"start":{"line":52,"column":10},"end":{"line":52,"column":11}},"loc":{"start":{"line":52,"column":19},"end":{"line":59,"column":5}},"line":52},"5":{"name":"(anonymous_5)","decl":{"start":{"line":60,"column":11},"end":{"line":60,"column":12}},"loc":{"start":{"line":60,"column":20},"end":{"line":63,"column":5}},"line":60},"6":{"name":"(anonymous_6)","decl":{"start":{"line":92,"column":26},"end":{"line":92,"column":27}},"loc":{"start":{"line":92,"column":40},"end":{"line":123,"column":1}},"line":92},"7":{"name":"(anonymous_7)","decl":{"start":{"line":99,"column":10},"end":{"line":99,"column":11}},"loc":{"start":{"line":99,"column":18},"end":{"line":118,"column":5}},"line":99},"8":{"name":"(anonymous_8)","decl":{"start":{"line":119,"column":11},"end":{"line":119,"column":12}},"loc":{"start":{"line":119,"column":20},"end":{"line":122,"column":5}},"line":119}},"branchMap":{"0":{"loc":{"start":{"line":100,"column":6},"end":{"line":117,"column":7}},"type":"if","locations":[{"start":{"line":100,"column":6},"end":{"line":117,"column":7}},{"start":{"line":100,"column":6},"end":{"line":117,"column":7}}],"line":100},"1":{"loc":{"start":{"line":100,"column":10},"end":{"line":100,"column":61}},"type":"binary-expr","locations":[{"start":{"line":100,"column":10},"end":{"line":100,"column":14}},{"start":{"line":100,"column":18},"end":{"line":100,"column":61}}],"line":100}},"s":{"0":0,"1":0,"2":0,"3":0,"4":0,"5":0,"6":0,"7":0,"8":0,"9":0,"10":0,"11":0,"12":0,"13":0,"14":0,"15":0,"16":0,"17":0,"18":0,"19":0,"20":0,"21":0,"22":0,"23":0,"24":0,"25":0,"26":0,"27":0,"28":0,"29":0,"30":0,"31":0,"32":0,"33":0,"34":0,"35":0,"36":0,"37":0,"38":0,"39":0},"f":{"0":0,"1":0,"2":0,"3":0,"4":0,"5":0,"6":0,"7":0,"8":0},"b":{"0":[0,0],"1":[0,0]},"hash":"205ded17e282a10ddf1ebd9dcc527d19c761b199"}
,"E:\\lambdaschool\\labs\\wowo-be\\auth\\auth-routerPG.js": {"path":"E:\\lambdaschool\\labs\\wowo-be\\auth\\auth-routerPG.js","statementMap":{"0":{"start":{"line":1,"column":21},"end":{"line":1,"column":48}},"1":{"start":{"line":2,"column":15},"end":{"line":2,"column":34}},"2":{"start":{"line":3,"column":22},"end":{"line":3,"column":63}},"3":{"start":{"line":5,"column":14},"end":{"line":5,"column":37}},"4":{"start":{"line":7,"column":0},"end":{"line":11,"column":3}},"5":{"start":{"line":8,"column":2},"end":{"line":10,"column":5}},"6":{"start":{"line":9,"column":4},"end":{"line":9,"column":32}},"7":{"start":{"line":13,"column":0},"end":{"line":36,"column":3}},"8":{"start":{"line":14,"column":13},"end":{"line":14,"column":21}},"9":{"start":{"line":15,"column":15},"end":{"line":15,"column":25}},"10":{"start":{"line":16,"column":23},"end":{"line":16,"column":27}},"11":{"start":{"line":17,"column":15},"end":{"line":17,"column":49}},"12":{"start":{"line":18,"column":2},"end":{"line":18,"column":23}},"13":{"start":{"line":19,"column":2},"end":{"line":19,"column":35}},"14":{"start":{"line":20,"column":2},"end":{"line":35,"column":7}},"15":{"start":{"line":22,"column":6},"end":{"line":30,"column":9}},"16":{"start":{"line":23,"column":8},"end":{"line":23,"column":29}},"17":{"start":{"line":24,"column":22},"end":{"line":24,"column":41}},"18":{"start":{"line":25,"column":8},"end":{"line":29,"column":11}},"19":{"start":{"line":33,"column":6},"end":{"line":33,"column":25}},"20":{"start":{"line":34,"column":6},"end":{"line":34,"column":34}},"21":{"start":{"line":38,"column":0},"end":{"line":45,"column":3}},"22":{"start":{"line":39,"column":13},"end":{"line":39,"column":21}},"23":{"start":{"line":40,"column":2},"end":{"line":44,"column":3}},"24":{"start":{"line":41,"column":4},"end":{"line":41,"column":25}},"25":{"start":{"line":43,"column":4},"end":{"line":43,"column":68}},"26":{"start":{"line":47,"column":0},"end":{"line":77,"column":3}},"27":{"start":{"line":48,"column":28},"end":{"line":48,"column":36}},"28":{"start":{"line":51,"column":2},"end":{"line":76,"column":7}},"29":{"start":{"line":54,"column":6},"end":{"line":71,"column":7}},"30":{"start":{"line":56,"column":22},"end":{"line":56,"column":41}},"31":{"start":{"line":58,"column":8},"end":{"line":68,"column":11}},"32":{"start":{"line":70,"column":8},"end":{"line":70,"column":65}},"33":{"start":{"line":74,"column":6},"end":{"line":74,"column":25}},"34":{"start":{"line":75,"column":6},"end":{"line":75,"column":34}},"35":{"start":{"line":79,"column":0},"end":{"line":79,"column":30}}},"fnMap":{"0":{"name":"(anonymous_0)","decl":{"start":{"line":7,"column":22},"end":{"line":7,"column":23}},"loc":{"start":{"line":7,"column":36},"end":{"line":11,"column":1}},"line":7},"1":{"name":"(anonymous_1)","decl":{"start":{"line":8,"column":20},"end":{"line":8,"column":21}},"loc":{"start":{"line":8,"column":31},"end":{"line":10,"column":3}},"line":8},"2":{"name":"(anonymous_2)","decl":{"start":{"line":13,"column":37},"end":{"line":13,"column":38}},"loc":{"start":{"line":13,"column":57},"end":{"line":36,"column":1}},"line":13},"3":{"name":"(anonymous_3)","decl":{"start":{"line":21,"column":10},"end":{"line":21,"column":11}},"loc":{"start":{"line":21,"column":18},"end":{"line":31,"column":5}},"line":21},"4":{"name":"(anonymous_4)","decl":{"start":{"line":22,"column":30},"end":{"line":22,"column":31}},"loc":{"start":{"line":22,"column":40},"end":{"line":30,"column":7}},"line":22},"5":{"name":"(anonymous_5)","decl":{"start":{"line":32,"column":11},"end":{"line":32,"column":12}},"loc":{"start":{"line":32,"column":22},"end":{"line":35,"column":5}},"line":32},"6":{"name":"(anonymous_6)","decl":{"start":{"line":38,"column":37},"end":{"line":38,"column":38}},"loc":{"start":{"line":38,"column":57},"end":{"line":45,"column":1}},"line":38},"7":{"name":"(anonymous_7)","decl":{"start":{"line":47,"column":28},"end":{"line":47,"column":29}},"loc":{"start":{"line":47,"column":42},"end":{"line":77,"column":1}},"line":47},"8":{"name":"(anonymous_8)","decl":{"start":{"line":53,"column":10},"end":{"line":53,"column":11}},"loc":{"start":{"line":53,"column":20},"end":{"line":72,"column":5}},"line":53},"9":{"name":"(anonymous_9)","decl":{"start":{"line":73,"column":11},"end":{"line":73,"column":12}},"loc":{"start":{"line":73,"column":22},"end":{"line":76,"column":5}},"line":73}},"branchMap":{"0":{"loc":{"start":{"line":40,"column":2},"end":{"line":44,"column":3}},"type":"if","locations":[{"start":{"line":40,"column":2},"end":{"line":44,"column":3}},{"start":{"line":40,"column":2},"end":{"line":44,"column":3}}],"line":40},"1":{"loc":{"start":{"line":54,"column":6},"end":{"line":71,"column":7}},"type":"if","locations":[{"start":{"line":54,"column":6},"end":{"line":71,"column":7}},{"start":{"line":54,"column":6},"end":{"line":71,"column":7}}],"line":54},"2":{"loc":{"start":{"line":54,"column":10},"end":{"line":54,"column":61}},"type":"binary-expr","locations":[{"start":{"line":54,"column":10},"end":{"line":54,"column":14}},{"start":{"line":54,"column":18},"end":{"line":54,"column":61}}],"line":54}},"s":{"0":0,"1":0,"2":0,"3":0,"4":0,"5":0,"6":0,"7":0,"8":0,"9":0,"10":0,"11":0,"12":0,"13":0,"14":0,"15":0,"16":0,"17":0,"18":0,"19":0,"20":0,"21":0,"22":0,"23":0,"24":0,"25":0,"26":0,"27":0,"28":0,"29":0,"30":0,"31":0,"32":0,"33":0,"34":0,"35":0},"f":{"0":0,"1":0,"2":0,"3":0,"4":0,"5":0,"6":0,"7":0,"8":0,"9":0},"b":{"0":[0,0],"1":[0,0],"2":[0,0]},"hash":"040b2baafd328fcfd00468df5db1d5ddfafb34f4"}
,"E:\\lambdaschool\\labs\\wowo-be\\cars\\cars-router.js": {"path":"E:\\lambdaschool\\labs\\wowo-be\\cars\\cars-router.js","statementMap":{"0":{"start":{"line":1,"column":19},"end":{"line":1,"column":46}},"1":{"start":{"line":2,"column":11},"end":{"line":2,"column":45}},"2":{"start":{"line":4,"column":0},"end":{"line":9,"column":3}},"3":{"start":{"line":5,"column":19},"end":{"line":5,"column":74}},"4":{"start":{"line":6,"column":18},"end":{"line":6,"column":51}},"5":{"start":{"line":7,"column":17},"end":{"line":7,"column":35}},"6":{"start":{"line":8,"column":4},"end":{"line":8,"column":40}},"7":{"start":{"line":11,"column":0},"end":{"line":15,"column":3}},"8":{"start":{"line":12,"column":21},"end":{"line":12,"column":29}},"9":{"start":{"line":13,"column":17},"end":{"line":13,"column":73}},"10":{"start":{"line":14,"column":4},"end":{"line":14,"column":38}},"11":{"start":{"line":18,"column":0},"end":{"line":22,"column":2}},"12":{"start":{"line":19,"column":28},"end":{"line":19,"column":36}},"13":{"start":{"line":20,"column":18},"end":{"line":20,"column":75}},"14":{"start":{"line":21,"column":4},"end":{"line":21,"column":39}},"15":{"start":{"line":27,"column":0},"end":{"line":33,"column":2}},"16":{"start":{"line":28,"column":47},"end":{"line":28,"column":55}},"17":{"start":{"line":29,"column":24},"end":{"line":29,"column":89}},"18":{"start":{"line":30,"column":22},"end":{"line":30,"column":44}},"19":{"start":{"line":32,"column":4},"end":{"line":32,"column":43}},"20":{"start":{"line":36,"column":0},"end":{"line":36,"column":28}}},"fnMap":{"0":{"name":"(anonymous_0)","decl":{"start":{"line":4,"column":25},"end":{"line":4,"column":26}},"loc":{"start":{"line":4,"column":45},"end":{"line":9,"column":1}},"line":4},"1":{"name":"(anonymous_1)","decl":{"start":{"line":11,"column":27},"end":{"line":11,"column":28}},"loc":{"start":{"line":11,"column":47},"end":{"line":15,"column":1}},"line":11},"2":{"name":"(anonymous_2)","decl":{"start":{"line":18,"column":29},"end":{"line":18,"column":30}},"loc":{"start":{"line":18,"column":49},"end":{"line":22,"column":1}},"line":18},"3":{"name":"(anonymous_3)","decl":{"start":{"line":27,"column":28},"end":{"line":27,"column":29}},"loc":{"start":{"line":27,"column":48},"end":{"line":33,"column":1}},"line":27}},"branchMap":{"0":{"loc":{"start":{"line":20,"column":41},"end":{"line":20,"column":58}},"type":"binary-expr","locations":[{"start":{"line":20,"column":41},"end":{"line":20,"column":47}},{"start":{"line":20,"column":51},"end":{"line":20,"column":58}}],"line":20}},"s":{"0":0,"1":0,"2":0,"3":0,"4":0,"5":0,"6":0,"7":0,"8":0,"9":0,"10":0,"11":0,"12":0,"13":0,"14":0,"15":0,"16":0,"17":0,"18":0,"19":0,"20":0},"f":{"0":0,"1":0,"2":0,"3":0},"b":{"0":[0,0]},"hash":"4e4f049f18f548c52bd08ecbd6677ad09e2d802e"}
,"E:\\lambdaschool\\labs\\wowo-be\\cars\\cars-routerPG.js": {"path":"E:\\lambdaschool\\labs\\wowo-be\\cars\\cars-routerPG.js","statementMap":{"0":{"start":{"line":1,"column":21},"end":{"line":1,"column":48}},"1":{"start":{"line":2,"column":11},"end":{"line":2,"column":45}},"2":{"start":{"line":3,"column":16},"end":{"line":3,"column":49}},"3":{"start":{"line":4,"column":53},"end":{"line":4,"column":86}},"4":{"start":{"line":8,"column":0},"end":{"line":18,"column":3}},"5":{"start":{"line":13,"column":4},"end":{"line":17,"column":46}},"6":{"start":{"line":15,"column":8},"end":{"line":15,"column":43}},"7":{"start":{"line":17,"column":18},"end":{"line":17,"column":45}},"8":{"start":{"line":21,"column":0},"end":{"line":28,"column":3}},"9":{"start":{"line":22,"column":21},"end":{"line":22,"column":29}},"10":{"start":{"line":23,"column":4},"end":{"line":27,"column":47}},"11":{"start":{"line":25,"column":8},"end":{"line":25,"column":44}},"12":{"start":{"line":27,"column":18},"end":{"line":27,"column":45}},"13":{"start":{"line":31,"column":0},"end":{"line":35,"column":2}},"14":{"start":{"line":32,"column":28},"end":{"line":32,"column":36}},"15":{"start":{"line":33,"column":18},"end":{"line":33,"column":75}},"16":{"start":{"line":34,"column":4},"end":{"line":34,"column":39}},"17":{"start":{"line":38,"column":0},"end":{"line":45,"column":2}},"18":{"start":{"line":39,"column":19},"end":{"line":39,"column":27}},"19":{"start":{"line":40,"column":4},"end":{"line":44,"column":45}},"20":{"start":{"line":42,"column":8},"end":{"line":42,"column":46}},"21":{"start":{"line":44,"column":18},"end":{"line":44,"column":43}},"22":{"start":{"line":48,"column":0},"end":{"line":54,"column":2}},"23":{"start":{"line":49,"column":47},"end":{"line":49,"column":55}},"24":{"start":{"line":50,"column":24},"end":{"line":50,"column":89}},"25":{"start":{"line":51,"column":22},"end":{"line":51,"column":44}},"26":{"start":{"line":53,"column":4},"end":{"line":53,"column":43}},"27":{"start":{"line":57,"column":0},"end":{"line":57,"column":30}}},"fnMap":{"0":{"name":"(anonymous_0)","decl":{"start":{"line":8,"column":27},"end":{"line":8,"column":28}},"loc":{"start":{"line":8,"column":47},"end":{"line":18,"column":1}},"line":8},"1":{"name":"(anonymous_1)","decl":{"start":{"line":14,"column":10},"end":{"line":14,"column":11}},"loc":{"start":{"line":14,"column":20},"end":{"line":16,"column":5}},"line":14},"2":{"name":"(anonymous_2)","decl":{"start":{"line":17,"column":11},"end":{"line":17,"column":12}},"loc":{"start":{"line":17,"column":18},"end":{"line":17,"column":45}},"line":17},"3":{"name":"(anonymous_3)","decl":{"start":{"line":21,"column":29},"end":{"line":21,"column":30}},"loc":{"start":{"line":21,"column":49},"end":{"line":28,"column":1}},"line":21},"4":{"name":"(anonymous_4)","decl":{"start":{"line":24,"column":10},"end":{"line":24,"column":11}},"loc":{"start":{"line":24,"column":20},"end":{"line":26,"column":5}},"line":24},"5":{"name":"(anonymous_5)","decl":{"start":{"line":27,"column":11},"end":{"line":27,"column":12}},"loc":{"start":{"line":27,"column":18},"end":{"line":27,"column":45}},"line":27},"6":{"name":"(anonymous_6)","decl":{"start":{"line":31,"column":31},"end":{"line":31,"column":32}},"loc":{"start":{"line":31,"column":51},"end":{"line":35,"column":1}},"line":31},"7":{"name":"(anonymous_7)","decl":{"start":{"line":38,"column":29},"end":{"line":38,"column":30}},"loc":{"start":{"line":38,"column":49},"end":{"line":45,"column":1}},"line":38},"8":{"name":"(anonymous_8)","decl":{"start":{"line":41,"column":10},"end":{"line":41,"column":11}},"loc":{"start":{"line":41,"column":23},"end":{"line":43,"column":5}},"line":41},"9":{"name":"(anonymous_9)","decl":{"start":{"line":44,"column":11},"end":{"line":44,"column":12}},"loc":{"start":{"line":44,"column":18},"end":{"line":44,"column":43}},"line":44},"10":{"name":"(anonymous_10)","decl":{"start":{"line":48,"column":30},"end":{"line":48,"column":31}},"loc":{"start":{"line":48,"column":50},"end":{"line":54,"column":1}},"line":48}},"branchMap":{"0":{"loc":{"start":{"line":33,"column":41},"end":{"line":33,"column":58}},"type":"binary-expr","locations":[{"start":{"line":33,"column":41},"end":{"line":33,"column":47}},{"start":{"line":33,"column":51},"end":{"line":33,"column":58}}],"line":33}},"s":{"0":0,"1":0,"2":0,"3":0,"4":0,"5":0,"6":0,"7":0,"8":0,"9":0,"10":0,"11":0,"12":0,"13":0,"14":0,"15":0,"16":0,"17":0,"18":0,"19":0,"20":0,"21":0,"22":0,"23":0,"24":0,"25":0,"26":0,"27":0},"f":{"0":0,"1":0,"2":0,"3":0,"4":0,"5":0,"6":0,"7":0,"8":0,"9":0,"10":0},"b":{"0":[0,0]},"hash":"a6ec2164dfca11761e6b75576228bba7ceb17f94"}
,"E:\\lambdaschool\\labs\\wowo-be\\database\\db.js": {"path":"E:\\lambdaschool\\labs\\wowo-be\\database\\db.js","statementMap":{"0":{"start":{"line":1,"column":13},"end":{"line":1,"column":28}},"1":{"start":{"line":2,"column":17},"end":{"line":2,"column":39}},"2":{"start":{"line":4,"column":12},"end":{"line":4,"column":49}},"3":{"start":{"line":5,"column":22},"end":{"line":5,"column":35}},"4":{"start":{"line":7,"column":0},"end":{"line":7,"column":37}}},"fnMap":{},"branchMap":{"0":{"loc":{"start":{"line":4,"column":12},"end":{"line":4,"column":49}},"type":"binary-expr","locations":[{"start":{"line":4,"column":12},"end":{"line":4,"column":32}},{"start":{"line":4,"column":36},"end":{"line":4,"column":49}}],"line":4}},"s":{"0":0,"1":0,"2":0,"3":0,"4":0},"f":{},"b":{"0":[0,0]},"hash":"d736282aad83d9dc05a8ca2c09c2c993495dc289"}
,"E:\\lambdaschool\\labs\\wowo-be\\database\\dbConfig.js": {"path":"E:\\lambdaschool\\labs\\wowo-be\\database\\dbConfig.js","statementMap":{"0":{"start":{"line":1,"column":13},"end":{"line":1,"column":28}},"1":{"start":{"line":2,"column":15},"end":{"line":2,"column":40}},"2":{"start":{"line":4,"column":20},"end":{"line":4,"column":55}},"3":{"start":{"line":8,"column":0},"end":{"line":8,"column":43}}},"fnMap":{},"branchMap":{"0":{"loc":{"start":{"line":4,"column":20},"end":{"line":4,"column":55}},"type":"binary-expr","locations":[{"start":{"line":4,"column":20},"end":{"line":4,"column":38}},{"start":{"line":4,"column":42},"end":{"line":4,"column":55}}],"line":4}},"s":{"0":0,"1":0,"2":0,"3":0},"f":{},"b":{"0":[0,0]},"hash":"e33086c19a87aef5534d9339056edcfd16617bfe"}
,"E:\\lambdaschool\\labs\\wowo-be\\database\\knex.js": {"path":"E:\\lambdaschool\\labs\\wowo-be\\database\\knex.js","statementMap":{"0":{"start":{"line":1,"column":20},"end":{"line":1,"column":57}},"1":{"start":{"line":2,"column":15},"end":{"line":2,"column":37}},"2":{"start":{"line":3,"column":26},"end":{"line":3,"column":45}},"3":{"start":{"line":4,"column":13},"end":{"line":4,"column":28}},"4":{"start":{"line":5,"column":19},"end":{"line":5,"column":42}},"5":{"start":{"line":7,"column":0},"end":{"line":7,"column":28}}},"fnMap":{},"branchMap":{"0":{"loc":{"start":{"line":1,"column":20},"end":{"line":1,"column":57}},"type":"binary-expr","locations":[{"start":{"line":1,"column":20},"end":{"line":1,"column":40}},{"start":{"line":1,"column":44},"end":{"line":1,"column":57}}],"line":1}},"s":{"0":0,"1":0,"2":0,"3":0,"4":0,"5":0},"f":{},"b":{"0":[0,0]},"hash":"765e73d9bdc4a81082ee5df50a372c1fe597c944"}
,"E:\\lambdaschool\\labs\\wowo-be\\database\\queries.js": {"path":"E:\\lambdaschool\\labs\\wowo-be\\database\\queries.js","statementMap":{"0":{"start":{"line":1,"column":13},"end":{"line":1,"column":30}},"1":{"start":{"line":3,"column":0},"end":{"line":96,"column":1}},"2":{"start":{"line":5,"column":8},"end":{"line":5,"column":29}},"3":{"start":{"line":9,"column":8},"end":{"line":9,"column":28}},"4":{"start":{"line":13,"column":8},"end":{"line":13,"column":42}},"5":{"start":{"line":17,"column":8},"end":{"line":17,"column":51}},"6":{"start":{"line":21,"column":8},"end":{"line":21,"column":90}},"7":{"start":{"line":25,"column":8},"end":{"line":25,"column":68}},"8":{"start":{"line":29,"column":8},"end":{"line":29,"column":90}},"9":{"start":{"line":33,"column":8},"end":{"line":33,"column":51}},"10":{"start":{"line":37,"column":8},"end":{"line":37,"column":54}},"11":{"start":{"line":41,"column":8},"end":{"line":41,"column":54}},"12":{"start":{"line":45,"column":8},"end":{"line":45,"column":87}},"13":{"start":{"line":49,"column":8},"end":{"line":49,"column":42}},"14":{"start":{"line":53,"column":8},"end":{"line":53,"column":53}},"15":{"start":{"line":57,"column":8},"end":{"line":57,"column":42}},"16":{"start":{"line":61,"column":8},"end":{"line":61,"column":44}},"17":{"start":{"line":65,"column":8},"end":{"line":65,"column":69}},"18":{"start":{"line":69,"column":8},"end":{"line":69,"column":65}},"19":{"start":{"line":73,"column":8},"end":{"line":73,"column":65}},"20":{"start":{"line":77,"column":8},"end":{"line":77,"column":63}},"21":{"start":{"line":81,"column":8},"end":{"line":81,"column":63}},"22":{"start":{"line":85,"column":8},"end":{"line":85,"column":53}},"23":{"start":{"line":89,"column":8},"end":{"line":89,"column":53}},"24":{"start":{"line":93,"column":8},"end":{"line":93,"column":55}}},"fnMap":{"0":{"name":"(anonymous_0)","decl":{"start":{"line":4,"column":4},"end":{"line":4,"column":5}},"loc":{"start":{"line":4,"column":17},"end":{"line":6,"column":5}},"line":4},"1":{"name":"(anonymous_1)","decl":{"start":{"line":8,"column":4},"end":{"line":8,"column":5}},"loc":{"start":{"line":8,"column":16},"end":{"line":10,"column":5}},"line":8},"2":{"name":"(anonymous_2)","decl":{"start":{"line":12,"column":4},"end":{"line":12,"column":5}},"loc":{"start":{"line":12,"column":22},"end":{"line":14,"column":5}},"line":12},"3":{"name":"(anonymous_3)","decl":{"start":{"line":16,"column":4},"end":{"line":16,"column":5}},"loc":{"start":{"line":16,"column":29},"end":{"line":18,"column":5}},"line":16},"4":{"name":"(anonymous_4)","decl":{"start":{"line":20,"column":4},"end":{"line":20,"column":5}},"loc":{"start":{"line":20,"column":17},"end":{"line":22,"column":5}},"line":20},"5":{"name":"(anonymous_5)","decl":{"start":{"line":24,"column":4},"end":{"line":24,"column":5}},"loc":{"start":{"line":24,"column":29},"end":{"line":26,"column":5}},"line":24},"6":{"name":"(anonymous_6)","decl":{"start":{"line":28,"column":4},"end":{"line":28,"column":5}},"loc":{"start":{"line":28,"column":14},"end":{"line":30,"column":5}},"line":28},"7":{"name":"(anonymous_7)","decl":{"start":{"line":32,"column":4},"end":{"line":32,"column":5}},"loc":{"start":{"line":32,"column":22},"end":{"line":34,"column":5}},"line":32},"8":{"name":"(anonymous_8)","decl":{"start":{"line":36,"column":4},"end":{"line":36,"column":5}},"loc":{"start":{"line":36,"column":31},"end":{"line":38,"column":5}},"line":36},"9":{"name":"(anonymous_9)","decl":{"start":{"line":40,"column":4},"end":{"line":40,"column":5}},"loc":{"start":{"line":40,"column":31},"end":{"line":42,"column":5}},"line":40},"10":{"name":"(anonymous_10)","decl":{"start":{"line":44,"column":4},"end":{"line":44,"column":5}},"loc":{"start":{"line":44,"column":32},"end":{"line":46,"column":5}},"line":44},"11":{"name":"(anonymous_11)","decl":{"start":{"line":48,"column":4},"end":{"line":48,"column":5}},"loc":{"start":{"line":48,"column":21},"end":{"line":50,"column":5}},"line":48},"12":{"name":"(anonymous_12)","decl":{"start":{"line":52,"column":4},"end":{"line":52,"column":5}},"loc":{"start":{"line":52,"column":22},"end":{"line":54,"column":5}},"line":52},"13":{"name":"(anonymous_13)","decl":{"start":{"line":56,"column":4},"end":{"line":56,"column":5}},"loc":{"start":{"line":56,"column":21},"end":{"line":58,"column":5}},"line":56},"14":{"name":"(anonymous_14)","decl":{"start":{"line":60,"column":4},"end":{"line":60,"column":5}},"loc":{"start":{"line":60,"column":34},"end":{"line":62,"column":5}},"line":60},"15":{"name":"(anonymous_15)","decl":{"start":{"line":64,"column":4},"end":{"line":64,"column":5}},"loc":{"start":{"line":64,"column":21},"end":{"line":66,"column":5}},"line":64},"16":{"name":"(anonymous_16)","decl":{"start":{"line":68,"column":4},"end":{"line":68,"column":5}},"loc":{"start":{"line":68,"column":33},"end":{"line":70,"column":5}},"line":68},"17":{"name":"(anonymous_17)","decl":{"start":{"line":72,"column":4},"end":{"line":72,"column":5}},"loc":{"start":{"line":72,"column":35},"end":{"line":74,"column":5}},"line":72},"18":{"name":"(anonymous_18)","decl":{"start":{"line":76,"column":4},"end":{"line":76,"column":5}},"loc":{"start":{"line":76,"column":24},"end":{"line":78,"column":5}},"line":76},"19":{"name":"(anonymous_19)","decl":{"start":{"line":80,"column":4},"end":{"line":80,"column":5}},"loc":{"start":{"line":80,"column":24},"end":{"line":82,"column":5}},"line":80},"20":{"name":"(anonymous_20)","decl":{"start":{"line":84,"column":4},"end":{"line":84,"column":5}},"loc":{"start":{"line":84,"column":28},"end":{"line":86,"column":5}},"line":84},"21":{"name":"(anonymous_21)","decl":{"start":{"line":88,"column":4},"end":{"line":88,"column":5}},"loc":{"start":{"line":88,"column":28},"end":{"line":90,"column":5}},"line":88},"22":{"name":"(anonymous_22)","decl":{"start":{"line":92,"column":4},"end":{"line":92,"column":5}},"loc":{"start":{"line":92,"column":31},"end":{"line":94,"column":5}},"line":92}},"branchMap":{},"s":{"0":0,"1":0,"2":0,"3":0,"4":0,"5":0,"6":0,"7":0,"8":0,"9":0,"10":0,"11":0,"12":0,"13":0,"14":0,"15":0,"16":0,"17":0,"18":0,"19":0,"20":0,"21":0,"22":0,"23":0,"24":0},"f":{"0":0,"1":0,"2":0,"3":0,"4":0,"5":0,"6":0,"7":0,"8":0,"9":0,"10":0,"11":0,"12":0,"13":0,"14":0,"15":0,"16":0,"17":0,"18":0,"19":0,"20":0,"21":0,"22":0},"b":{},"hash":"45289c526795be9ba1f888c8e1df5ab7012a4531"}
,"E:\\lambdaschool\\labs\\wowo-be\\database\\migrations\\20191103184255_create-tables.js": {"path":"E:\\lambdaschool\\labs\\wowo-be\\database\\migrations\\20191103184255_create-tables.js","statementMap":{"0":{"start":{"line":2,"column":0},"end":{"line":116,"column":2}},"1":{"start":{"line":3,"column":4},"end":{"line":115,"column":7}},"2":{"start":{"line":5,"column":8},"end":{"line":5,"column":30}},"3":{"start":{"line":6,"column":8},"end":{"line":6,"column":53}},"4":{"start":{"line":7,"column":8},"end":{"line":9,"column":22}},"5":{"start":{"line":10,"column":8},"end":{"line":10,"column":51}},"6":{"start":{"line":11,"column":8},"end":{"line":11,"column":52}},"7":{"start":{"line":12,"column":8},"end":{"line":12,"column":51}},"8":{"start":{"line":13,"column":8},"end":{"line":13,"column":53}},"9":{"start":{"line":14,"column":8},"end":{"line":14,"column":48}},"10":{"start":{"line":15,"column":8},"end":{"line":15,"column":56}},"11":{"start":{"line":16,"column":8},"end":{"line":16,"column":43}},"12":{"start":{"line":17,"column":8},"end":{"line":17,"column":47}},"13":{"start":{"line":18,"column":8},"end":{"line":18,"column":48}},"14":{"start":{"line":19,"column":8},"end":{"line":19,"column":46}},"15":{"start":{"line":20,"column":8},"end":{"line":20,"column":66}},"16":{"start":{"line":21,"column":8},"end":{"line":21,"column":57}},"17":{"start":{"line":22,"column":8},"end":{"line":22,"column":55}},"18":{"start":{"line":25,"column":8},"end":{"line":25,"column":33}},"19":{"start":{"line":26,"column":8},"end":{"line":26,"column":47}},"20":{"start":{"line":27,"column":8},"end":{"line":27,"column":48}},"21":{"start":{"line":28,"column":8},"end":{"line":28,"column":51}},"22":{"start":{"line":29,"column":8},"end":{"line":29,"column":47}},"23":{"start":{"line":32,"column":8},"end":{"line":32,"column":45}},"24":{"start":{"line":33,"column":8},"end":{"line":39,"column":34}},"25":{"start":{"line":40,"column":8},"end":{"line":46,"column":34}},"26":{"start":{"line":47,"column":8},"end":{"line":47,"column":49}},"27":{"start":{"line":48,"column":8},"end":{"line":48,"column":59}},"28":{"start":{"line":51,"column":8},"end":{"line":51,"column":33}},"29":{"start":{"line":52,"column":8},"end":{"line":52,"column":54}},"30":{"start":{"line":53,"column":8},"end":{"line":53,"column":64}},"31":{"start":{"line":54,"column":8},"end":{"line":54,"column":65}},"32":{"start":{"line":55,"column":8},"end":{"line":55,"column":60}},"33":{"start":{"line":56,"column":8},"end":{"line":62,"column":34}},"34":{"start":{"line":63,"column":8},"end":{"line":69,"column":34}},"35":{"start":{"line":70,"column":8},"end":{"line":76,"column":34}},"36":{"start":{"line":79,"column":8},"end":{"line":79,"column":43}},"37":{"start":{"line":80,"column":8},"end":{"line":80,"column":53}},"38":{"start":{"line":81,"column":8},"end":{"line":81,"column":39}},"39":{"start":{"line":82,"column":8},"end":{"line":88,"column":34}},"40":{"start":{"line":89,"column":8},"end":{"line":95,"column":34}},"41":{"start":{"line":98,"column":8},"end":{"line":98,"column":43}},"42":{"start":{"line":99,"column":8},"end":{"line":99,"column":53}},"43":{"start":{"line":100,"column":8},"end":{"line":100,"column":39}},"44":{"start":{"line":101,"column":8},"end":{"line":107,"column":34}},"45":{"start":{"line":108,"column":8},"end":{"line":114,"column":34}},"46":{"start":{"line":118,"column":0},"end":{"line":126,"column":2}},"47":{"start":{"line":119,"column":4},"end":{"line":125,"column":36}}},"fnMap":{"0":{"name":"(anonymous_0)","decl":{"start":{"line":2,"column":13},"end":{"line":2,"column":14}},"loc":{"start":{"line":2,"column":37},"end":{"line":116,"column":1}},"line":2},"1":{"name":"(anonymous_1)","decl":{"start":{"line":4,"column":26},"end":{"line":4,"column":27}},"loc":{"start":{"line":4,"column":34},"end":{"line":23,"column":5}},"line":4},"2":{"name":"(anonymous_2)","decl":{"start":{"line":24,"column":25},"end":{"line":24,"column":26}},"loc":{"start":{"line":24,"column":33},"end":{"line":30,"column":5}},"line":24},"3":{"name":"(anonymous_3)","decl":{"start":{"line":31,"column":31},"end":{"line":31,"column":32}},"loc":{"start":{"line":31,"column":45},"end":{"line":49,"column":5}},"line":31},"4":{"name":"(anonymous_4)","decl":{"start":{"line":50,"column":25},"end":{"line":50,"column":26}},"loc":{"start":{"line":50,"column":33},"end":{"line":77,"column":5}},"line":50},"5":{"name":"(anonymous_5)","decl":{"start":{"line":78,"column":30},"end":{"line":78,"column":31}},"loc":{"start":{"line":78,"column":43},"end":{"line":96,"column":5}},"line":78},"6":{"name":"(anonymous_6)","decl":{"start":{"line":97,"column":30},"end":{"line":97,"column":31}},"loc":{"start":{"line":97,"column":43},"end":{"line":115,"column":5}},"line":97},"7":{"name":"(anonymous_7)","decl":{"start":{"line":118,"column":15},"end":{"line":118,"column":16}},"loc":{"start":{"line":118,"column":39},"end":{"line":126,"column":1}},"line":118}},"branchMap":{},"s":{"0":0,"1":0,"2":0,"3":0,"4":0,"5":0,"6":0,"7":0,"8":0,"9":0,"10":0,"11":0,"12":0,"13":0,"14":0,"15":0,"16":0,"17":0,"18":0,"19":0,"20":0,"21":0,"22":0,"23":0,"24":0,"25":0,"26":0,"27":0,"28":0,"29":0,"30":0,"31":0,"32":0,"33":0,"34":0,"35":0,"36":0,"37":0,"38":0,"39":0,"40":0,"41":0,"42":0,"43":0,"44":0,"45":0,"46":0,"47":0},"f":{"0":0,"1":0,"2":0,"3":0,"4":0,"5":0,"6":0,"7":0},"b":{},"hash":"d26981c35b023a17955ba4352185229f71cb5c6d"}
,"E:\\lambdaschool\\labs\\wowo-be\\database\\migrationsPG\\20191217191729_create-users-table-pg.js": {"path":"E:\\lambdaschool\\labs\\wowo-be\\database\\migrationsPG\\20191217191729_create-users-table-pg.js","statementMap":{"0":{"start":{"line":1,"column":0},"end":{"line":91,"column":2}},"1":{"start":{"line":2,"column":2},"end":{"line":90,"column":7}},"2":{"start":{"line":4,"column":6},"end":{"line":4,"column":28}},"3":{"start":{"line":5,"column":6},"end":{"line":5,"column":52}},"4":{"start":{"line":6,"column":6},"end":{"line":6,"column":55}},"5":{"start":{"line":7,"column":6},"end":{"line":7,"column":49}},"6":{"start":{"line":8,"column":6},"end":{"line":8,"column":50}},"7":{"start":{"line":9,"column":6},"end":{"line":9,"column":49}},"8":{"start":{"line":10,"column":6},"end":{"line":10,"column":37}},"9":{"start":{"line":11,"column":6},"end":{"line":11,"column":46}},"10":{"start":{"line":12,"column":6},"end":{"line":12,"column":40}},"11":{"start":{"line":13,"column":6},"end":{"line":13,"column":41}},"12":{"start":{"line":14,"column":6},"end":{"line":14,"column":31}},"13":{"start":{"line":15,"column":6},"end":{"line":15,"column":32}},"14":{"start":{"line":16,"column":6},"end":{"line":16,"column":30}},"15":{"start":{"line":17,"column":6},"end":{"line":17,"column":50}},"16":{"start":{"line":18,"column":6},"end":{"line":18,"column":55}},"17":{"start":{"line":19,"column":6},"end":{"line":19,"column":52}},"18":{"start":{"line":20,"column":6},"end":{"line":20,"column":39}},"19":{"start":{"line":21,"column":6},"end":{"line":21,"column":33}},"20":{"start":{"line":24,"column":6},"end":{"line":24,"column":31}},"21":{"start":{"line":25,"column":6},"end":{"line":32,"column":29}},"22":{"start":{"line":33,"column":6},"end":{"line":33,"column":45}},"23":{"start":{"line":34,"column":6},"end":{"line":34,"column":46}},"24":{"start":{"line":35,"column":6},"end":{"line":35,"column":41}},"25":{"start":{"line":36,"column":6},"end":{"line":36,"column":45}},"26":{"start":{"line":37,"column":6},"end":{"line":37,"column":52}},"27":{"start":{"line":38,"column":6},"end":{"line":38,"column":32}},"28":{"start":{"line":39,"column":6},"end":{"line":39,"column":49}},"29":{"start":{"line":40,"column":6},"end":{"line":40,"column":45}},"30":{"start":{"line":43,"column":6},"end":{"line":43,"column":31}},"31":{"start":{"line":44,"column":6},"end":{"line":44,"column":52}},"32":{"start":{"line":45,"column":6},"end":{"line":45,"column":62}},"33":{"start":{"line":46,"column":6},"end":{"line":46,"column":63}},"34":{"start":{"line":47,"column":6},"end":{"line":47,"column":58}},"35":{"start":{"line":48,"column":6},"end":{"line":55,"column":29}},"36":{"start":{"line":56,"column":6},"end":{"line":56,"column":31}},"37":{"start":{"line":57,"column":6},"end":{"line":57,"column":53}},"38":{"start":{"line":58,"column":6},"end":{"line":58,"column":42}},"39":{"start":{"line":59,"column":6},"end":{"line":59,"column":43}},"40":{"start":{"line":60,"column":6},"end":{"line":60,"column":30}},"41":{"start":{"line":61,"column":6},"end":{"line":61,"column":33}},"42":{"start":{"line":62,"column":6},"end":{"line":62,"column":40}},"43":{"start":{"line":63,"column":6},"end":{"line":63,"column":41}},"44":{"start":{"line":64,"column":6},"end":{"line":64,"column":39}},"45":{"start":{"line":65,"column":6},"end":{"line":65,"column":27}},"46":{"start":{"line":66,"column":6},"end":{"line":66,"column":43}},"47":{"start":{"line":67,"column":6},"end":{"line":67,"column":36}},"48":{"start":{"line":68,"column":6},"end":{"line":68,"column":35}},"49":{"start":{"line":69,"column":6},"end":{"line":69,"column":49}},"50":{"start":{"line":70,"column":6},"end":{"line":70,"column":35}},"51":{"start":{"line":73,"column":6},"end":{"line":73,"column":36}},"52":{"start":{"line":74,"column":6},"end":{"line":82,"column":29}},"53":{"start":{"line":83,"column":6},"end":{"line":83,"column":34}},"54":{"start":{"line":84,"column":6},"end":{"line":84,"column":49}},"55":{"start":{"line":85,"column":6},"end":{"line":85,"column":34}},"56":{"start":{"line":86,"column":6},"end":{"line":86,"column":36}},"57":{"start":{"line":87,"column":6},"end":{"line":87,"column":39}},"58":{"start":{"line":88,"column":6},"end":{"line":88,"column":51}},"59":{"start":{"line":89,"column":6},"end":{"line":89,"column":37}},"60":{"start":{"line":93,"column":0},"end":{"line":99,"column":2}},"61":{"start":{"line":94,"column":2},"end":{"line":98,"column":32}}},"fnMap":{"0":{"name":"(anonymous_0)","decl":{"start":{"line":1,"column":13},"end":{"line":1,"column":14}},"loc":{"start":{"line":1,"column":38},"end":{"line":91,"column":1}},"line":1},"1":{"name":"(anonymous_1)","decl":{"start":{"line":3,"column":26},"end":{"line":3,"column":27}},"loc":{"start":{"line":3,"column":36},"end":{"line":22,"column":5}},"line":3},"2":{"name":"(anonymous_2)","decl":{"start":{"line":23,"column":25},"end":{"line":23,"column":26}},"loc":{"start":{"line":23,"column":35},"end":{"line":41,"column":5}},"line":23},"3":{"name":"(anonymous_3)","decl":{"start":{"line":42,"column":25},"end":{"line":42,"column":26}},"loc":{"start":{"line":42,"column":35},"end":{"line":71,"column":5}},"line":42},"4":{"name":"(anonymous_4)","decl":{"start":{"line":72,"column":28},"end":{"line":72,"column":29}},"loc":{"start":{"line":72,"column":40},"end":{"line":90,"column":5}},"line":72},"5":{"name":"(anonymous_5)","decl":{"start":{"line":93,"column":15},"end":{"line":93,"column":16}},"loc":{"start":{"line":93,"column":40},"end":{"line":99,"column":1}},"line":93}},"branchMap":{},"s":{"0":0,"1":0,"2":0,"3":0,"4":0,"5":0,"6":0,"7":0,"8":0,"9":0,"10":0,"11":0,"12":0,"13":0,"14":0,"15":0,"16":0,"17":0,"18":0,"19":0,"20":0,"21":0,"22":0,"23":0,"24":0,"25":0,"26":0,"27":0,"28":0,"29":0,"30":0,"31":0,"32":0,"33":0,"34":0,"35":0,"36":0,"37":0,"38":0,"39":0,"40":0,"41":0,"42":0,"43":0,"44":0,"45":0,"46":0,"47":0,"48":0,"49":0,"50":0,"51":0,"52":0,"53":0,"54":0,"55":0,"56":0,"57":0,"58":0,"59":0,"60":0,"61":0},"f":{"0":0,"1":0,"2":0,"3":0,"4":0,"5":0},"b":{},"hash":"8799c4a91f1c1498ca4d99489eb5ada7b887a0ed"}
,"E:\\lambdaschool\\labs\\wowo-be\\database\\seeds\\00-cleanup.js": {"path":"E:\\lambdaschool\\labs\\wowo-be\\database\\seeds\\00-cleanup.js","statementMap":{"0":{"start":{"line":1,"column":16},"end":{"line":1,"column":39}},"1":{"start":{"line":3,"column":0},"end":{"line":7,"column":2}},"2":{"start":{"line":4,"column":2},"end":{"line":6,"column":5}}},"fnMap":{"0":{"name":"(anonymous_0)","decl":{"start":{"line":3,"column":15},"end":{"line":3,"column":16}},"loc":{"start":{"line":3,"column":30},"end":{"line":7,"column":1}},"line":3}},"branchMap":{},"s":{"0":0,"1":0,"2":0},"f":{"0":0},"b":{},"hash":"8a1524e090b0bcd5d071287ed2eed5949c02a14e"}
,"E:\\lambdaschool\\labs\\wowo-be\\database\\seeds\\01-users.js": {"path":"E:\\lambdaschool\\labs\\wowo-be\\database\\seeds\\01-users.js","statementMap":{"0":{"start":{"line":2,"column":0},"end":{"line":8,"column":2}},"1":{"start":{"line":3,"column":2},"end":{"line":7,"column":5}}},"fnMap":{"0":{"name":"(anonymous_0)","decl":{"start":{"line":2,"column":15},"end":{"line":2,"column":16}},"loc":{"start":{"line":2,"column":30},"end":{"line":8,"column":1}},"line":2}},"branchMap":{},"s":{"0":0,"1":0},"f":{"0":0},"b":{},"hash":"6213e4b2da8aad9f08f2a556a3f875d003298288"}
,"E:\\lambdaschool\\labs\\wowo-be\\database\\seeds\\02-cars.js": {"path":"E:\\lambdaschool\\labs\\wowo-be\\database\\seeds\\02-cars.js","statementMap":{"0":{"start":{"line":2,"column":0},"end":{"line":230,"column":2}},"1":{"start":{"line":3,"column":2},"end":{"line":229,"column":5}}},"fnMap":{"0":{"name":"(anonymous_0)","decl":{"start":{"line":2,"column":15},"end":{"line":2,"column":16}},"loc":{"start":{"line":2,"column":30},"end":{"line":230,"column":1}},"line":2}},"branchMap":{},"s":{"0":0,"1":0},"f":{"0":0},"b":{},"hash":"ae11f7daaf84b020ccee35c55e8ace013bf2dc1e"}
,"E:\\lambdaschool\\labs\\wowo-be\\database\\seeds\\03-cars2.js": {"path":"E:\\lambdaschool\\labs\\wowo-be\\database\\seeds\\03-cars2.js","statementMap":{"0":{"start":{"line":2,"column":0},"end":{"line":204,"column":2}},"1":{"start":{"line":3,"column":2},"end":{"line":203,"column":5}}},"fnMap":{"0":{"name":"(anonymous_0)","decl":{"start":{"line":2,"column":15},"end":{"line":2,"column":16}},"loc":{"start":{"line":2,"column":30},"end":{"line":204,"column":1}},"line":2}},"branchMap":{},"s":{"0":0,"1":0},"f":{"0":0},"b":{},"hash":"858ce6cf9bcba3a3fcd4dbe25628abdfdeb8aabd"}
,"E:\\lambdaschool\\labs\\wowo-be\\database\\seeds\\04-cars3.js": {"path":"E:\\lambdaschool\\labs\\wowo-be\\database\\seeds\\04-cars3.js","statementMap":{"0":{"start":{"line":2,"column":0},"end":{"line":203,"column":2}},"1":{"start":{"line":3,"column":2},"end":{"line":202,"column":5}}},"fnMap":{"0":{"name":"(anonymous_0)","decl":{"start":{"line":2,"column":15},"end":{"line":2,"column":16}},"loc":{"start":{"line":2,"column":30},"end":{"line":203,"column":1}},"line":2}},"branchMap":{},"s":{"0":0,"1":0},"f":{"0":0},"b":{},"hash":"8dbf889d5990a5f377cf9404218e462e3c8cfef1"}
,"E:\\lambdaschool\\labs\\wowo-be\\database\\seeds\\05-cars4.js": {"path":"E:\\lambdaschool\\labs\\wowo-be\\database\\seeds\\05-cars4.js","statementMap":{"0":{"start":{"line":2,"column":0},"end":{"line":191,"column":2}},"1":{"start":{"line":3,"column":2},"end":{"line":190,"column":5}}},"fnMap":{"0":{"name":"(anonymous_0)","decl":{"start":{"line":2,"column":15},"end":{"line":2,"column":16}},"loc":{"start":{"line":2,"column":30},"end":{"line":191,"column":1}},"line":2}},"branchMap":{},"s":{"0":0,"1":0},"f":{"0":0},"b":{},"hash":"e426a685ea7bba7c1a26ec37018d45edfc628f02"}
,"E:\\lambdaschool\\labs\\wowo-be\\database\\seeds\\06-cars5.js": {"path":"E:\\lambdaschool\\labs\\wowo-be\\database\\seeds\\06-cars5.js","statementMap":{"0":{"start":{"line":2,"column":0},"end":{"line":221,"column":2}},"1":{"start":{"line":3,"column":2},"end":{"line":220,"column":5}}},"fnMap":{"0":{"name":"(anonymous_0)","decl":{"start":{"line":2,"column":15},"end":{"line":2,"column":16}},"loc":{"start":{"line":2,"column":30},"end":{"line":221,"column":1}},"line":2}},"branchMap":{},"s":{"0":0,"1":0},"f":{"0":0},"b":{},"hash":"7430f2c2ce5a4b86038c9b00f3a691a71cf42904"}
,"E:\\lambdaschool\\labs\\wowo-be\\database\\seeds\\07-cars6.js": {"path":"E:\\lambdaschool\\labs\\wowo-be\\database\\seeds\\07-cars6.js","statementMap":{"0":{"start":{"line":2,"column":0},"end":{"line":215,"column":2}},"1":{"start":{"line":3,"column":2},"end":{"line":214,"column":5}}},"fnMap":{"0":{"name":"(anonymous_0)","decl":{"start":{"line":2,"column":15},"end":{"line":2,"column":16}},"loc":{"start":{"line":2,"column":30},"end":{"line":215,"column":1}},"line":2}},"branchMap":{},"s":{"0":0,"1":0},"f":{"0":0},"b":{},"hash":"669c747f7fffad7d9938d7ca140052f6ff97cd77"}
,"E:\\lambdaschool\\labs\\wowo-be\\database\\seedsPG\\01-users.js": {"path":"E:\\lambdaschool\\labs\\wowo-be\\database\\seedsPG\\01-users.js","statementMap":{"0":{"start":{"line":3,"column":0},"end":{"line":11,"column":2}},"1":{"start":{"line":4,"column":2},"end":{"line":10,"column":7}},"2":{"start":{"line":6,"column":6},"end":{"line":9,"column":9}}},"fnMap":{"0":{"name":"(anonymous_0)","decl":{"start":{"line":3,"column":15},"end":{"line":3,"column":16}},"loc":{"start":{"line":3,"column":39},"end":{"line":11,"column":1}},"line":3},"1":{"name":"(anonymous_1)","decl":{"start":{"line":5,"column":10},"end":{"line":5,"column":11}},"loc":{"start":{"line":5,"column":22},"end":{"line":10,"column":5}},"line":5}},"branchMap":{},"s":{"0":0,"1":0,"2":0},"f":{"0":0,"1":0},"b":{},"hash":"e715778c119bc6113860cb8ef154413e2a275428"}
,"E:\\lambdaschool\\labs\\wowo-be\\database\\seedsPG\\02-cars.js": {"path":"E:\\lambdaschool\\labs\\wowo-be\\database\\seedsPG\\02-cars.js","statementMap":{"0":{"start":{"line":1,"column":0},"end":{"line":232,"column":2}},"1":{"start":{"line":2,"column":2},"end":{"line":231,"column":7}},"2":{"start":{"line":4,"column":6},"end":{"line":230,"column":9}}},"fnMap":{"0":{"name":"(anonymous_0)","decl":{"start":{"line":1,"column":15},"end":{"line":1,"column":16}},"loc":{"start":{"line":1,"column":39},"end":{"line":232,"column":1}},"line":1},"1":{"name":"(anonymous_1)","decl":{"start":{"line":3,"column":14},"end":{"line":3,"column":15}},"loc":{"start":{"line":3,"column":26},"end":{"line":231,"column":5}},"line":3}},"branchMap":{},"s":{"0":0,"1":0,"2":0},"f":{"0":0,"1":0},"b":{},"hash":"7e430941f3b236928a54668499d00b5d9190ee58"}
,"E:\\lambdaschool\\labs\\wowo-be\\database\\seedsPG\\03-cars2.js": {"path":"E:\\lambdaschool\\labs\\wowo-be\\database\\seedsPG\\03-cars2.js","statementMap":{"0":{"start":{"line":1,"column":0},"end":{"line":203,"column":2}},"1":{"start":{"line":2,"column":2},"end":{"line":202,"column":5}}},"fnMap":{"0":{"name":"(anonymous_0)","decl":{"start":{"line":1,"column":15},"end":{"line":1,"column":16}},"loc":{"start":{"line":1,"column":39},"end":{"line":203,"column":1}},"line":1}},"branchMap":{},"s":{"0":0,"1":0},"f":{"0":0},"b":{},"hash":"0d5104ca78d142f7b8b7d0a512dff2b20c44d432"}
,"E:\\lambdaschool\\labs\\wowo-be\\database\\seedsPG\\04-cars3.js": {"path":"E:\\lambdaschool\\labs\\wowo-be\\database\\seedsPG\\04-cars3.js","statementMap":{"0":{"start":{"line":1,"column":0},"end":{"line":202,"column":2}},"1":{"start":{"line":2,"column":2},"end":{"line":201,"column":5}}},"fnMap":{"0":{"name":"(anonymous_0)","decl":{"start":{"line":1,"column":15},"end":{"line":1,"column":16}},"loc":{"start":{"line":1,"column":39},"end":{"line":202,"column":1}},"line":1}},"branchMap":{},"s":{"0":0,"1":0},"f":{"0":0},"b":{},"hash":"8a8d2bb3f929a442609421e6e88a49a95fd5a1cf"}
,"E:\\lambdaschool\\labs\\wowo-be\\database\\seedsPG\\05-cars4.js": {"path":"E:\\lambdaschool\\labs\\wowo-be\\database\\seedsPG\\05-cars4.js","statementMap":{"0":{"start":{"line":1,"column":0},"end":{"line":190,"column":2}},"1":{"start":{"line":2,"column":2},"end":{"line":189,"column":5}}},"fnMap":{"0":{"name":"(anonymous_0)","decl":{"start":{"line":1,"column":15},"end":{"line":1,"column":16}},"loc":{"start":{"line":1,"column":39},"end":{"line":190,"column":1}},"line":1}},"branchMap":{},"s":{"0":0,"1":0},"f":{"0":0},"b":{},"hash":"35e3afccd928d04a6bd890c5494215b4c93782c3"}
,"E:\\lambdaschool\\labs\\wowo-be\\database\\seedsPG\\06-cars5.js": {"path":"E:\\lambdaschool\\labs\\wowo-be\\database\\seedsPG\\06-cars5.js","statementMap":{"0":{"start":{"line":1,"column":0},"end":{"line":220,"column":2}},"1":{"start":{"line":2,"column":2},"end":{"line":219,"column":5}}},"fnMap":{"0":{"name":"(anonymous_0)","decl":{"start":{"line":1,"column":15},"end":{"line":1,"column":16}},"loc":{"start":{"line":1,"column":39},"end":{"line":220,"column":1}},"line":1}},"branchMap":{},"s":{"0":0,"1":0},"f":{"0":0},"b":{},"hash":"8655e9ab40c11de40e0c6ed3bb1dadb0ac9cfc4b"}
,"E:\\lambdaschool\\labs\\wowo-be\\database\\seedsPG\\07-cars6.js": {"path":"E:\\lambdaschool\\labs\\wowo-be\\database\\seedsPG\\07-cars6.js","statementMap":{"0":{"start":{"line":1,"column":0},"end":{"line":214,"column":2}},"1":{"start":{"line":2,"column":2},"end":{"line":213,"column":5}}},"fnMap":{"0":{"name":"(anonymous_0)","decl":{"start":{"line":1,"column":15},"end":{"line":1,"column":16}},"loc":{"start":{"line":1,"column":39},"end":{"line":214,"column":1}},"line":1}},"branchMap":{},"s":{"0":0,"1":0},"f":{"0":0},"b":{},"hash":"8f2794d701fada66dfaa5778c43f1dc7892ed89c"}
,"E:\\lambdaschool\\labs\\wowo-be\\database\\seedsPG\\08-clientCars.js": {"path":"E:\\lambdaschool\\labs\\wowo-be\\database\\seedsPG\\08-clientCars.js","statementMap":{"0":{"start":{"line":2,"column":0},"end":{"line":10,"column":2}},"1":{"start":{"line":3,"column":2},"end":{"line":9,"column":7}},"2":{"start":{"line":5,"column":6},"end":{"line":8,"column":9}}},"fnMap":{"0":{"name":"(anonymous_0)","decl":{"start":{"line":2,"column":15},"end":{"line":2,"column":16}},"loc":{"start":{"line":2,"column":39},"end":{"line":10,"column":1}},"line":2},"1":{"name":"(anonymous_1)","decl":{"start":{"line":4,"column":10},"end":{"line":4,"column":11}},"loc":{"start":{"line":4,"column":22},"end":{"line":9,"column":5}},"line":4}},"branchMap":{},"s":{"0":0,"1":0,"2":0},"f":{"0":0,"1":0},"b":{},"hash":"6e505ea26b57bccb87e6fc9047463db0c7e22765"}
,"E:\\lambdaschool\\labs\\wowo-be\\database\\seedsPG\\09-jobs.js": {"path":"E:\\lambdaschool\\labs\\wowo-be\\database\\seedsPG\\09-jobs.js","statementMap":{"0":{"start":{"line":2,"column":0},"end":{"line":10,"column":2}},"1":{"start":{"line":3,"column":2},"end":{"line":9,"column":7}},"2":{"start":{"line":5,"column":6},"end":{"line":8,"column":9}}},"fnMap":{"0":{"name":"(anonymous_0)","decl":{"start":{"line":2,"column":15},"end":{"line":2,"column":16}},"loc":{"start":{"line":2,"column":39},"end":{"line":10,"column":1}},"line":2},"1":{"name":"(anonymous_1)","decl":{"start":{"line":4,"column":10},"end":{"line":4,"column":11}},"loc":{"start":{"line":4,"column":22},"end":{"line":9,"column":5}},"line":4}},"branchMap":{},"s":{"0":0,"1":0,"2":0},"f":{"0":0,"1":0},"b":{},"hash":"4c018b1f7134dacde5027a8e56c7301124333286"}
,"E:\\lambdaschool\\labs\\wowo-be\\database\\seedsPG\\10-ratingsOW.js": {"path":"E:\\lambdaschool\\labs\\wowo-be\\database\\seedsPG\\10-ratingsOW.js","statementMap":{"0":{"start":{"line":2,"column":0},"end":{"line":10,"column":2}},"1":{"start":{"line":3,"column":2},"end":{"line":9,"column":7}},"2":{"start":{"line":5,"column":6},"end":{"line":8,"column":9}}},"fnMap":{"0":{"name":"(anonymous_0)","decl":{"start":{"line":2,"column":15},"end":{"line":2,"column":16}},"loc":{"start":{"line":2,"column":39},"end":{"line":10,"column":1}},"line":2},"1":{"name":"(anonymous_1)","decl":{"start":{"line":4,"column":10},"end":{"line":4,"column":11}},"loc":{"start":{"line":4,"column":22},"end":{"line":9,"column":5}},"line":4}},"branchMap":{},"s":{"0":0,"1":0,"2":0},"f":{"0":0,"1":0},"b":{},"hash":"2064d6325f1d24d9af62c1bad88fcc9b61bd749b"}
,"E:\\lambdaschool\\labs\\wowo-be\\database\\seedsPG\\11-ratingsOC.js": {"path":"E:\\lambdaschool\\labs\\wowo-be\\database\\seedsPG\\11-ratingsOC.js","statementMap":{"0":{"start":{"line":2,"column":0},"end":{"line":10,"column":2}},"1":{"start":{"line":3,"column":2},"end":{"line":9,"column":7}},"2":{"start":{"line":5,"column":6},"end":{"line":8,"column":9}}},"fnMap":{"0":{"name":"(anonymous_0)","decl":{"start":{"line":2,"column":15},"end":{"line":2,"column":16}},"loc":{"start":{"line":2,"column":39},"end":{"line":10,"column":1}},"line":2},"1":{"name":"(anonymous_1)","decl":{"start":{"line":4,"column":10},"end":{"line":4,"column":11}},"loc":{"start":{"line":4,"column":22},"end":{"line":9,"column":5}},"line":4}},"branchMap":{},"s":{"0":0,"1":0,"2":0},"f":{"0":0,"1":0},"b":{},"hash":"eb140b5b98dbe06ad270c110f4fa3d220c9332bf"}
,"E:\\lambdaschool\\labs\\wowo-be\\jobs\\jobs-router.js": {"path":"E:\\lambdaschool\\labs\\wowo-be\\jobs\\jobs-router.js","statementMap":{"0":{"start":{"line":1,"column":19},"end":{"line":1,"column":46}},"1":{"start":{"line":2,"column":16},"end":{"line":2,"column":49}},"2":{"start":{"line":3,"column":155},"end":{"line":3,"column":188}},"3":{"start":{"line":6,"column":0},"end":{"line":13,"column":3}},"4":{"start":{"line":7,"column":25},"end":{"line":7,"column":33}},"5":{"start":{"line":8,"column":4},"end":{"line":12,"column":44}},"6":{"start":{"line":10,"column":8},"end":{"line":10,"column":52}},"7":{"start":{"line":12,"column":18},"end":{"line":12,"column":43}},"8":{"start":{"line":16,"column":0},"end":{"line":29,"column":3}},"9":{"start":{"line":17,"column":25},"end":{"line":17,"column":33}},"10":{"start":{"line":18,"column":4},"end":{"line":28,"column":44}},"11":{"start":{"line":20,"column":25},"end":{"line":20,"column":49}},"12":{"start":{"line":21,"column":8},"end":{"line":21,"column":29}},"13":{"start":{"line":22,"column":8},"end":{"line":26,"column":48}},"14":{"start":{"line":24,"column":12},"end":{"line":24,"column":57}},"15":{"start":{"line":26,"column":22},"end":{"line":26,"column":47}},"16":{"start":{"line":28,"column":18},"end":{"line":28,"column":43}},"17":{"start":{"line":32,"column":0},"end":{"line":43,"column":3}},"18":{"start":{"line":33,"column":17},"end":{"line":33,"column":27}},"19":{"start":{"line":34,"column":25},"end":{"line":34,"column":29}},"20":{"start":{"line":35,"column":89},"end":{"line":35,"column":97}},"21":{"start":{"line":36,"column":19},"end":{"line":36,"column":108}},"22":{"start":{"line":37,"column":4},"end":{"line":37,"column":23}},"23":{"start":{"line":38,"column":4},"end":{"line":42,"column":46}},"24":{"start":{"line":40,"column":8},"end":{"line":40,"column":46}},"25":{"start":{"line":42,"column":18},"end":{"line":42,"column":45}},"26":{"start":{"line":46,"column":0},"end":{"line":52,"column":3}},"27":{"start":{"line":47,"column":4},"end":{"line":51,"column":44}},"28":{"start":{"line":49,"column":8},"end":{"line":49,"column":44}},"29":{"start":{"line":51,"column":18},"end":{"line":51,"column":43}},"30":{"start":{"line":55,"column":0},"end":{"line":63,"column":3}},"31":{"start":{"line":56,"column":22},"end":{"line":56,"column":30}},"32":{"start":{"line":57,"column":4},"end":{"line":62,"column":44}},"33":{"start":{"line":60,"column":8},"end":{"line":60,"column":36}},"34":{"start":{"line":62,"column":18},"end":{"line":62,"column":43}},"35":{"start":{"line":66,"column":0},"end":{"line":74,"column":3}},"36":{"start":{"line":67,"column":19},"end":{"line":67,"column":27}},"37":{"start":{"line":68,"column":4},"end":{"line":73,"column":44}},"38":{"start":{"line":71,"column":8},"end":{"line":71,"column":36}},"39":{"start":{"line":73,"column":18},"end":{"line":73,"column":43}},"40":{"start":{"line":77,"column":0},"end":{"line":94,"column":3}},"41":{"start":{"line":78,"column":31},"end":{"line":78,"column":39}},"42":{"start":{"line":79,"column":4},"end":{"line":93,"column":6}},"43":{"start":{"line":82,"column":8},"end":{"line":88,"column":9}},"44":{"start":{"line":83,"column":12},"end":{"line":85,"column":55}},"45":{"start":{"line":87,"column":12},"end":{"line":87,"column":71}},"46":{"start":{"line":91,"column":8},"end":{"line":91,"column":25}},"47":{"start":{"line":92,"column":8},"end":{"line":92,"column":33}},"48":{"start":{"line":97,"column":0},"end":{"line":112,"column":3}},"49":{"start":{"line":98,"column":26},"end":{"line":98,"column":34}},"50":{"start":{"line":99,"column":21},"end":{"line":99,"column":23}},"51":{"start":{"line":100,"column":4},"end":{"line":111,"column":44}},"52":{"start":{"line":102,"column":8},"end":{"line":109,"column":9}},"53":{"start":{"line":103,"column":12},"end":{"line":106,"column":14}},"54":{"start":{"line":105,"column":16},"end":{"line":105,"column":74}},"55":{"start":{"line":108,"column":12},"end":{"line":108,"column":73}},"56":{"start":{"line":111,"column":18},"end":{"line":111,"column":43}},"57":{"start":{"line":115,"column":0},"end":{"line":124,"column":2}},"58":{"start":{"line":116,"column":19},"end":{"line":116,"column":27}},"59":{"start":{"line":117,"column":21},"end":{"line":117,"column":23}},"60":{"start":{"line":118,"column":4},"end":{"line":123,"column":44}},"61":{"start":{"line":121,"column":8},"end":{"line":121,"column":36}},"62":{"start":{"line":123,"column":18},"end":{"line":123,"column":43}},"63":{"start":{"line":127,"column":0},"end":{"line":127,"column":28}}},"fnMap":{"0":{"name":"(anonymous_0)","decl":{"start":{"line":6,"column":39},"end":{"line":6,"column":40}},"loc":{"start":{"line":6,"column":59},"end":{"line":13,"column":1}},"line":6},"1":{"name":"(anonymous_1)","decl":{"start":{"line":9,"column":10},"end":{"line":9,"column":11}},"loc":{"start":{"line":9,"column":29},"end":{"line":11,"column":5}},"line":9},"2":{"name":"(anonymous_2)","decl":{"start":{"line":12,"column":11},"end":{"line":12,"column":12}},"loc":{"start":{"line":12,"column":18},"end":{"line":12,"column":43}},"line":12},"3":{"name":"(anonymous_3)","decl":{"start":{"line":16,"column":42},"end":{"line":16,"column":43}},"loc":{"start":{"line":16,"column":62},"end":{"line":29,"column":1}},"line":16},"4":{"name":"(anonymous_4)","decl":{"start":{"line":19,"column":10},"end":{"line":19,"column":11}},"loc":{"start":{"line":19,"column":29},"end":{"line":27,"column":5}},"line":19},"5":{"name":"(anonymous_5)","decl":{"start":{"line":23,"column":14},"end":{"line":23,"column":15}},"loc":{"start":{"line":23,"column":34},"end":{"line":25,"column":9}},"line":23},"6":{"name":"(anonymous_6)","decl":{"start":{"line":26,"column":15},"end":{"line":26,"column":16}},"loc":{"start":{"line":26,"column":22},"end":{"line":26,"column":47}},"line":26},"7":{"name":"(anonymous_7)","decl":{"start":{"line":28,"column":11},"end":{"line":28,"column":12}},"loc":{"start":{"line":28,"column":18},"end":{"line":28,"column":43}},"line":28},"8":{"name":"(anonymous_8)","decl":{"start":{"line":32,"column":24},"end":{"line":32,"column":25}},"loc":{"start":{"line":32,"column":44},"end":{"line":43,"column":1}},"line":32},"9":{"name":"(anonymous_9)","decl":{"start":{"line":39,"column":10},"end":{"line":39,"column":11}},"loc":{"start":{"line":39,"column":23},"end":{"line":41,"column":5}},"line":39},"10":{"name":"(anonymous_10)","decl":{"start":{"line":42,"column":11},"end":{"line":42,"column":12}},"loc":{"start":{"line":42,"column":18},"end":{"line":42,"column":45}},"line":42},"11":{"name":"(anonymous_11)","decl":{"start":{"line":46,"column":29},"end":{"line":46,"column":30}},"loc":{"start":{"line":46,"column":49},"end":{"line":52,"column":1}},"line":46},"12":{"name":"(anonymous_12)","decl":{"start":{"line":48,"column":10},"end":{"line":48,"column":11}},"loc":{"start":{"line":48,"column":21},"end":{"line":50,"column":5}},"line":48},"13":{"name":"(anonymous_13)","decl":{"start":{"line":51,"column":11},"end":{"line":51,"column":12}},"loc":{"start":{"line":51,"column":18},"end":{"line":51,"column":43}},"line":51},"14":{"name":"(anonymous_14)","decl":{"start":{"line":55,"column":28},"end":{"line":55,"column":29}},"loc":{"start":{"line":55,"column":48},"end":{"line":63,"column":1}},"line":55},"15":{"name":"(anonymous_15)","decl":{"start":{"line":58,"column":10},"end":{"line":58,"column":11}},"loc":{"start":{"line":58,"column":20},"end":{"line":61,"column":5}},"line":58},"16":{"name":"(anonymous_16)","decl":{"start":{"line":62,"column":11},"end":{"line":62,"column":12}},"loc":{"start":{"line":62,"column":18},"end":{"line":62,"column":43}},"line":62},"17":{"name":"(anonymous_17)","decl":{"start":{"line":66,"column":34},"end":{"line":66,"column":35}},"loc":{"start":{"line":66,"column":54},"end":{"line":74,"column":1}},"line":66},"18":{"name":"(anonymous_18)","decl":{"start":{"line":69,"column":10},"end":{"line":69,"column":11}},"loc":{"start":{"line":69,"column":20},"end":{"line":72,"column":5}},"line":69},"19":{"name":"(anonymous_19)","decl":{"start":{"line":73,"column":11},"end":{"line":73,"column":12}},"loc":{"start":{"line":73,"column":18},"end":{"line":73,"column":43}},"line":73},"20":{"name":"(anonymous_20)","decl":{"start":{"line":77,"column":33},"end":{"line":77,"column":34}},"loc":{"start":{"line":77,"column":53},"end":{"line":94,"column":1}},"line":77},"21":{"name":"(anonymous_21)","decl":{"start":{"line":80,"column":10},"end":{"line":80,"column":11}},"loc":{"start":{"line":80,"column":20},"end":{"line":89,"column":5}},"line":80},"22":{"name":"(anonymous_22)","decl":{"start":{"line":90,"column":11},"end":{"line":90,"column":12}},"loc":{"start":{"line":90,"column":18},"end":{"line":93,"column":5}},"line":90},"23":{"name":"(anonymous_23)","decl":{"start":{"line":97,"column":29},"end":{"line":97,"column":30}},"loc":{"start":{"line":97,"column":49},"end":{"line":112,"column":1}},"line":97},"24":{"name":"(anonymous_24)","decl":{"start":{"line":101,"column":10},"end":{"line":101,"column":11}},"loc":{"start":{"line":101,"column":20},"end":{"line":110,"column":5}},"line":101},"25":{"name":"(anonymous_25)","decl":{"start":{"line":104,"column":18},"end":{"line":104,"column":19}},"loc":{"start":{"line":104,"column":25},"end":{"line":106,"column":13}},"line":104},"26":{"name":"(anonymous_26)","decl":{"start":{"line":111,"column":11},"end":{"line":111,"column":12}},"loc":{"start":{"line":111,"column":18},"end":{"line":111,"column":43}},"line":111},"27":{"name":"(anonymous_27)","decl":{"start":{"line":115,"column":37},"end":{"line":115,"column":38}},"loc":{"start":{"line":115,"column":57},"end":{"line":124,"column":1}},"line":115},"28":{"name":"(anonymous_28)","decl":{"start":{"line":119,"column":10},"end":{"line":119,"column":11}},"loc":{"start":{"line":119,"column":20},"end":{"line":122,"column":5}},"line":119},"29":{"name":"(anonymous_29)","decl":{"start":{"line":123,"column":11},"end":{"line":123,"column":12}},"loc":{"start":{"line":123,"column":18},"end":{"line":123,"column":43}},"line":123}},"branchMap":{"0":{"loc":{"start":{"line":82,"column":8},"end":{"line":88,"column":9}},"type":"if","locations":[{"start":{"line":82,"column":8},"end":{"line":88,"column":9}},{"start":{"line":82,"column":8},"end":{"line":88,"column":9}}],"line":82},"1":{"loc":{"start":{"line":102,"column":8},"end":{"line":109,"column":9}},"type":"if","locations":[{"start":{"line":102,"column":8},"end":{"line":109,"column":9}},{"start":{"line":102,"column":8},"end":{"line":109,"column":9}}],"line":102}},"s":{"0":0,"1":0,"2":0,"3":0,"4":0,"5":0,"6":0,"7":0,"8":0,"9":0,"10":0,"11":0,"12":0,"13":0,"14":0,"15":0,"16":0,"17":0,"18":0,"19":0,"20":0,"21":0,"22":0,"23":0,"24":0,"25":0,"26":0,"27":0,"28":0,"29":0,"30":0,"31":0,"32":0,"33":0,"34":0,"35":0,"36":0,"37":0,"38":0,"39":0,"40":0,"41":0,"42":0,"43":0,"44":0,"45":0,"46":0,"47":0,"48":0,"49":0,"50":0,"51":0,"52":0,"53":0,"54":0,"55":0,"56":0,"57":0,"58":0,"59":0,"60":0,"61":0,"62":0,"63":0},"f":{"0":0,"1":0,"2":0,"3":0,"4":0,"5":0,"6":0,"7":0,"8":0,"9":0,"10":0,"11":0,"12":0,"13":0,"14":0,"15":0,"16":0,"17":0,"18":0,"19":0,"20":0,"21":0,"22":0,"23":0,"24":0,"25":0,"26":0,"27":0,"28":0,"29":0},"b":{"0":[0,0],"1":[0,0]},"hash":"5e0a3e59951c139bbe5f0e33bf8c1ac4283f34c8"}
,"E:\\lambdaschool\\labs\\wowo-be\\middleware\\generateToken.js": {"path":"E:\\lambdaschool\\labs\\wowo-be\\middleware\\generateToken.js","statementMap":{"0":{"start":{"line":1,"column":12},"end":{"line":1,"column":35}},"1":{"start":{"line":8,"column":20},"end":{"line":12,"column":5}},"2":{"start":{"line":14,"column":20},"end":{"line":16,"column":5}},"3":{"start":{"line":18,"column":4},"end":{"line":18,"column":62}},"4":{"start":{"line":21,"column":0},"end":{"line":21,"column":30}}},"fnMap":{"0":{"name":"generateToken","decl":{"start":{"line":3,"column":9},"end":{"line":3,"column":22}},"loc":{"start":{"line":3,"column":29},"end":{"line":19,"column":3}},"line":3}},"branchMap":{},"s":{"0":0,"1":0,"2":0,"3":0,"4":0},"f":{"0":0},"b":{},"hash":"3dcf8ac4b04fcc391c8af3b4c8f62b9f7198fa41"}
,"E:\\lambdaschool\\labs\\wowo-be\\middleware\\restricted.js": {"path":"E:\\lambdaschool\\labs\\wowo-be\\middleware\\restricted.js","statementMap":{"0":{"start":{"line":1,"column":12},"end":{"line":1,"column":35}},"1":{"start":{"line":3,"column":0},"end":{"line":28,"column":2}},"2":{"start":{"line":4,"column":16},"end":{"line":4,"column":41}},"3":{"start":{"line":10,"column":2},"end":{"line":27,"column":3}},"4":{"start":{"line":11,"column":4},"end":{"line":22,"column":6}},"5":{"start":{"line":12,"column":6},"end":{"line":21,"column":7}},"6":{"start":{"line":13,"column":8},"end":{"line":13,"column":42}},"7":{"start":{"line":14,"column":8},"end":{"line":16,"column":10}},"8":{"start":{"line":19,"column":8},"end":{"line":19,"column":40}},"9":{"start":{"line":20,"column":8},"end":{"line":20,"column":15}},"10":{"start":{"line":24,"column":4},"end":{"line":26,"column":6}}},"fnMap":{"0":{"name":"(anonymous_0)","decl":{"start":{"line":3,"column":17},"end":{"line":3,"column":18}},"loc":{"start":{"line":3,"column":37},"end":{"line":28,"column":1}},"line":3},"1":{"name":"(anonymous_1)","decl":{"start":{"line":11,"column":46},"end":{"line":11,"column":47}},"loc":{"start":{"line":11,"column":69},"end":{"line":22,"column":5}},"line":11}},"branchMap":{"0":{"loc":{"start":{"line":10,"column":2},"end":{"line":27,"column":3}},"type":"if","locations":[{"start":{"line":10,"column":2},"end":{"line":27,"column":3}},{"start":{"line":10,"column":2},"end":{"line":27,"column":3}}],"line":10},"1":{"loc":{"start":{"line":12,"column":6},"end":{"line":21,"column":7}},"type":"if","locations":[{"start":{"line":12,"column":6},"end":{"line":21,"column":7}},{"start":{"line":12,"column":6},"end":{"line":21,"column":7}}],"line":12}},"s":{"0":0,"1":0,"2":0,"3":0,"4":0,"5":0,"6":0,"7":0,"8":0,"9":0,"10":0},"f":{"0":0,"1":0},"b":{"0":[0,0],"1":[0,0]},"hash":"62a77c5d7fc1a0ec9f505fd7060cc34a8a298762"}
,"E:\\lambdaschool\\labs\\wowo-be\\ratings\\ratings-router.js": {"path":"E:\\lambdaschool\\labs\\wowo-be\\ratings\\ratings-router.js","statementMap":{"0":{"start":{"line":1,"column":22},"end":{"line":1,"column":49}},"1":{"start":{"line":2,"column":16},"end":{"line":2,"column":49}},"2":{"start":{"line":3,"column":71},"end":{"line":3,"column":104}},"3":{"start":{"line":6,"column":0},"end":{"line":26,"column":3}},"4":{"start":{"line":7,"column":19},"end":{"line":7,"column":27}},"5":{"start":{"line":8,"column":4},"end":{"line":25,"column":44}},"6":{"start":{"line":11,"column":29},"end":{"line":11,"column":31}},"7":{"start":{"line":12,"column":8},"end":{"line":14,"column":10}},"8":{"start":{"line":13,"column":12},"end":{"line":13,"column":44}},"9":{"start":{"line":17,"column":20},"end":{"line":17,"column":21}},"10":{"start":{"line":18,"column":8},"end":{"line":20,"column":9}},"11":{"start":{"line":18,"column":20},"end":{"line":18,"column":21}},"12":{"start":{"line":19,"column":8},"end":{"line":19,"column":33}},"13":{"start":{"line":21,"column":18},"end":{"line":21,"column":45}},"14":{"start":{"line":23,"column":8},"end":{"line":23,"column":33}},"15":{"start":{"line":25,"column":18},"end":{"line":25,"column":43}},"16":{"start":{"line":29,"column":0},"end":{"line":49,"column":3}},"17":{"start":{"line":30,"column":19},"end":{"line":30,"column":27}},"18":{"start":{"line":31,"column":4},"end":{"line":48,"column":44}},"19":{"start":{"line":34,"column":29},"end":{"line":34,"column":31}},"20":{"start":{"line":35,"column":8},"end":{"line":37,"column":10}},"21":{"start":{"line":36,"column":12},"end":{"line":36,"column":44}},"22":{"start":{"line":40,"column":20},"end":{"line":40,"column":21}},"23":{"start":{"line":41,"column":8},"end":{"line":43,"column":9}},"24":{"start":{"line":41,"column":20},"end":{"line":41,"column":21}},"25":{"start":{"line":42,"column":8},"end":{"line":42,"column":33}},"26":{"start":{"line":44,"column":18},"end":{"line":44,"column":45}},"27":{"start":{"line":46,"column":8},"end":{"line":46,"column":33}},"28":{"start":{"line":48,"column":18},"end":{"line":48,"column":43}},"29":{"start":{"line":52,"column":0},"end":{"line":62,"column":3}},"30":{"start":{"line":53,"column":34},"end":{"line":53,"column":42}},"31":{"start":{"line":54,"column":25},"end":{"line":54,"column":46}},"32":{"start":{"line":56,"column":4},"end":{"line":61,"column":44}},"33":{"start":{"line":59,"column":8},"end":{"line":59,"column":76}},"34":{"start":{"line":61,"column":18},"end":{"line":61,"column":43}},"35":{"start":{"line":65,"column":0},"end":{"line":74,"column":3}},"36":{"start":{"line":66,"column":34},"end":{"line":66,"column":42}},"37":{"start":{"line":67,"column":25},"end":{"line":67,"column":46}},"38":{"start":{"line":68,"column":4},"end":{"line":73,"column":44}},"39":{"start":{"line":71,"column":8},"end":{"line":71,"column":76}},"40":{"start":{"line":73,"column":18},"end":{"line":73,"column":43}},"41":{"start":{"line":76,"column":0},"end":{"line":76,"column":31}}},"fnMap":{"0":{"name":"(anonymous_0)","decl":{"start":{"line":6,"column":37},"end":{"line":6,"column":38}},"loc":{"start":{"line":6,"column":57},"end":{"line":26,"column":1}},"line":6},"1":{"name":"(anonymous_1)","decl":{"start":{"line":9,"column":10},"end":{"line":9,"column":11}},"loc":{"start":{"line":9,"column":20},"end":{"line":24,"column":5}},"line":9},"2":{"name":"(anonymous_2)","decl":{"start":{"line":12,"column":23},"end":{"line":12,"column":24}},"loc":{"start":{"line":12,"column":33},"end":{"line":14,"column":9}},"line":12},"3":{"name":"(anonymous_3)","decl":{"start":{"line":25,"column":11},"end":{"line":25,"column":12}},"loc":{"start":{"line":25,"column":18},"end":{"line":25,"column":43}},"line":25},"4":{"name":"(anonymous_4)","decl":{"start":{"line":29,"column":37},"end":{"line":29,"column":38}},"loc":{"start":{"line":29,"column":57},"end":{"line":49,"column":1}},"line":29},"5":{"name":"(anonymous_5)","decl":{"start":{"line":32,"column":10},"end":{"line":32,"column":11}},"loc":{"start":{"line":32,"column":20},"end":{"line":47,"column":5}},"line":32},"6":{"name":"(anonymous_6)","decl":{"start":{"line":35,"column":23},"end":{"line":35,"column":24}},"loc":{"start":{"line":35,"column":33},"end":{"line":37,"column":9}},"line":35},"7":{"name":"(anonymous_7)","decl":{"start":{"line":48,"column":11},"end":{"line":48,"column":12}},"loc":{"start":{"line":48,"column":18},"end":{"line":48,"column":43}},"line":48},"8":{"name":"(anonymous_8)","decl":{"start":{"line":52,"column":34},"end":{"line":52,"column":35}},"loc":{"start":{"line":52,"column":54},"end":{"line":62,"column":1}},"line":52},"9":{"name":"(anonymous_9)","decl":{"start":{"line":57,"column":10},"end":{"line":57,"column":11}},"loc":{"start":{"line":57,"column":22},"end":{"line":60,"column":5}},"line":57},"10":{"name":"(anonymous_10)","decl":{"start":{"line":61,"column":11},"end":{"line":61,"column":12}},"loc":{"start":{"line":61,"column":18},"end":{"line":61,"column":43}},"line":61},"11":{"name":"(anonymous_11)","decl":{"start":{"line":65,"column":34},"end":{"line":65,"column":35}},"loc":{"start":{"line":65,"column":54},"end":{"line":74,"column":1}},"line":65},"12":{"name":"(anonymous_12)","decl":{"start":{"line":69,"column":10},"end":{"line":69,"column":11}},"loc":{"start":{"line":69,"column":20},"end":{"line":72,"column":5}},"line":69},"13":{"name":"(anonymous_13)","decl":{"start":{"line":73,"column":11},"end":{"line":73,"column":12}},"loc":{"start":{"line":73,"column":18},"end":{"line":73,"column":43}},"line":73}},"branchMap":{},"s":{"0":0,"1":0,"2":0,"3":0,"4":0,"5":0,"6":0,"7":0,"8":0,"9":0,"10":0,"11":0,"12":0,"13":0,"14":0,"15":0,"16":0,"17":0,"18":0,"19":0,"20":0,"21":0,"22":0,"23":0,"24":0,"25":0,"26":0,"27":0,"28":0,"29":0,"30":0,"31":0,"32":0,"33":0,"34":0,"35":0,"36":0,"37":0,"38":0,"39":0,"40":0,"41":0},"f":{"0":0,"1":0,"2":0,"3":0,"4":0,"5":0,"6":0,"7":0,"8":0,"9":0,"10":0,"11":0,"12":0,"13":0},"b":{},"hash":"b7c110398b90d79294d1d07be60c22268e2e7c92"}
,"E:\\lambdaschool\\labs\\wowo-be\\users\\users-model.js": {"path":"E:\\lambdaschool\\labs\\wowo-be\\users\\users-model.js","statementMap":{"0":{"start":{"line":1,"column":11},"end":{"line":1,"column":38}},"1":{"start":{"line":3,"column":0},"end":{"line":7,"column":2}},"2":{"start":{"line":10,"column":2},"end":{"line":10,"column":33}},"3":{"start":{"line":14,"column":2},"end":{"line":17,"column":13}},"4":{"start":{"line":21,"column":2},"end":{"line":23,"column":26}}},"fnMap":{"0":{"name":"find","decl":{"start":{"line":9,"column":9},"end":{"line":9,"column":13}},"loc":{"start":{"line":9,"column":16},"end":{"line":11,"column":1}},"line":9},"1":{"name":"findById","decl":{"start":{"line":13,"column":9},"end":{"line":13,"column":17}},"loc":{"start":{"line":13,"column":22},"end":{"line":18,"column":1}},"line":13},"2":{"name":"update","decl":{"start":{"line":20,"column":9},"end":{"line":20,"column":15}},"loc":{"start":{"line":20,"column":29},"end":{"line":24,"column":1}},"line":20}},"branchMap":{},"s":{"0":0,"1":0,"2":0,"3":0,"4":0},"f":{"0":0,"1":0,"2":0},"b":{},"hash":"41388bc484b54d482a84d13499eca3b041b30a71"}
,"E:\\lambdaschool\\labs\\wowo-be\\users\\users-router.js": {"path":"E:\\lambdaschool\\labs\\wowo-be\\users\\users-router.js","statementMap":{"0":{"start":{"line":1,"column":20},"end":{"line":1,"column":47}},"1":{"start":{"line":2,"column":15},"end":{"line":2,"column":34}},"2":{"start":{"line":3,"column":14},"end":{"line":3,"column":48}},"3":{"start":{"line":5,"column":0},"end":{"line":14,"column":3}},"4":{"start":{"line":6,"column":2},"end":{"line":13,"column":7}},"5":{"start":{"line":8,"column":6},"end":{"line":8,"column":34}},"6":{"start":{"line":11,"column":6},"end":{"line":11,"column":48}},"7":{"start":{"line":12,"column":6},"end":{"line":12,"column":32}},"8":{"start":{"line":16,"column":0},"end":{"line":18,"column":3}},"9":{"start":{"line":17,"column":2},"end":{"line":17,"column":33}},"10":{"start":{"line":20,"column":0},"end":{"line":36,"column":3}},"11":{"start":{"line":21,"column":2},"end":{"line":35,"column":7}},"12":{"start":{"line":23,"column":6},"end":{"line":29,"column":7}},"13":{"start":{"line":24,"column":8},"end":{"line":24,"column":35}},"14":{"start":{"line":26,"column":8},"end":{"line":28,"column":11}},"15":{"start":{"line":32,"column":6},"end":{"line":34,"column":9}},"16":{"start":{"line":40,"column":17},"end":{"line":40,"column":27}},"17":{"start":{"line":41,"column":2},"end":{"line":58,"column":7}},"18":{"start":{"line":43,"column":6},"end":{"line":43,"column":23}},"19":{"start":{"line":44,"column":6},"end":{"line":51,"column":7}},"20":{"start":{"line":45,"column":8},"end":{"line":45,"column":24}},"21":{"start":{"line":46,"column":8},"end":{"line":46,"column":15}},"22":{"start":{"line":48,"column":8},"end":{"line":50,"column":11}},"23":{"start":{"line":54,"column":6},"end":{"line":54,"column":50}},"24":{"start":{"line":55,"column":6},"end":{"line":57,"column":9}},"25":{"start":{"line":61,"column":0},"end":{"line":61,"column":29}}},"fnMap":{"0":{"name":"(anonymous_0)","decl":{"start":{"line":5,"column":21},"end":{"line":5,"column":22}},"loc":{"start":{"line":5,"column":35},"end":{"line":14,"column":1}},"line":5},"1":{"name":"(anonymous_1)","decl":{"start":{"line":7,"column":10},"end":{"line":7,"column":11}},"loc":{"start":{"line":7,"column":19},"end":{"line":9,"column":5}},"line":7},"2":{"name":"(anonymous_2)","decl":{"start":{"line":10,"column":11},"end":{"line":10,"column":12}},"loc":{"start":{"line":10,"column":18},"end":{"line":13,"column":5}},"line":10},"3":{"name":"(anonymous_3)","decl":{"start":{"line":16,"column":35},"end":{"line":16,"column":36}},"loc":{"start":{"line":16,"column":49},"end":{"line":18,"column":1}},"line":16},"4":{"name":"(anonymous_4)","decl":{"start":{"line":20,"column":35},"end":{"line":20,"column":36}},"loc":{"start":{"line":20,"column":49},"end":{"line":36,"column":1}},"line":20},"5":{"name":"(anonymous_5)","decl":{"start":{"line":22,"column":10},"end":{"line":22,"column":11}},"loc":{"start":{"line":22,"column":18},"end":{"line":30,"column":5}},"line":22},"6":{"name":"(anonymous_6)","decl":{"start":{"line":31,"column":11},"end":{"line":31,"column":12}},"loc":{"start":{"line":31,"column":18},"end":{"line":35,"column":5}},"line":31},"7":{"name":"checkId","decl":{"start":{"line":39,"column":9},"end":{"line":39,"column":16}},"loc":{"start":{"line":39,"column":33},"end":{"line":59,"column":1}},"line":39},"8":{"name":"(anonymous_8)","decl":{"start":{"line":42,"column":10},"end":{"line":42,"column":11}},"loc":{"start":{"line":42,"column":18},"end":{"line":52,"column":5}},"line":42},"9":{"name":"(anonymous_9)","decl":{"start":{"line":53,"column":11},"end":{"line":53,"column":12}},"loc":{"start":{"line":53,"column":18},"end":{"line":58,"column":5}},"line":53}},"branchMap":{"0":{"loc":{"start":{"line":23,"column":6},"end":{"line":29,"column":7}},"type":"if","locations":[{"start":{"line":23,"column":6},"end":{"line":29,"column":7}},{"start":{"line":23,"column":6},"end":{"line":29,"column":7}}],"line":23},"1":{"loc":{"start":{"line":44,"column":6},"end":{"line":51,"column":7}},"type":"if","locations":[{"start":{"line":44,"column":6},"end":{"line":51,"column":7}},{"start":{"line":44,"column":6},"end":{"line":51,"column":7}}],"line":44}},"s":{"0":0,"1":0,"2":0,"3":0,"4":0,"5":0,"6":0,"7":0,"8":0,"9":0,"10":0,"11":0,"12":0,"13":0,"14":0,"15":0,"16":0,"17":0,"18":0,"19":0,"20":0,"21":0,"22":0,"23":0,"24":0,"25":0},"f":{"0":0,"1":0,"2":0,"3":0,"4":0,"5":0,"6":0,"7":0,"8":0,"9":0},"b":{"0":[0,0],"1":[0,0]},"hash":"4b76ffe9a44cdc9d8680e57e3d7b2cc19b576a3c"}
}
